TN:
SF:/mnt/c/Users/alana/Documents/USB/TRIMESTRES/SD2025/CI3641 - Lenguajes de Programacion/Examen 3/examen-3-lenguajes-de-programacion/Type-Manager/Functions.hpp
FN:113,125,_Z21collect_struct_fieldsRK13atomic_structRSt6vectorINSt7__cxx1112basic_stringIcSt11char_traitsIcESaIcEEESaIS8_EE
FN:136,168,_Z31sort_struct_fields_by_alignmentRK13atomic_structRSt6vectorINSt7__cxx1112basic_stringIcSt11char_traitsIcESaIcEEESaIS8_EE
FN:142,164,_ZZ31sort_struct_fields_by_alignmentRK13atomic_structRSt6vectorINSt7__cxx1112basic_stringIcSt11char_traitsIcESaIcEEESaIS8_EEENKUlRKS8_SD_E_clESD_SD_
FN:180,201,_Z20can_allocate_n_bytesimRSt6vectorIiSaIiEE
FN:212,280,_Z27print_struct_heuristics_auxSt6vectorINSt7__cxx1112basic_stringIcSt11char_traitsIcESaIcEEESaIS5_EERS_IiSaIiEERmSA_
FN:292,304,_Z23print_struct_heuristicsRK13atomic_structi
FN:312,324,_Z16calc_align_unionRK12atomic_union
FN:334,345,_Z17calc_align_structRK13atomic_struct
FN:355,367,_Z15calc_size_unionRK12atomic_union
FN:376,388,_Z16calc_size_structRK13atomic_struct
FN:401,464,_Z27print_struct_wt_packing_auxRK13atomic_structRSt6vectorIiSaIiEERiS5_
FN:477,507,_Z26print_struct_w_packing_auxRK13atomic_structRSt6vectorIiSaIiEERiS5_
FN:515,524,_Z22print_struct_w_packingRK13atomic_structi
FN:532,541,_Z23print_struct_wt_packingRK13atomic_structi
FN:549,564,_Z11print_unionRK12atomic_unioni
FN:572,589,_Z12print_atomicRK7aatomici
FN:601,610,_Z11push_atomicRSt3mapINSt7__cxx1112basic_stringIcSt11char_traitsIcESaIcEEE11atomic_typeSt4lessIS5_ESaISt4pairIKS5_S6_EEERSA_ii
FN:621,638,_Z11push_structRSt3mapINSt7__cxx1112basic_stringIcSt11char_traitsIcESaIcEEE11atomic_typeSt4lessIS5_ESaISt4pairIKS5_S6_EEERSA_St6vectorIS5_SaIS5_EE
FN:650,665,_Z10push_unionRSt3mapINSt7__cxx1112basic_stringIcSt11char_traitsIcESaIcEEE11atomic_typeSt4lessIS5_ESaISt4pairIKS5_S6_EEERSA_St6vectorIS5_SaIS5_EE
FN:673,682,_Z5splitRKNSt7__cxx1112basic_stringIcSt11char_traitsIcESaIcEEE
FN:690,698,_Z10is_integerRKNSt7__cxx1112basic_stringIcSt11char_traitsIcESaIcEEE
FN:705,752,_Z11print_typesv
FN:83,105,_Z24print_mem_layout_diagramRKSt6vectorIiSaIiEEi
FNDA:18,_Z21collect_struct_fieldsRK13atomic_structRSt6vectorINSt7__cxx1112basic_stringIcSt11char_traitsIcESaIcEEESaIS8_EE
FNDA:10,_Z31sort_struct_fields_by_alignmentRK13atomic_structRSt6vectorINSt7__cxx1112basic_stringIcSt11char_traitsIcESaIcEEESaIS8_EE
FNDA:116,_ZZ31sort_struct_fields_by_alignmentRK13atomic_structRSt6vectorINSt7__cxx1112basic_stringIcSt11char_traitsIcESaIcEEESaIS8_EEENKUlRKS8_SD_E_clESD_SD_
FNDA:232,_Z20can_allocate_n_bytesimRSt6vectorIiSaIiEE
FNDA:6,_Z27print_struct_heuristics_auxSt6vectorINSt7__cxx1112basic_stringIcSt11char_traitsIcESaIcEEESaIS5_EERS_IiSaIiEERmSA_
FNDA:4,_Z23print_struct_heuristicsRK13atomic_structi
FNDA:28,_Z16calc_align_unionRK12atomic_union
FNDA:46,_Z17calc_align_structRK13atomic_struct
FNDA:26,_Z15calc_size_unionRK12atomic_union
FNDA:48,_Z16calc_size_structRK13atomic_struct
FNDA:6,_Z27print_struct_wt_packing_auxRK13atomic_structRSt6vectorIiSaIiEERiS5_
FNDA:6,_Z26print_struct_w_packing_auxRK13atomic_structRSt6vectorIiSaIiEERiS5_
FNDA:4,_Z22print_struct_w_packingRK13atomic_structi
FNDA:4,_Z23print_struct_wt_packingRK13atomic_structi
FNDA:2,_Z11print_unionRK12atomic_unioni
FNDA:2,_Z12print_atomicRK7aatomici
FNDA:338,_Z11push_atomicRSt3mapINSt7__cxx1112basic_stringIcSt11char_traitsIcESaIcEEE11atomic_typeSt4lessIS5_ESaISt4pairIKS5_S6_EEERSA_ii
FNDA:48,_Z11push_structRSt3mapINSt7__cxx1112basic_stringIcSt11char_traitsIcESaIcEEE11atomic_typeSt4lessIS5_ESaISt4pairIKS5_S6_EEERSA_St6vectorIS5_SaIS5_EE
FNDA:28,_Z10push_unionRSt3mapINSt7__cxx1112basic_stringIcSt11char_traitsIcESaIcEEE11atomic_typeSt4lessIS5_ESaISt4pairIKS5_S6_EEERSA_St6vectorIS5_SaIS5_EE
FNDA:2,_Z5splitRKNSt7__cxx1112basic_stringIcSt11char_traitsIcESaIcEEE
FNDA:8,_Z10is_integerRKNSt7__cxx1112basic_stringIcSt11char_traitsIcESaIcEEE
FNDA:2,_Z11print_typesv
FNDA:18,_Z24print_mem_layout_diagramRKSt6vectorIiSaIiEEi
FNF:23
FNH:23
BRDA:87,0,0,280
BRDA:87,0,1,18
BRDA:89,0,0,280
BRDA:89,e0,1,0
BRDA:90,0,0,428
BRDA:90,e0,1,0
BRDA:90,0,2,428
BRDA:90,0,3,280
BRDA:92,0,0,72
BRDA:92,0,1,208
BRDA:93,0,0,72
BRDA:93,e0,1,0
BRDA:93,0,2,72
BRDA:93,e0,3,0
BRDA:93,0,4,72
BRDA:93,e0,5,0
BRDA:93,0,6,72
BRDA:93,e0,7,0
BRDA:93,0,8,72
BRDA:93,e0,9,0
BRDA:93,0,10,72
BRDA:93,e0,11,0
BRDA:95,0,0,66
BRDA:95,0,1,142
BRDA:96,0,0,66
BRDA:96,e0,1,0
BRDA:96,0,2,66
BRDA:96,e0,3,0
BRDA:99,0,0,142
BRDA:99,e0,1,0
BRDA:99,0,2,142
BRDA:99,e0,3,0
BRDA:114,0,0,62
BRDA:114,0,1,18
BRDA:116,0,0,62
BRDA:116,e0,1,0
BRDA:118,0,0,6
BRDA:118,0,1,56
BRDA:119,0,0,6
BRDA:119,e0,1,0
BRDA:120,0,0,6
BRDA:120,e0,1,0
BRDA:121,0,0,4
BRDA:121,0,1,52
BRDA:121,0,2,4
BRDA:121,0,3,0
BRDA:122,0,0,56
BRDA:122,e0,1,0
BRDA:139,0,0,10
BRDA:139,e0,1,0
BRDA:141,0,0,10
BRDA:141,e0,1,0
BRDA:149,0,0,84
BRDA:149,0,1,32
BRDA:151,0,0,0
BRDA:151,0,1,32
BRDA:153,0,0,32
BRDA:153,0,1,0
BRDA:156,0,0,116
BRDA:156,0,1,0
BRDA:158,0,0,-
BRDA:158,0,1,-
BRDA:160,0,0,-
BRDA:160,0,1,-
BRDA:166,0,0,10
BRDA:166,e0,1,0
BRDA:167,0,0,10
BRDA:167,e0,1,0
BRDA:182,0,0,6
BRDA:182,0,1,226
BRDA:188,0,0,20
BRDA:188,0,1,208
BRDA:188,0,2,20
BRDA:188,0,3,0
BRDA:188,0,4,2
BRDA:188,0,5,18
BRDA:188,0,6,2
BRDA:188,0,7,226
BRDA:193,0,0,208
BRDA:193,0,1,18
BRDA:193,0,2,206
BRDA:193,0,3,2
BRDA:193,0,4,206
BRDA:193,0,5,20
BRDA:195,0,0,20
BRDA:195,0,1,0
BRDA:214,0,0,26
BRDA:214,0,1,6
BRDA:216,0,0,26
BRDA:216,e0,1,0
BRDA:216,0,2,24
BRDA:216,0,3,2
BRDA:217,0,0,24
BRDA:217,e0,1,0
BRDA:217,0,2,24
BRDA:217,e0,3,0
BRDA:217,0,4,24
BRDA:217,e0,5,0
BRDA:219,0,0,312
BRDA:219,0,1,24
BRDA:220,0,0,230
BRDA:220,0,1,82
BRDA:220,0,2,24
BRDA:220,0,3,206
BRDA:220,0,4,24
BRDA:220,0,5,288
BRDA:222,0,0,64
BRDA:222,0,1,24
BRDA:223,0,0,2
BRDA:223,0,1,62
BRDA:226,0,0,62
BRDA:226,e0,1,0
BRDA:236,0,0,310
BRDA:236,0,1,2
BRDA:239,0,0,2
BRDA:239,e0,1,0
BRDA:242,0,0,2
BRDA:242,e0,1,0
BRDA:242,0,2,2
BRDA:242,0,3,0
BRDA:243,0,0,2
BRDA:243,e0,1,0
BRDA:243,0,2,2
BRDA:243,e0,3,0
BRDA:243,0,4,2
BRDA:243,e0,5,0
BRDA:245,0,0,16
BRDA:245,0,1,2
BRDA:246,0,0,2
BRDA:246,0,1,14
BRDA:246,0,2,2
BRDA:246,0,3,0
BRDA:246,0,4,2
BRDA:246,0,5,14
BRDA:248,0,0,16
BRDA:248,0,1,2
BRDA:249,0,0,0
BRDA:249,0,1,16
BRDA:252,0,0,16
BRDA:252,e0,1,0
BRDA:262,0,0,16
BRDA:262,0,1,0
BRDA:265,0,0,-
BRDA:265,e0,1,-
BRDA:271,0,0,80
BRDA:271,0,1,6
BRDA:272,0,0,0
BRDA:272,0,1,80
BRDA:294,0,0,4
BRDA:294,e0,1,0
BRDA:298,0,0,4
BRDA:298,e0,1,0
BRDA:299,0,0,4
BRDA:299,e0,1,0
BRDA:299,0,2,4
BRDA:299,e0,3,0
BRDA:301,0,0,4
BRDA:301,e0,1,0
BRDA:301,0,2,4
BRDA:301,e0,3,0
BRDA:301,0,4,4
BRDA:301,e0,5,0
BRDA:301,0,6,4
BRDA:301,e0,7,0
BRDA:301,0,8,4
BRDA:301,e0,9,0
BRDA:301,0,10,4
BRDA:301,e0,11,0
BRDA:301,0,12,4
BRDA:301,e0,13,0
BRDA:303,0,0,4
BRDA:303,e0,1,0
BRDA:314,0,0,84
BRDA:314,0,1,28
BRDA:315,0,0,84
BRDA:315,e0,1,0
BRDA:315,0,2,76
BRDA:315,0,3,8
BRDA:316,0,0,76
BRDA:316,e0,1,0
BRDA:316,0,2,76
BRDA:316,e0,3,0
BRDA:317,0,0,8
BRDA:317,e0,1,0
BRDA:317,0,2,6
BRDA:317,0,3,2
BRDA:318,0,0,6
BRDA:318,e0,1,0
BRDA:318,0,2,6
BRDA:318,e0,3,0
BRDA:319,0,0,2
BRDA:319,e0,1,0
BRDA:319,0,2,2
BRDA:319,0,3,0
BRDA:320,0,0,2
BRDA:320,e0,1,0
BRDA:320,0,2,2
BRDA:320,e0,3,0
BRDA:336,0,0,46
BRDA:336,e0,1,0
BRDA:336,0,2,46
BRDA:336,e0,3,0
BRDA:337,0,0,42
BRDA:337,0,1,4
BRDA:338,0,0,42
BRDA:338,e0,1,0
BRDA:339,0,0,2
BRDA:339,0,1,2
BRDA:340,0,0,2
BRDA:340,e0,1,0
BRDA:341,0,0,2
BRDA:341,0,1,0
BRDA:342,0,0,2
BRDA:342,e0,1,0
BRDA:357,0,0,80
BRDA:357,0,1,26
BRDA:358,0,0,80
BRDA:358,e0,1,0
BRDA:358,0,2,74
BRDA:358,0,3,6
BRDA:359,0,0,74
BRDA:359,e0,1,0
BRDA:359,0,2,74
BRDA:359,e0,3,0
BRDA:360,0,0,6
BRDA:360,e0,1,0
BRDA:360,0,2,4
BRDA:360,0,3,2
BRDA:361,0,0,4
BRDA:361,e0,1,0
BRDA:361,0,2,4
BRDA:361,e0,3,0
BRDA:362,0,0,2
BRDA:362,e0,1,0
BRDA:362,0,2,2
BRDA:362,0,3,0
BRDA:363,0,0,2
BRDA:363,e0,1,0
BRDA:363,0,2,2
BRDA:363,e0,3,0
BRDA:378,0,0,174
BRDA:378,0,1,48
BRDA:379,0,0,174
BRDA:379,e0,1,0
BRDA:379,0,2,152
BRDA:379,0,3,22
BRDA:380,0,0,152
BRDA:380,e0,1,0
BRDA:380,0,2,152
BRDA:380,e0,3,0
BRDA:381,0,0,22
BRDA:381,e0,1,0
BRDA:381,0,2,12
BRDA:381,0,3,10
BRDA:382,0,0,12
BRDA:382,e0,1,0
BRDA:382,0,2,12
BRDA:382,e0,3,0
BRDA:383,0,0,10
BRDA:383,e0,1,0
BRDA:383,0,2,10
BRDA:383,0,3,0
BRDA:384,0,0,10
BRDA:384,e0,1,0
BRDA:384,0,2,10
BRDA:384,e0,3,0
BRDA:403,0,0,24
BRDA:403,0,1,6
BRDA:404,0,0,24
BRDA:404,e0,1,0
BRDA:404,0,2,20
BRDA:404,0,3,4
BRDA:405,0,0,20
BRDA:405,e0,1,0
BRDA:405,0,2,20
BRDA:405,e0,3,0
BRDA:405,0,4,20
BRDA:405,e0,5,0
BRDA:407,0,0,14
BRDA:407,0,1,6
BRDA:409,0,0,30
BRDA:409,0,1,14
BRDA:410,0,0,30
BRDA:410,e0,1,0
BRDA:417,0,0,16
BRDA:417,0,1,6
BRDA:418,0,0,16
BRDA:418,e0,1,0
BRDA:423,0,0,24
BRDA:423,0,1,6
BRDA:424,0,0,24
BRDA:424,e0,1,0
BRDA:431,0,0,4
BRDA:431,e0,1,0
BRDA:431,0,2,2
BRDA:431,0,3,2
BRDA:432,0,0,2
BRDA:432,e0,1,0
BRDA:432,0,2,2
BRDA:432,e0,3,0
BRDA:432,0,4,2
BRDA:432,e0,5,0
BRDA:433,0,0,2
BRDA:433,e0,1,0
BRDA:434,0,0,2
BRDA:434,e0,1,0
BRDA:434,0,2,2
BRDA:434,0,3,0
BRDA:435,0,0,2
BRDA:435,e0,1,0
BRDA:435,0,2,2
BRDA:435,e0,3,0
BRDA:435,0,4,2
BRDA:435,e0,5,0
BRDA:436,0,0,0
BRDA:436,0,1,2
BRDA:438,0,0,-
BRDA:438,0,1,-
BRDA:439,0,0,-
BRDA:439,e0,1,-
BRDA:446,0,0,14
BRDA:446,0,1,2
BRDA:447,0,0,14
BRDA:447,e0,1,0
BRDA:452,0,0,16
BRDA:452,0,1,2
BRDA:453,0,0,16
BRDA:453,e0,1,0
BRDA:479,0,0,24
BRDA:479,0,1,6
BRDA:480,0,0,24
BRDA:480,e0,1,0
BRDA:480,0,2,20
BRDA:480,0,3,4
BRDA:481,0,0,20
BRDA:481,e0,1,0
BRDA:481,0,2,20
BRDA:481,e0,3,0
BRDA:481,0,4,20
BRDA:481,e0,5,0
BRDA:483,0,0,54
BRDA:483,0,1,20
BRDA:484,0,0,54
BRDA:484,e0,1,0
BRDA:490,0,0,4
BRDA:490,e0,1,0
BRDA:490,0,2,2
BRDA:490,0,3,2
BRDA:491,0,0,2
BRDA:491,e0,1,0
BRDA:491,0,2,2
BRDA:491,e0,3,0
BRDA:491,0,4,2
BRDA:491,e0,5,0
BRDA:492,0,0,2
BRDA:492,e0,1,0
BRDA:493,0,0,2
BRDA:493,e0,1,0
BRDA:493,0,2,2
BRDA:493,0,3,0
BRDA:494,0,0,2
BRDA:494,e0,1,0
BRDA:494,0,2,2
BRDA:494,e0,3,0
BRDA:494,0,4,2
BRDA:494,e0,5,0
BRDA:496,0,0,16
BRDA:496,0,1,2
BRDA:497,0,0,16
BRDA:497,e0,1,0
BRDA:518,0,0,4
BRDA:518,e0,1,0
BRDA:519,0,0,4
BRDA:519,e0,1,0
BRDA:521,0,0,4
BRDA:521,e0,1,0
BRDA:521,0,2,4
BRDA:521,e0,3,0
BRDA:521,0,4,4
BRDA:521,e0,5,0
BRDA:521,0,6,4
BRDA:521,e0,7,0
BRDA:521,0,8,4
BRDA:521,e0,9,0
BRDA:521,0,10,4
BRDA:521,e0,11,0
BRDA:521,0,12,4
BRDA:521,e0,13,0
BRDA:523,0,0,4
BRDA:523,e0,1,0
BRDA:535,0,0,4
BRDA:535,e0,1,0
BRDA:536,0,0,4
BRDA:536,e0,1,0
BRDA:538,0,0,4
BRDA:538,e0,1,0
BRDA:538,0,2,4
BRDA:538,e0,3,0
BRDA:538,0,4,4
BRDA:538,e0,5,0
BRDA:538,0,6,4
BRDA:538,e0,7,0
BRDA:538,0,8,4
BRDA:538,e0,9,0
BRDA:538,0,10,4
BRDA:538,e0,11,0
BRDA:538,0,12,4
BRDA:538,e0,13,0
BRDA:540,0,0,4
BRDA:540,e0,1,0
BRDA:551,0,0,0
BRDA:551,0,1,2
BRDA:554,0,0,2
BRDA:554,e0,1,0
BRDA:556,0,0,8
BRDA:556,0,1,2
BRDA:560,0,0,2
BRDA:560,e0,1,0
BRDA:562,0,0,2
BRDA:562,e0,1,0
BRDA:562,0,2,2
BRDA:562,e0,3,0
BRDA:562,0,4,2
BRDA:562,e0,5,0
BRDA:562,0,6,2
BRDA:562,e0,7,0
BRDA:562,0,8,2
BRDA:562,e0,9,0
BRDA:562,0,10,2
BRDA:562,e0,11,0
BRDA:562,0,12,2
BRDA:562,e0,13,0
BRDA:562,0,14,2
BRDA:562,e0,15,0
BRDA:575,0,0,0
BRDA:575,0,1,2
BRDA:579,0,0,2
BRDA:579,e0,1,0
BRDA:581,0,0,16
BRDA:581,0,1,2
BRDA:585,0,0,2
BRDA:585,e0,1,0
BRDA:587,0,0,2
BRDA:587,e0,1,0
BRDA:587,0,2,2
BRDA:587,e0,3,0
BRDA:587,0,4,2
BRDA:587,e0,5,0
BRDA:587,0,6,2
BRDA:587,e0,7,0
BRDA:587,0,8,2
BRDA:587,e0,9,0
BRDA:587,0,10,2
BRDA:587,e0,11,0
BRDA:587,0,12,2
BRDA:587,e0,13,0
BRDA:587,0,14,2
BRDA:587,e0,15,0
BRDA:602,0,0,338
BRDA:602,0,1,0
BRDA:602,0,2,0
BRDA:602,0,3,338
BRDA:603,0,0,-
BRDA:603,e0,1,-
BRDA:608,0,0,338
BRDA:608,e0,1,0
BRDA:609,0,0,338
BRDA:609,e0,1,0
BRDA:609,0,2,338
BRDA:609,e0,3,0
BRDA:623,0,0,180
BRDA:623,0,1,44
BRDA:624,0,0,4
BRDA:624,0,1,176
BRDA:625,0,0,4
BRDA:625,e0,1,0
BRDA:625,0,2,4
BRDA:625,e0,3,0
BRDA:625,0,4,4
BRDA:625,e0,5,0
BRDA:631,0,0,44
BRDA:631,e0,1,0
BRDA:631,0,2,44
BRDA:631,e0,3,0
BRDA:631,0,4,0
BRDA:631,0,5,0
BRDA:632,0,0,44
BRDA:632,e0,1,0
BRDA:633,0,0,44
BRDA:633,e0,1,0
BRDA:633,0,2,44
BRDA:633,e0,3,0
BRDA:634,0,0,44
BRDA:634,e0,1,0
BRDA:634,0,2,44
BRDA:634,e0,3,0
BRDA:637,0,0,44
BRDA:637,e0,1,0
BRDA:637,0,2,44
BRDA:637,e0,3,0
BRDA:651,0,0,90
BRDA:651,0,1,24
BRDA:652,0,0,4
BRDA:652,0,1,86
BRDA:653,0,0,4
BRDA:653,e0,1,0
BRDA:653,0,2,4
BRDA:653,e0,3,0
BRDA:653,0,4,4
BRDA:653,e0,5,0
BRDA:658,0,0,24
BRDA:658,e0,1,0
BRDA:658,0,2,24
BRDA:658,e0,3,0
BRDA:658,0,4,0
BRDA:658,0,5,0
BRDA:659,0,0,24
BRDA:659,e0,1,0
BRDA:660,0,0,24
BRDA:660,e0,1,0
BRDA:660,0,2,24
BRDA:660,e0,3,0
BRDA:661,0,0,24
BRDA:661,e0,1,0
BRDA:661,0,2,24
BRDA:661,e0,3,0
BRDA:664,0,0,24
BRDA:664,e0,1,0
BRDA:664,0,2,24
BRDA:664,e0,3,0
BRDA:676,0,0,2
BRDA:676,e0,1,0
BRDA:678,0,0,10
BRDA:678,e0,1,0
BRDA:678,0,2,10
BRDA:678,e0,3,0
BRDA:678,0,4,8
BRDA:678,0,5,2
BRDA:679,0,0,8
BRDA:679,e0,1,0
BRDA:693,0,0,6
BRDA:693,e0,1,2
BRDA:697,0,0,2
BRDA:697,e0,1,0
BRDA:706,0,0,18
BRDA:706,0,1,2
BRDA:707,0,0,18
BRDA:707,e0,1,0
BRDA:707,0,2,18
BRDA:707,e0,3,0
BRDA:707,0,4,18
BRDA:707,e0,5,0
BRDA:709,0,0,14
BRDA:709,0,1,2
BRDA:709,0,2,2
BRDA:709,0,3,0
BRDA:711,0,0,14
BRDA:711,e0,1,0
BRDA:712,0,0,14
BRDA:712,e0,1,0
BRDA:713,0,0,14
BRDA:713,e0,1,0
BRDA:713,0,2,14
BRDA:713,e0,3,0
BRDA:713,0,4,14
BRDA:713,e0,5,0
BRDA:713,0,6,14
BRDA:713,e0,7,0
BRDA:713,0,8,14
BRDA:713,e0,9,0
BRDA:718,0,0,2
BRDA:718,e0,1,0
BRDA:719,0,0,2
BRDA:719,e0,1,0
BRDA:720,0,0,2
BRDA:720,e0,1,0
BRDA:721,0,0,4
BRDA:721,0,1,2
BRDA:722,0,0,4
BRDA:722,e0,1,0
BRDA:722,0,2,4
BRDA:722,e0,3,0
BRDA:726,0,0,2
BRDA:726,e0,1,0
BRDA:727,0,0,2
BRDA:727,e0,1,0
BRDA:727,0,2,2
BRDA:727,e0,3,0
BRDA:727,0,4,2
BRDA:727,e0,5,0
BRDA:727,0,6,2
BRDA:727,e0,7,0
BRDA:728,0,0,2
BRDA:728,e0,1,0
BRDA:728,0,2,2
BRDA:728,e0,3,0
BRDA:728,0,4,2
BRDA:728,e0,5,0
BRDA:728,0,6,2
BRDA:728,e0,7,0
BRDA:729,0,0,2
BRDA:729,e0,1,0
BRDA:729,0,2,2
BRDA:729,e0,3,0
BRDA:730,0,0,4
BRDA:730,0,1,2
BRDA:731,0,0,4
BRDA:731,e0,1,0
BRDA:731,0,2,4
BRDA:731,e0,3,0
BRDA:731,0,4,4
BRDA:731,e0,5,0
BRDA:733,0,0,2
BRDA:733,e0,1,0
BRDA:738,0,0,2
BRDA:738,e0,1,0
BRDA:739,0,0,2
BRDA:739,e0,1,0
BRDA:740,0,0,2
BRDA:740,e0,1,0
BRDA:741,0,0,4
BRDA:741,0,1,2
BRDA:742,0,0,4
BRDA:742,e0,1,0
BRDA:742,0,2,4
BRDA:742,e0,3,0
BRDA:744,0,0,2
BRDA:744,e0,1,0
BRDA:744,0,2,2
BRDA:744,e0,3,0
BRDA:744,0,4,2
BRDA:744,e0,5,0
BRDA:744,0,6,2
BRDA:744,e0,7,0
BRDA:745,0,0,2
BRDA:745,e0,1,0
BRDA:745,0,2,2
BRDA:745,e0,3,0
BRDA:745,0,4,2
BRDA:745,e0,5,0
BRDA:745,0,6,2
BRDA:745,e0,7,0
BRDA:750,0,0,18
BRDA:750,e0,1,0
BRF:644
BRH:381
DA:83,18
DA:85,18
DA:87,298
DA:89,280
DA:90,708
DA:92,280
DA:93,72
DA:95,208
DA:96,66
DA:99,142
DA:101,280
DA:103,18
DA:104,18
DA:105,18
DA:113,18
DA:114,80
DA:116,62
DA:118,62
DA:119,6
DA:120,6
DA:121,56
DA:122,56
DA:125,18
DA:136,10
DA:137,10
DA:139,10
DA:141,10
DA:142,116
DA:143,116
DA:144,116
DA:146,116
DA:147,116
DA:149,116
DA:150,84
DA:151,32
DA:152,0
DA:153,32
DA:154,32
DA:156,116
DA:157,116
DA:158,0
DA:159,0
DA:160,0
DA:161,0
DA:163,116
DA:166,10
DA:167,20
DA:168,10
DA:180,232
DA:182,232
DA:183,6
DA:186,226
DA:188,228
DA:189,2
DA:190,2
DA:193,226
DA:194,206
DA:195,20
DA:197,20
DA:200,0
DA:212,6
DA:214,32
DA:215,26
DA:216,26
DA:217,24
DA:219,336
DA:220,312
DA:221,24
DA:222,88
DA:223,64
DA:224,2
DA:226,62
DA:228,64
DA:229,64
DA:230,64
DA:232,24
DA:233,24
DA:236,312
DA:237,310
DA:239,2
DA:242,26
DA:243,2
DA:245,18
DA:246,16
DA:247,2
DA:248,18
DA:249,16
DA:250,0
DA:252,16
DA:254,16
DA:255,16
DA:256,16
DA:258,2
DA:259,2
DA:262,16
DA:263,16
DA:265,0
DA:268,2
DA:271,86
DA:272,80
DA:273,0
DA:277,6
DA:279,6
DA:292,4
DA:293,4
DA:294,4
DA:296,4
DA:297,4
DA:298,8
DA:299,4
DA:301,4
DA:303,4
DA:304,4
DA:312,28
DA:313,28
DA:314,112
DA:315,84
DA:316,76
DA:317,8
DA:318,6
DA:319,2
DA:320,2
DA:323,28
DA:334,46
DA:335,46
DA:336,46
DA:337,46
DA:338,42
DA:339,4
DA:340,2
DA:341,2
DA:342,2
DA:344,46
DA:345,46
DA:355,26
DA:356,26
DA:357,106
DA:358,80
DA:359,74
DA:360,6
DA:361,4
DA:362,2
DA:363,2
DA:366,26
DA:376,48
DA:377,48
DA:378,222
DA:379,174
DA:380,152
DA:381,22
DA:382,12
DA:383,10
DA:384,10
DA:387,48
DA:401,6
DA:403,30
DA:404,24
DA:405,20
DA:407,20
DA:408,14
DA:409,44
DA:410,30
DA:411,30
DA:412,30
DA:413,30
DA:416,6
DA:417,22
DA:418,16
DA:419,16
DA:420,16
DA:422,6
DA:423,30
DA:424,24
DA:425,24
DA:426,24
DA:427,24
DA:430,20
DA:431,4
DA:432,2
DA:433,2
DA:434,4
DA:435,2
DA:436,2
DA:437,0
DA:438,0
DA:439,0
DA:440,0
DA:441,0
DA:442,0
DA:445,2
DA:446,16
DA:447,14
DA:448,14
DA:449,14
DA:451,2
DA:452,18
DA:453,16
DA:454,16
DA:455,16
DA:456,16
DA:459,2
DA:461,6
DA:463,6
DA:477,6
DA:479,30
DA:480,24
DA:481,20
DA:482,20
DA:483,74
DA:484,54
DA:485,54
DA:486,54
DA:487,54
DA:489,20
DA:490,4
DA:491,2
DA:492,2
DA:493,4
DA:494,2
DA:495,2
DA:496,18
DA:497,16
DA:498,16
DA:499,16
DA:500,16
DA:502,2
DA:504,6
DA:506,6
DA:515,4
DA:516,4
DA:517,4
DA:518,8
DA:519,4
DA:521,4
DA:523,4
DA:524,4
DA:532,4
DA:533,4
DA:534,4
DA:535,8
DA:536,4
DA:538,4
DA:540,4
DA:541,4
DA:549,2
DA:550,2
DA:551,2
DA:552,0
DA:554,2
DA:556,10
DA:557,8
DA:560,2
DA:562,2
DA:564,2
DA:572,2
DA:573,2
DA:575,2
DA:576,0
DA:579,2
DA:581,18
DA:582,16
DA:585,2
DA:587,2
DA:589,2
DA:601,338
DA:602,338
DA:603,0
DA:606,338
DA:607,338
DA:608,338
DA:609,338
DA:610,338
DA:621,48
DA:623,224
DA:624,180
DA:625,4
DA:629,44
DA:630,44
DA:631,44
DA:632,44
DA:633,44
DA:634,44
DA:635,44
DA:636,44
DA:637,44
DA:638,44
DA:650,28
DA:651,114
DA:652,90
DA:653,4
DA:656,24
DA:657,24
DA:658,24
DA:659,24
DA:660,24
DA:661,24
DA:662,24
DA:663,24
DA:664,24
DA:665,24
DA:673,2
DA:674,2
DA:675,2
DA:676,2
DA:678,10
DA:679,8
DA:681,4
DA:682,2
DA:690,8
DA:693,8
DA:694,6
DA:695,2
DA:696,2
DA:697,2
DA:705,2
DA:706,20
DA:707,18
DA:709,18
DA:710,14
DA:711,14
DA:712,14
DA:713,14
DA:714,14
DA:717,2
DA:718,2
DA:719,2
DA:720,2
DA:721,6
DA:722,4
DA:725,2
DA:726,2
DA:727,2
DA:728,2
DA:729,2
DA:730,6
DA:731,4
DA:733,2
DA:734,2
DA:735,2
DA:737,2
DA:738,2
DA:739,2
DA:740,2
DA:741,6
DA:742,4
DA:744,2
DA:745,2
DA:746,2
DA:750,18
DA:752,2
LF:350
LH:332
end_of_record
TN:
SF:/mnt/c/Users/alana/Documents/USB/TRIMESTRES/SD2025/CI3641 - Lenguajes de Programacion/Examen 3/examen-3-lenguajes-de-programacion/Type-Manager/Tests.cpp
FN:104,113,_ZL20DOCTEST_ANON_FUNC_30v
FN:115,135,_ZL20DOCTEST_ANON_FUNC_32v
FN:137,151,_ZL20DOCTEST_ANON_FUNC_34v
FN:153,171,_ZL20DOCTEST_ANON_FUNC_36v
FN:173,187,_ZL20DOCTEST_ANON_FUNC_38v
FN:18,27,_ZL20DOCTEST_ANON_FUNC_14v
FN:189,210,_ZL20DOCTEST_ANON_FUNC_40v
FN:212,220,_ZL20DOCTEST_ANON_FUNC_42v
FN:222,227,_ZL20DOCTEST_ANON_FUNC_44v
FN:229,234,_ZL20DOCTEST_ANON_FUNC_46v
FN:237,245,_ZL20DOCTEST_ANON_FUNC_48v
FN:247,256,_ZL20DOCTEST_ANON_FUNC_50v
FN:258,267,_ZL20DOCTEST_ANON_FUNC_52v
FN:269,278,_ZL20DOCTEST_ANON_FUNC_54v
FN:280,291,_ZL20DOCTEST_ANON_FUNC_56v
FN:29,37,_ZL20DOCTEST_ANON_FUNC_16v
FN:293,304,_ZL20DOCTEST_ANON_FUNC_58v
FN:306,318,_ZL20DOCTEST_ANON_FUNC_60v
FN:320,329,_ZL20DOCTEST_ANON_FUNC_62v
FN:331,341,_ZL20DOCTEST_ANON_FUNC_64v
FN:343,353,_ZL20DOCTEST_ANON_FUNC_66v
FN:355,363,_ZL20DOCTEST_ANON_FUNC_69v
FN:365,371,_ZL20DOCTEST_ANON_FUNC_72v
FN:39,48,_ZL20DOCTEST_ANON_FUNC_18v
FN:50,59,_ZL20DOCTEST_ANON_FUNC_20v
FN:61,69,_ZL20DOCTEST_ANON_FUNC_22v
FN:7,16,_Z19setup_basic_atomicsv
FN:71,80,_ZL20DOCTEST_ANON_FUNC_24v
FN:82,91,_ZL20DOCTEST_ANON_FUNC_26v
FN:93,102,_ZL20DOCTEST_ANON_FUNC_28v
FNDA:2,_ZL20DOCTEST_ANON_FUNC_30v
FNDA:2,_ZL20DOCTEST_ANON_FUNC_32v
FNDA:2,_ZL20DOCTEST_ANON_FUNC_34v
FNDA:2,_ZL20DOCTEST_ANON_FUNC_36v
FNDA:2,_ZL20DOCTEST_ANON_FUNC_38v
FNDA:2,_ZL20DOCTEST_ANON_FUNC_14v
FNDA:2,_ZL20DOCTEST_ANON_FUNC_40v
FNDA:2,_ZL20DOCTEST_ANON_FUNC_42v
FNDA:2,_ZL20DOCTEST_ANON_FUNC_44v
FNDA:2,_ZL20DOCTEST_ANON_FUNC_46v
FNDA:2,_ZL20DOCTEST_ANON_FUNC_48v
FNDA:2,_ZL20DOCTEST_ANON_FUNC_50v
FNDA:2,_ZL20DOCTEST_ANON_FUNC_52v
FNDA:2,_ZL20DOCTEST_ANON_FUNC_54v
FNDA:2,_ZL20DOCTEST_ANON_FUNC_56v
FNDA:2,_ZL20DOCTEST_ANON_FUNC_16v
FNDA:2,_ZL20DOCTEST_ANON_FUNC_58v
FNDA:2,_ZL20DOCTEST_ANON_FUNC_60v
FNDA:2,_ZL20DOCTEST_ANON_FUNC_62v
FNDA:2,_ZL20DOCTEST_ANON_FUNC_64v
FNDA:2,_ZL20DOCTEST_ANON_FUNC_66v
FNDA:2,_ZL20DOCTEST_ANON_FUNC_69v
FNDA:2,_ZL20DOCTEST_ANON_FUNC_72v
FNDA:2,_ZL20DOCTEST_ANON_FUNC_18v
FNDA:2,_ZL20DOCTEST_ANON_FUNC_20v
FNDA:2,_ZL20DOCTEST_ANON_FUNC_22v
FNDA:48,_Z19setup_basic_atomicsv
FNDA:2,_ZL20DOCTEST_ANON_FUNC_24v
FNDA:2,_ZL20DOCTEST_ANON_FUNC_26v
FNDA:2,_ZL20DOCTEST_ANON_FUNC_28v
FNF:30
FNH:30
BRDA:9,0,0,48
BRDA:9,e0,1,0
BRDA:9,0,2,48
BRDA:9,e0,3,0
BRDA:10,0,0,48
BRDA:10,e0,1,0
BRDA:10,0,2,48
BRDA:10,e0,3,0
BRDA:11,0,0,48
BRDA:11,e0,1,0
BRDA:11,0,2,48
BRDA:11,e0,3,0
BRDA:12,0,0,48
BRDA:12,e0,1,0
BRDA:12,0,2,48
BRDA:12,e0,3,0
BRDA:13,0,0,48
BRDA:13,e0,1,0
BRDA:13,0,2,48
BRDA:13,e0,3,0
BRDA:14,0,0,48
BRDA:14,e0,1,0
BRDA:14,0,2,48
BRDA:14,e0,3,0
BRDA:15,0,0,48
BRDA:15,e0,1,0
BRDA:15,0,2,48
BRDA:15,e0,3,0
BRDA:20,0,0,2
BRDA:20,e0,1,0
BRDA:20,0,2,2
BRDA:20,e0,3,0
BRDA:21,0,0,2
BRDA:21,e0,1,0
BRDA:21,0,2,2
BRDA:21,e0,3,0
BRDA:21,0,4,2
BRDA:21,e0,5,0
BRDA:21,0,6,2
BRDA:21,e0,7,0
BRDA:21,0,8,2
BRDA:21,e0,9,0
BRDA:21,0,10,2
BRDA:21,e0,11,0
BRDA:21,0,12,2
BRDA:21,e0,13,0
BRDA:21,0,14,2
BRDA:21,e0,15,0
BRDA:21,0,16,0
BRDA:21,0,17,2
BRDA:21,0,18,2
BRDA:21,e0,19,0
BRDA:21,0,20,0
BRDA:21,e0,21,0
BRDA:21,0,22,0
BRDA:21,e0,23,0
BRDA:22,0,0,2
BRDA:22,e0,1,0
BRDA:22,0,2,2
BRDA:22,e0,3,0
BRDA:22,0,4,2
BRDA:22,e0,5,0
BRDA:22,0,6,2
BRDA:22,e0,7,0
BRDA:22,0,8,2
BRDA:22,e0,9,0
BRDA:22,0,10,2
BRDA:22,e0,11,0
BRDA:22,0,12,2
BRDA:22,e0,13,0
BRDA:22,0,14,2
BRDA:22,e0,15,0
BRDA:22,0,16,0
BRDA:22,0,17,2
BRDA:22,0,18,2
BRDA:22,e0,19,0
BRDA:22,0,20,0
BRDA:22,e0,21,0
BRDA:22,0,22,0
BRDA:22,e0,23,0
BRDA:23,0,0,2
BRDA:23,e0,1,0
BRDA:23,0,2,2
BRDA:23,e0,3,0
BRDA:23,0,4,2
BRDA:23,e0,5,0
BRDA:24,0,0,2
BRDA:24,e0,1,0
BRDA:24,0,2,2
BRDA:24,e0,3,0
BRDA:24,0,4,2
BRDA:24,e0,5,0
BRDA:24,0,6,2
BRDA:24,e0,7,0
BRDA:24,0,8,2
BRDA:24,e0,9,0
BRDA:24,0,10,2
BRDA:24,e0,11,0
BRDA:24,0,12,0
BRDA:24,0,13,2
BRDA:24,0,14,2
BRDA:24,e0,15,0
BRDA:24,0,16,0
BRDA:24,e0,17,0
BRDA:24,0,18,0
BRDA:24,e0,19,0
BRDA:25,0,0,2
BRDA:25,e0,1,0
BRDA:25,0,2,2
BRDA:25,e0,3,0
BRDA:25,0,4,2
BRDA:25,e0,5,0
BRDA:25,0,6,2
BRDA:25,e0,7,0
BRDA:25,0,8,2
BRDA:25,e0,9,0
BRDA:25,0,10,2
BRDA:25,e0,11,0
BRDA:25,0,12,0
BRDA:25,0,13,2
BRDA:25,0,14,2
BRDA:25,e0,15,0
BRDA:25,0,16,0
BRDA:25,e0,17,0
BRDA:25,0,18,0
BRDA:25,e0,19,0
BRDA:26,0,0,2
BRDA:26,e0,1,0
BRDA:26,0,2,2
BRDA:26,e0,3,0
BRDA:26,0,4,2
BRDA:26,e0,5,0
BRDA:26,0,6,2
BRDA:26,e0,7,0
BRDA:26,0,8,2
BRDA:26,e0,9,0
BRDA:26,0,10,2
BRDA:26,e0,11,0
BRDA:26,0,12,0
BRDA:26,0,13,2
BRDA:26,0,14,2
BRDA:26,e0,15,0
BRDA:26,0,16,0
BRDA:26,e0,17,0
BRDA:26,0,18,0
BRDA:26,e0,19,0
BRDA:31,0,0,2
BRDA:31,e0,1,0
BRDA:32,0,0,2
BRDA:32,e0,1,0
BRDA:32,0,2,2
BRDA:32,e0,3,0
BRDA:32,0,4,2
BRDA:32,e0,5,0
BRDA:33,0,0,2
BRDA:33,e0,1,0
BRDA:33,0,2,2
BRDA:33,e0,3,0
BRDA:33,0,4,2
BRDA:33,e0,5,0
BRDA:33,0,6,2
BRDA:33,e0,7,0
BRDA:34,0,0,2
BRDA:34,e0,1,0
BRDA:34,0,2,2
BRDA:34,e0,3,0
BRDA:34,0,4,2
BRDA:34,e0,5,0
BRDA:34,0,6,2
BRDA:34,e0,7,0
BRDA:34,0,8,2
BRDA:34,e0,9,0
BRDA:34,0,10,2
BRDA:34,e0,11,0
BRDA:34,0,12,0
BRDA:34,0,13,2
BRDA:34,0,14,2
BRDA:34,e0,15,0
BRDA:34,0,16,0
BRDA:34,e0,17,0
BRDA:34,0,18,0
BRDA:34,e0,19,0
BRDA:35,0,0,2
BRDA:35,e0,1,0
BRDA:35,0,2,2
BRDA:35,e0,3,0
BRDA:35,0,4,2
BRDA:35,e0,5,0
BRDA:35,0,6,2
BRDA:35,e0,7,0
BRDA:35,0,8,2
BRDA:35,e0,9,0
BRDA:35,0,10,2
BRDA:35,e0,11,0
BRDA:35,0,12,0
BRDA:35,0,13,2
BRDA:35,0,14,2
BRDA:35,e0,15,0
BRDA:35,0,16,0
BRDA:35,e0,17,0
BRDA:35,0,18,0
BRDA:35,e0,19,0
BRDA:36,0,0,2
BRDA:36,e0,1,0
BRDA:36,0,2,2
BRDA:36,e0,3,0
BRDA:36,0,4,2
BRDA:36,e0,5,0
BRDA:36,0,6,2
BRDA:36,e0,7,0
BRDA:36,0,8,2
BRDA:36,e0,9,0
BRDA:36,0,10,2
BRDA:36,e0,11,0
BRDA:36,0,12,0
BRDA:36,0,13,2
BRDA:36,0,14,2
BRDA:36,e0,15,0
BRDA:36,0,16,0
BRDA:36,e0,17,0
BRDA:36,0,18,0
BRDA:36,e0,19,0
BRDA:41,0,0,2
BRDA:41,e0,1,0
BRDA:42,0,0,2
BRDA:42,e0,1,0
BRDA:42,0,2,2
BRDA:42,e0,3,0
BRDA:42,0,4,2
BRDA:42,e0,5,0
BRDA:43,0,0,2
BRDA:43,e0,1,0
BRDA:43,0,2,2
BRDA:43,e0,3,0
BRDA:43,0,4,2
BRDA:43,e0,5,0
BRDA:44,0,0,2
BRDA:44,e0,1,0
BRDA:44,0,2,2
BRDA:44,e0,3,0
BRDA:44,0,4,2
BRDA:44,e0,5,0
BRDA:44,0,6,2
BRDA:44,e0,7,0
BRDA:45,0,0,2
BRDA:45,e0,1,0
BRDA:45,0,2,2
BRDA:45,e0,3,0
BRDA:45,0,4,2
BRDA:45,e0,5,0
BRDA:45,0,6,2
BRDA:45,e0,7,0
BRDA:45,0,8,2
BRDA:45,e0,9,0
BRDA:45,0,10,2
BRDA:45,e0,11,0
BRDA:45,0,12,0
BRDA:45,0,13,2
BRDA:45,0,14,2
BRDA:45,e0,15,0
BRDA:45,0,16,0
BRDA:45,e0,17,0
BRDA:45,0,18,0
BRDA:45,e0,19,0
BRDA:46,0,0,2
BRDA:46,e0,1,0
BRDA:46,0,2,2
BRDA:46,e0,3,0
BRDA:46,0,4,2
BRDA:46,e0,5,0
BRDA:46,0,6,2
BRDA:46,e0,7,0
BRDA:46,0,8,2
BRDA:46,e0,9,0
BRDA:46,0,10,2
BRDA:46,e0,11,0
BRDA:46,0,12,0
BRDA:46,0,13,2
BRDA:46,0,14,2
BRDA:46,e0,15,0
BRDA:46,0,16,0
BRDA:46,e0,17,0
BRDA:46,0,18,0
BRDA:46,e0,19,0
BRDA:47,0,0,2
BRDA:47,e0,1,0
BRDA:47,0,2,2
BRDA:47,e0,3,0
BRDA:47,0,4,2
BRDA:47,e0,5,0
BRDA:47,0,6,2
BRDA:47,e0,7,0
BRDA:47,0,8,2
BRDA:47,e0,9,0
BRDA:47,0,10,2
BRDA:47,e0,11,0
BRDA:47,0,12,0
BRDA:47,0,13,2
BRDA:47,0,14,2
BRDA:47,e0,15,0
BRDA:47,0,16,0
BRDA:47,e0,17,0
BRDA:47,0,18,0
BRDA:47,e0,19,0
BRDA:53,0,0,2
BRDA:53,0,1,0
BRDA:53,0,2,2
BRDA:53,e0,3,0
BRDA:53,0,4,2
BRDA:53,e0,5,0
BRDA:53,0,6,2
BRDA:53,e0,7,0
BRDA:53,0,8,2
BRDA:53,e0,9,0
BRDA:53,0,10,0
BRDA:53,e0,11,2
BRDA:53,0,12,2
BRDA:53,e0,13,0
BRDA:53,0,14,0
BRDA:53,0,15,2
BRDA:53,0,16,2
BRDA:53,e0,17,0
BRDA:53,0,18,2
BRDA:53,0,19,0
BRDA:53,0,20,2
BRDA:53,e0,21,0
BRDA:53,0,22,0
BRDA:53,e0,23,0
BRDA:53,0,24,0
BRDA:53,e0,25,0
BRDA:63,0,0,2
BRDA:63,e0,1,0
BRDA:64,0,0,2
BRDA:64,e0,1,0
BRDA:64,0,2,2
BRDA:64,e0,3,0
BRDA:64,0,4,2
BRDA:64,e0,5,0
BRDA:65,0,0,2
BRDA:65,e0,1,0
BRDA:65,0,2,2
BRDA:65,e0,3,0
BRDA:65,0,4,2
BRDA:65,e0,5,0
BRDA:65,0,6,2
BRDA:65,e0,7,0
BRDA:66,0,0,2
BRDA:66,e0,1,0
BRDA:66,0,2,2
BRDA:66,e0,3,0
BRDA:66,0,4,2
BRDA:66,e0,5,0
BRDA:66,0,6,2
BRDA:66,e0,7,0
BRDA:66,0,8,2
BRDA:66,e0,9,0
BRDA:66,0,10,2
BRDA:66,e0,11,0
BRDA:66,0,12,0
BRDA:66,0,13,2
BRDA:66,0,14,2
BRDA:66,e0,15,0
BRDA:66,0,16,0
BRDA:66,e0,17,0
BRDA:66,0,18,0
BRDA:66,e0,19,0
BRDA:67,0,0,2
BRDA:67,e0,1,0
BRDA:67,0,2,2
BRDA:67,e0,3,0
BRDA:67,0,4,2
BRDA:67,e0,5,0
BRDA:67,0,6,2
BRDA:67,e0,7,0
BRDA:67,0,8,2
BRDA:67,e0,9,0
BRDA:67,0,10,2
BRDA:67,e0,11,0
BRDA:67,0,12,0
BRDA:67,0,13,2
BRDA:67,0,14,2
BRDA:67,e0,15,0
BRDA:67,0,16,0
BRDA:67,e0,17,0
BRDA:67,0,18,0
BRDA:67,e0,19,0
BRDA:68,0,0,2
BRDA:68,e0,1,0
BRDA:68,0,2,2
BRDA:68,e0,3,0
BRDA:68,0,4,2
BRDA:68,e0,5,0
BRDA:68,0,6,2
BRDA:68,e0,7,0
BRDA:68,0,8,2
BRDA:68,e0,9,0
BRDA:68,0,10,2
BRDA:68,e0,11,0
BRDA:68,0,12,0
BRDA:68,0,13,2
BRDA:68,0,14,2
BRDA:68,e0,15,0
BRDA:68,0,16,0
BRDA:68,e0,17,0
BRDA:68,0,18,0
BRDA:68,e0,19,0
BRDA:73,0,0,2
BRDA:73,e0,1,0
BRDA:74,0,0,2
BRDA:74,e0,1,0
BRDA:74,0,2,2
BRDA:74,e0,3,0
BRDA:74,0,4,2
BRDA:74,e0,5,0
BRDA:75,0,0,2
BRDA:75,e0,1,0
BRDA:75,0,2,2
BRDA:75,e0,3,0
BRDA:75,0,4,2
BRDA:75,e0,5,0
BRDA:76,0,0,2
BRDA:76,e0,1,0
BRDA:76,0,2,2
BRDA:76,e0,3,0
BRDA:76,0,4,2
BRDA:76,e0,5,0
BRDA:76,0,6,2
BRDA:76,e0,7,0
BRDA:77,0,0,2
BRDA:77,e0,1,0
BRDA:77,0,2,2
BRDA:77,e0,3,0
BRDA:77,0,4,2
BRDA:77,e0,5,0
BRDA:77,0,6,2
BRDA:77,e0,7,0
BRDA:77,0,8,2
BRDA:77,e0,9,0
BRDA:77,0,10,2
BRDA:77,e0,11,0
BRDA:77,0,12,0
BRDA:77,0,13,2
BRDA:77,0,14,2
BRDA:77,e0,15,0
BRDA:77,0,16,0
BRDA:77,e0,17,0
BRDA:77,0,18,0
BRDA:77,e0,19,0
BRDA:78,0,0,2
BRDA:78,e0,1,0
BRDA:78,0,2,2
BRDA:78,e0,3,0
BRDA:78,0,4,2
BRDA:78,e0,5,0
BRDA:78,0,6,2
BRDA:78,e0,7,0
BRDA:78,0,8,2
BRDA:78,e0,9,0
BRDA:78,0,10,2
BRDA:78,e0,11,0
BRDA:78,0,12,0
BRDA:78,0,13,2
BRDA:78,0,14,2
BRDA:78,e0,15,0
BRDA:78,0,16,0
BRDA:78,e0,17,0
BRDA:78,0,18,0
BRDA:78,e0,19,0
BRDA:79,0,0,2
BRDA:79,e0,1,0
BRDA:79,0,2,2
BRDA:79,e0,3,0
BRDA:79,0,4,2
BRDA:79,e0,5,0
BRDA:79,0,6,2
BRDA:79,e0,7,0
BRDA:79,0,8,2
BRDA:79,e0,9,0
BRDA:79,0,10,2
BRDA:79,e0,11,0
BRDA:79,0,12,0
BRDA:79,0,13,2
BRDA:79,0,14,2
BRDA:79,e0,15,0
BRDA:79,0,16,0
BRDA:79,e0,17,0
BRDA:79,0,18,0
BRDA:79,e0,19,0
BRDA:85,0,0,2
BRDA:85,0,1,0
BRDA:85,0,2,2
BRDA:85,e0,3,0
BRDA:85,0,4,2
BRDA:85,e0,5,0
BRDA:85,0,6,2
BRDA:85,e0,7,0
BRDA:85,0,8,2
BRDA:85,e0,9,0
BRDA:85,0,10,0
BRDA:85,e0,11,2
BRDA:85,0,12,2
BRDA:85,e0,13,0
BRDA:85,0,14,0
BRDA:85,0,15,2
BRDA:85,0,16,2
BRDA:85,e0,17,0
BRDA:85,0,18,2
BRDA:85,0,19,0
BRDA:85,0,20,2
BRDA:85,e0,21,0
BRDA:85,0,22,0
BRDA:85,e0,23,0
BRDA:85,0,24,0
BRDA:85,e0,25,0
BRDA:95,0,0,2
BRDA:95,e0,1,0
BRDA:96,0,0,2
BRDA:96,e0,1,0
BRDA:96,0,2,2
BRDA:96,e0,3,0
BRDA:96,0,4,2
BRDA:96,e0,5,0
BRDA:97,0,0,2
BRDA:97,e0,1,0
BRDA:97,0,2,2
BRDA:97,e0,3,0
BRDA:97,0,4,2
BRDA:97,e0,5,0
BRDA:98,0,0,2
BRDA:98,e0,1,0
BRDA:98,0,2,2
BRDA:98,e0,3,0
BRDA:98,0,4,2
BRDA:98,e0,5,0
BRDA:98,0,6,2
BRDA:98,e0,7,0
BRDA:99,0,0,2
BRDA:99,e0,1,0
BRDA:99,0,2,2
BRDA:99,e0,3,0
BRDA:99,0,4,2
BRDA:99,e0,5,0
BRDA:99,0,6,2
BRDA:99,e0,7,0
BRDA:99,0,8,2
BRDA:99,e0,9,0
BRDA:99,0,10,2
BRDA:99,e0,11,0
BRDA:99,0,12,0
BRDA:99,0,13,2
BRDA:99,0,14,2
BRDA:99,e0,15,0
BRDA:99,0,16,0
BRDA:99,e0,17,0
BRDA:99,0,18,0
BRDA:99,e0,19,0
BRDA:100,0,0,2
BRDA:100,e0,1,0
BRDA:100,0,2,2
BRDA:100,e0,3,0
BRDA:100,0,4,2
BRDA:100,e0,5,0
BRDA:100,0,6,2
BRDA:100,e0,7,0
BRDA:100,0,8,2
BRDA:100,e0,9,0
BRDA:100,0,10,2
BRDA:100,e0,11,0
BRDA:100,0,12,0
BRDA:100,0,13,2
BRDA:100,0,14,2
BRDA:100,e0,15,0
BRDA:100,0,16,0
BRDA:100,e0,17,0
BRDA:100,0,18,0
BRDA:100,e0,19,0
BRDA:101,0,0,2
BRDA:101,e0,1,0
BRDA:101,0,2,2
BRDA:101,e0,3,0
BRDA:101,0,4,2
BRDA:101,e0,5,0
BRDA:101,0,6,2
BRDA:101,e0,7,0
BRDA:101,0,8,2
BRDA:101,e0,9,0
BRDA:101,0,10,2
BRDA:101,e0,11,0
BRDA:101,0,12,0
BRDA:101,0,13,2
BRDA:101,0,14,2
BRDA:101,e0,15,0
BRDA:101,0,16,0
BRDA:101,e0,17,0
BRDA:101,0,18,0
BRDA:101,e0,19,0
BRDA:106,0,0,2
BRDA:106,e0,1,0
BRDA:107,0,0,2
BRDA:107,e0,1,0
BRDA:107,0,2,2
BRDA:107,e0,3,0
BRDA:107,0,4,2
BRDA:107,e0,5,0
BRDA:108,0,0,2
BRDA:108,e0,1,0
BRDA:108,0,2,2
BRDA:108,e0,3,0
BRDA:108,0,4,2
BRDA:108,e0,5,0
BRDA:109,0,0,2
BRDA:109,e0,1,0
BRDA:109,0,2,2
BRDA:109,e0,3,0
BRDA:109,0,4,2
BRDA:109,e0,5,0
BRDA:109,0,6,2
BRDA:109,e0,7,0
BRDA:110,0,0,2
BRDA:110,e0,1,0
BRDA:110,0,2,2
BRDA:110,e0,3,0
BRDA:110,0,4,2
BRDA:110,e0,5,0
BRDA:110,0,6,2
BRDA:110,e0,7,0
BRDA:110,0,8,2
BRDA:110,e0,9,0
BRDA:110,0,10,2
BRDA:110,e0,11,0
BRDA:110,0,12,0
BRDA:110,0,13,2
BRDA:110,0,14,2
BRDA:110,e0,15,0
BRDA:110,0,16,0
BRDA:110,e0,17,0
BRDA:110,0,18,0
BRDA:110,e0,19,0
BRDA:111,0,0,2
BRDA:111,e0,1,0
BRDA:111,0,2,2
BRDA:111,e0,3,0
BRDA:111,0,4,2
BRDA:111,e0,5,0
BRDA:111,0,6,2
BRDA:111,e0,7,0
BRDA:111,0,8,2
BRDA:111,e0,9,0
BRDA:111,0,10,2
BRDA:111,e0,11,0
BRDA:111,0,12,0
BRDA:111,0,13,2
BRDA:111,0,14,2
BRDA:111,e0,15,0
BRDA:111,0,16,0
BRDA:111,e0,17,0
BRDA:111,0,18,0
BRDA:111,e0,19,0
BRDA:112,0,0,2
BRDA:112,e0,1,0
BRDA:112,0,2,2
BRDA:112,e0,3,0
BRDA:112,0,4,2
BRDA:112,e0,5,0
BRDA:112,0,6,2
BRDA:112,e0,7,0
BRDA:112,0,8,2
BRDA:112,e0,9,0
BRDA:112,0,10,2
BRDA:112,e0,11,0
BRDA:112,0,12,0
BRDA:112,0,13,2
BRDA:112,0,14,2
BRDA:112,e0,15,0
BRDA:112,0,16,0
BRDA:112,e0,17,0
BRDA:112,0,18,0
BRDA:112,e0,19,0
BRDA:116,0,0,2
BRDA:116,e0,1,0
BRDA:119,0,0,2
BRDA:119,e0,1,0
BRDA:120,0,0,2
BRDA:120,e0,1,0
BRDA:120,0,2,2
BRDA:120,e0,3,0
BRDA:120,0,4,2
BRDA:120,e0,5,0
BRDA:122,0,0,2
BRDA:122,e0,1,0
BRDA:122,0,2,2
BRDA:122,e0,3,0
BRDA:122,0,4,2
BRDA:122,e0,5,0
BRDA:122,0,6,2
BRDA:122,e0,7,0
BRDA:122,0,8,2
BRDA:122,e0,9,0
BRDA:122,0,10,2
BRDA:122,e0,11,0
BRDA:122,0,12,2
BRDA:122,e0,13,0
BRDA:122,0,14,2
BRDA:122,e0,15,0
BRDA:122,0,16,0
BRDA:122,0,17,2
BRDA:122,0,18,2
BRDA:122,e0,19,0
BRDA:122,0,20,0
BRDA:122,e0,21,0
BRDA:122,0,22,0
BRDA:122,e0,23,0
BRDA:123,0,0,2
BRDA:123,e0,1,0
BRDA:123,0,2,2
BRDA:123,e0,3,0
BRDA:123,0,4,2
BRDA:123,e0,5,0
BRDA:123,0,6,2
BRDA:123,e0,7,0
BRDA:123,0,8,2
BRDA:123,e0,9,0
BRDA:123,0,10,2
BRDA:123,e0,11,0
BRDA:123,0,12,2
BRDA:123,e0,13,0
BRDA:123,0,14,2
BRDA:123,e0,15,0
BRDA:123,0,16,0
BRDA:123,0,17,2
BRDA:123,0,18,2
BRDA:123,e0,19,0
BRDA:123,0,20,0
BRDA:123,e0,21,0
BRDA:123,0,22,0
BRDA:123,e0,23,0
BRDA:125,0,0,2
BRDA:125,e0,1,0
BRDA:125,0,2,2
BRDA:125,e0,3,0
BRDA:125,0,4,2
BRDA:125,e0,5,0
BRDA:128,0,0,2
BRDA:128,e0,1,0
BRDA:128,0,2,2
BRDA:128,e0,3,0
BRDA:128,0,4,2
BRDA:128,e0,5,0
BRDA:129,0,0,2
BRDA:129,e0,1,0
BRDA:129,0,2,2
BRDA:129,e0,3,0
BRDA:129,0,4,2
BRDA:129,e0,5,0
BRDA:130,0,0,2
BRDA:130,e0,1,0
BRDA:130,0,2,2
BRDA:130,e0,3,0
BRDA:130,0,4,2
BRDA:130,e0,5,0
BRDA:131,0,0,2
BRDA:131,e0,1,0
BRDA:131,0,2,2
BRDA:131,e0,3,0
BRDA:131,0,4,2
BRDA:131,e0,5,0
BRDA:131,0,6,2
BRDA:131,e0,7,0
BRDA:131,0,8,2
BRDA:131,e0,9,0
BRDA:131,0,10,2
BRDA:131,e0,11,0
BRDA:131,0,12,2
BRDA:131,e0,13,0
BRDA:131,0,14,0
BRDA:131,0,15,2
BRDA:131,0,16,2
BRDA:131,e0,17,0
BRDA:131,0,18,0
BRDA:131,e0,19,0
BRDA:131,0,20,0
BRDA:131,e0,21,0
BRDA:134,0,0,2
BRDA:134,e0,1,0
BRDA:134,0,2,2
BRDA:134,e0,3,0
BRDA:134,0,4,2
BRDA:134,e0,5,0
BRDA:134,0,6,2
BRDA:134,e0,7,0
BRDA:134,0,8,2
BRDA:134,e0,9,0
BRDA:134,0,10,2
BRDA:134,e0,11,0
BRDA:134,0,12,2
BRDA:134,e0,13,0
BRDA:134,0,14,2
BRDA:134,e0,15,0
BRDA:134,0,16,2
BRDA:134,e0,17,0
BRDA:134,0,18,2
BRDA:134,e0,19,0
BRDA:134,0,20,0
BRDA:134,0,21,2
BRDA:134,0,22,2
BRDA:134,e0,23,0
BRDA:134,0,24,0
BRDA:134,e0,25,0
BRDA:134,0,26,0
BRDA:134,e0,27,0
BRDA:138,0,0,2
BRDA:138,e0,1,0
BRDA:141,0,0,2
BRDA:141,e0,1,0
BRDA:142,0,0,2
BRDA:142,e0,1,0
BRDA:142,0,2,2
BRDA:142,e0,3,0
BRDA:142,0,4,2
BRDA:142,e0,5,0
BRDA:144,0,0,2
BRDA:144,e0,1,0
BRDA:144,0,2,2
BRDA:144,e0,3,0
BRDA:144,0,4,2
BRDA:144,e0,5,0
BRDA:144,0,6,2
BRDA:144,e0,7,0
BRDA:144,0,8,2
BRDA:144,e0,9,0
BRDA:144,0,10,2
BRDA:144,e0,11,0
BRDA:144,0,12,2
BRDA:144,e0,13,0
BRDA:144,0,14,2
BRDA:144,e0,15,0
BRDA:144,0,16,0
BRDA:144,0,17,2
BRDA:144,0,18,2
BRDA:144,e0,19,0
BRDA:144,0,20,0
BRDA:144,e0,21,0
BRDA:144,0,22,0
BRDA:144,e0,23,0
BRDA:145,0,0,2
BRDA:145,e0,1,0
BRDA:145,0,2,2
BRDA:145,e0,3,0
BRDA:145,0,4,2
BRDA:145,e0,5,0
BRDA:145,0,6,2
BRDA:145,e0,7,0
BRDA:145,0,8,2
BRDA:145,e0,9,0
BRDA:145,0,10,2
BRDA:145,e0,11,0
BRDA:145,0,12,2
BRDA:145,e0,13,0
BRDA:145,0,14,2
BRDA:145,e0,15,0
BRDA:145,0,16,0
BRDA:145,0,17,2
BRDA:145,0,18,2
BRDA:145,e0,19,0
BRDA:145,0,20,0
BRDA:145,e0,21,0
BRDA:145,0,22,0
BRDA:145,e0,23,0
BRDA:147,0,0,2
BRDA:147,e0,1,0
BRDA:147,0,2,2
BRDA:147,e0,3,0
BRDA:147,0,4,2
BRDA:147,e0,5,0
BRDA:149,0,0,2
BRDA:149,e0,1,0
BRDA:149,0,2,2
BRDA:149,e0,3,0
BRDA:149,0,4,2
BRDA:149,e0,5,0
BRDA:149,0,6,2
BRDA:149,e0,7,0
BRDA:149,0,8,2
BRDA:149,e0,9,0
BRDA:149,0,10,2
BRDA:149,e0,11,0
BRDA:149,0,12,2
BRDA:149,e0,13,0
BRDA:149,0,14,0
BRDA:149,0,15,2
BRDA:149,0,16,2
BRDA:149,e0,17,0
BRDA:149,0,18,0
BRDA:149,e0,19,0
BRDA:149,0,20,0
BRDA:149,e0,21,0
BRDA:150,0,0,2
BRDA:150,e0,1,0
BRDA:150,0,2,2
BRDA:150,e0,3,0
BRDA:150,0,4,2
BRDA:150,e0,5,0
BRDA:150,0,6,2
BRDA:150,e0,7,0
BRDA:150,0,8,2
BRDA:150,e0,9,0
BRDA:150,0,10,2
BRDA:150,e0,11,0
BRDA:150,0,12,2
BRDA:150,e0,13,0
BRDA:150,0,14,0
BRDA:150,0,15,2
BRDA:150,0,16,2
BRDA:150,e0,17,0
BRDA:150,0,18,0
BRDA:150,e0,19,0
BRDA:150,0,20,0
BRDA:150,e0,21,0
BRDA:154,0,0,2
BRDA:154,e0,1,0
BRDA:157,0,0,2
BRDA:157,e0,1,0
BRDA:157,0,2,2
BRDA:157,e0,3,0
BRDA:157,0,4,2
BRDA:157,e0,5,0
BRDA:157,0,6,4
BRDA:157,0,7,2
BRDA:157,0,8,0
BRDA:157,0,9,0
BRDA:159,0,0,2
BRDA:159,e0,1,0
BRDA:159,0,2,2
BRDA:159,e0,3,0
BRDA:159,0,4,2
BRDA:159,e0,5,0
BRDA:159,0,6,6
BRDA:159,0,7,2
BRDA:159,0,8,0
BRDA:159,0,9,0
BRDA:161,0,0,2
BRDA:161,e0,1,0
BRDA:161,0,2,2
BRDA:161,e0,3,0
BRDA:161,0,4,2
BRDA:161,e0,5,0
BRDA:164,0,0,2
BRDA:164,e0,1,0
BRDA:168,0,0,2
BRDA:168,e0,1,0
BRDA:168,0,2,2
BRDA:168,e0,3,0
BRDA:168,0,4,2
BRDA:168,e0,5,0
BRDA:168,0,6,2
BRDA:168,e0,7,0
BRDA:168,0,8,2
BRDA:168,e0,9,0
BRDA:168,0,10,2
BRDA:168,e0,11,0
BRDA:168,0,12,0
BRDA:168,0,13,2
BRDA:168,0,14,2
BRDA:168,e0,15,0
BRDA:168,0,16,0
BRDA:168,e0,17,0
BRDA:168,0,18,0
BRDA:168,e0,19,0
BRDA:169,0,0,2
BRDA:169,e0,1,0
BRDA:169,0,2,2
BRDA:169,e0,3,0
BRDA:169,0,4,2
BRDA:169,e0,5,0
BRDA:169,0,6,2
BRDA:169,e0,7,0
BRDA:169,0,8,2
BRDA:169,e0,9,0
BRDA:169,0,10,2
BRDA:169,e0,11,0
BRDA:169,0,12,0
BRDA:169,0,13,2
BRDA:169,0,14,2
BRDA:169,e0,15,0
BRDA:169,0,16,0
BRDA:169,e0,17,0
BRDA:169,0,18,0
BRDA:169,e0,19,0
BRDA:170,0,0,2
BRDA:170,e0,1,0
BRDA:170,0,2,2
BRDA:170,e0,3,0
BRDA:170,0,4,2
BRDA:170,e0,5,0
BRDA:170,0,6,2
BRDA:170,e0,7,0
BRDA:170,0,8,2
BRDA:170,e0,9,0
BRDA:170,0,10,2
BRDA:170,e0,11,0
BRDA:170,0,12,2
BRDA:170,e0,13,0
BRDA:170,0,14,0
BRDA:170,0,15,2
BRDA:170,0,16,2
BRDA:170,e0,17,0
BRDA:170,0,18,0
BRDA:170,e0,19,0
BRDA:170,0,20,0
BRDA:170,e0,21,0
BRDA:171,0,0,2
BRDA:171,e0,1,0
BRDA:171,0,2,2
BRDA:171,e0,3,0
BRDA:171,0,4,2
BRDA:171,e0,5,0
BRDA:171,0,6,2
BRDA:171,e0,7,0
BRDA:171,0,8,2
BRDA:171,e0,9,0
BRDA:171,0,10,0
BRDA:171,0,11,0
BRDA:171,0,12,0
BRDA:171,0,13,0
BRDA:171,0,14,0
BRDA:171,0,15,0
BRDA:171,0,16,0
BRDA:171,0,17,0
BRDA:174,0,0,2
BRDA:174,e0,1,0
BRDA:177,0,0,2
BRDA:177,e0,1,0
BRDA:177,0,2,2
BRDA:177,e0,3,0
BRDA:177,0,4,2
BRDA:177,e0,5,0
BRDA:177,0,6,6
BRDA:177,0,7,2
BRDA:177,0,8,0
BRDA:177,0,9,0
BRDA:178,0,0,2
BRDA:178,e0,1,0
BRDA:178,0,2,2
BRDA:178,e0,3,0
BRDA:178,0,4,2
BRDA:178,e0,5,0
BRDA:181,0,0,2
BRDA:181,e0,1,0
BRDA:183,0,0,2
BRDA:183,e0,1,0
BRDA:183,0,2,2
BRDA:183,e0,3,0
BRDA:183,0,4,2
BRDA:183,e0,5,0
BRDA:183,0,6,2
BRDA:183,e0,7,0
BRDA:183,0,8,2
BRDA:183,e0,9,0
BRDA:183,0,10,2
BRDA:183,e0,11,0
BRDA:183,0,12,0
BRDA:183,0,13,2
BRDA:183,0,14,2
BRDA:183,e0,15,0
BRDA:183,0,16,0
BRDA:183,e0,17,0
BRDA:183,0,18,0
BRDA:183,e0,19,0
BRDA:184,0,0,2
BRDA:184,e0,1,0
BRDA:184,0,2,2
BRDA:184,e0,3,0
BRDA:184,0,4,2
BRDA:184,e0,5,0
BRDA:184,0,6,2
BRDA:184,e0,7,0
BRDA:184,0,8,2
BRDA:184,e0,9,0
BRDA:184,0,10,2
BRDA:184,e0,11,0
BRDA:184,0,12,0
BRDA:184,0,13,2
BRDA:184,0,14,2
BRDA:184,e0,15,0
BRDA:184,0,16,0
BRDA:184,e0,17,0
BRDA:184,0,18,0
BRDA:184,e0,19,0
BRDA:185,0,0,2
BRDA:185,e0,1,0
BRDA:185,0,2,2
BRDA:185,e0,3,0
BRDA:185,0,4,2
BRDA:185,e0,5,0
BRDA:185,0,6,2
BRDA:185,e0,7,0
BRDA:185,0,8,2
BRDA:185,e0,9,0
BRDA:185,0,10,2
BRDA:185,e0,11,0
BRDA:185,0,12,0
BRDA:185,0,13,2
BRDA:185,0,14,2
BRDA:185,e0,15,0
BRDA:185,0,16,0
BRDA:185,e0,17,0
BRDA:185,0,18,0
BRDA:185,e0,19,0
BRDA:186,0,0,2
BRDA:186,e0,1,0
BRDA:186,0,2,2
BRDA:186,e0,3,0
BRDA:186,0,4,2
BRDA:186,e0,5,0
BRDA:186,0,6,2
BRDA:186,e0,7,0
BRDA:186,0,8,2
BRDA:186,e0,9,0
BRDA:186,0,10,2
BRDA:186,e0,11,0
BRDA:186,0,12,0
BRDA:186,0,13,2
BRDA:186,0,14,2
BRDA:186,e0,15,0
BRDA:186,0,16,0
BRDA:186,e0,17,0
BRDA:186,0,18,0
BRDA:186,e0,19,0
BRDA:187,0,0,2
BRDA:187,e0,1,0
BRDA:187,0,2,2
BRDA:187,e0,3,0
BRDA:187,0,4,2
BRDA:187,e0,5,0
BRDA:187,0,6,0
BRDA:187,0,7,0
BRDA:187,0,8,0
BRDA:187,0,9,0
BRDA:190,0,0,2
BRDA:190,e0,1,0
BRDA:193,0,0,2
BRDA:193,e0,1,0
BRDA:193,0,2,2
BRDA:193,e0,3,0
BRDA:193,0,4,2
BRDA:193,e0,5,0
BRDA:194,0,0,2
BRDA:194,e0,1,0
BRDA:194,0,2,2
BRDA:194,e0,3,0
BRDA:194,0,4,2
BRDA:194,e0,5,0
BRDA:195,0,0,2
BRDA:195,e0,1,0
BRDA:195,0,2,2
BRDA:195,e0,3,0
BRDA:195,0,4,2
BRDA:195,e0,5,0
BRDA:195,0,6,6
BRDA:195,0,7,2
BRDA:195,0,8,0
BRDA:195,0,9,0
BRDA:196,0,0,2
BRDA:196,e0,1,0
BRDA:196,0,2,2
BRDA:196,e0,3,0
BRDA:196,0,4,2
BRDA:196,e0,5,0
BRDA:199,0,0,2
BRDA:199,e0,1,0
BRDA:201,0,0,2
BRDA:201,e0,1,0
BRDA:201,0,2,2
BRDA:201,e0,3,0
BRDA:201,0,4,2
BRDA:201,e0,5,0
BRDA:201,0,6,2
BRDA:201,e0,7,0
BRDA:201,0,8,2
BRDA:201,e0,9,0
BRDA:201,0,10,2
BRDA:201,e0,11,0
BRDA:201,0,12,0
BRDA:201,0,13,2
BRDA:201,0,14,2
BRDA:201,e0,15,0
BRDA:201,0,16,0
BRDA:201,e0,17,0
BRDA:201,0,18,0
BRDA:201,e0,19,0
BRDA:202,0,0,2
BRDA:202,e0,1,0
BRDA:202,0,2,2
BRDA:202,e0,3,0
BRDA:202,0,4,2
BRDA:202,e0,5,0
BRDA:202,0,6,2
BRDA:202,e0,7,0
BRDA:202,0,8,2
BRDA:202,e0,9,0
BRDA:202,0,10,2
BRDA:202,e0,11,0
BRDA:202,0,12,0
BRDA:202,0,13,2
BRDA:202,0,14,2
BRDA:202,e0,15,0
BRDA:202,0,16,0
BRDA:202,e0,17,0
BRDA:202,0,18,0
BRDA:202,e0,19,0
BRDA:203,0,0,2
BRDA:203,e0,1,0
BRDA:203,0,2,2
BRDA:203,e0,3,0
BRDA:203,0,4,2
BRDA:203,e0,5,0
BRDA:203,0,6,2
BRDA:203,e0,7,0
BRDA:203,0,8,2
BRDA:203,e0,9,0
BRDA:203,0,10,2
BRDA:203,e0,11,0
BRDA:203,0,12,0
BRDA:203,0,13,2
BRDA:203,0,14,2
BRDA:203,e0,15,0
BRDA:203,0,16,0
BRDA:203,e0,17,0
BRDA:203,0,18,0
BRDA:203,e0,19,0
BRDA:204,0,0,2
BRDA:204,e0,1,0
BRDA:204,0,2,2
BRDA:204,e0,3,0
BRDA:204,0,4,2
BRDA:204,e0,5,0
BRDA:204,0,6,2
BRDA:204,e0,7,0
BRDA:204,0,8,2
BRDA:204,e0,9,0
BRDA:204,0,10,2
BRDA:204,e0,11,0
BRDA:204,0,12,0
BRDA:204,0,13,2
BRDA:204,0,14,2
BRDA:204,e0,15,0
BRDA:204,0,16,0
BRDA:204,e0,17,0
BRDA:204,0,18,0
BRDA:204,e0,19,0
BRDA:205,0,0,2
BRDA:205,e0,1,0
BRDA:205,0,2,2
BRDA:205,e0,3,0
BRDA:205,0,4,2
BRDA:205,e0,5,0
BRDA:205,0,6,2
BRDA:205,e0,7,0
BRDA:205,0,8,2
BRDA:205,e0,9,0
BRDA:205,0,10,2
BRDA:205,e0,11,0
BRDA:205,0,12,0
BRDA:205,0,13,2
BRDA:205,0,14,2
BRDA:205,e0,15,0
BRDA:205,0,16,0
BRDA:205,e0,17,0
BRDA:205,0,18,0
BRDA:205,e0,19,0
BRDA:206,0,0,2
BRDA:206,e0,1,0
BRDA:206,0,2,2
BRDA:206,e0,3,0
BRDA:206,0,4,2
BRDA:206,e0,5,0
BRDA:206,0,6,2
BRDA:206,e0,7,0
BRDA:206,0,8,2
BRDA:206,e0,9,0
BRDA:206,0,10,2
BRDA:206,e0,11,0
BRDA:206,0,12,0
BRDA:206,0,13,2
BRDA:206,0,14,2
BRDA:206,e0,15,0
BRDA:206,0,16,0
BRDA:206,e0,17,0
BRDA:206,0,18,0
BRDA:206,e0,19,0
BRDA:207,0,0,2
BRDA:207,e0,1,0
BRDA:207,0,2,2
BRDA:207,e0,3,0
BRDA:207,0,4,2
BRDA:207,e0,5,0
BRDA:207,0,6,2
BRDA:207,e0,7,0
BRDA:207,0,8,2
BRDA:207,e0,9,0
BRDA:207,0,10,2
BRDA:207,e0,11,0
BRDA:207,0,12,0
BRDA:207,0,13,2
BRDA:207,0,14,2
BRDA:207,e0,15,0
BRDA:207,0,16,0
BRDA:207,e0,17,0
BRDA:207,0,18,0
BRDA:207,e0,19,0
BRDA:208,0,0,2
BRDA:208,e0,1,0
BRDA:208,0,2,2
BRDA:208,e0,3,0
BRDA:208,0,4,2
BRDA:208,e0,5,0
BRDA:208,0,6,2
BRDA:208,e0,7,0
BRDA:208,0,8,2
BRDA:208,e0,9,0
BRDA:208,0,10,2
BRDA:208,e0,11,0
BRDA:208,0,12,0
BRDA:208,0,13,2
BRDA:208,0,14,2
BRDA:208,e0,15,0
BRDA:208,0,16,0
BRDA:208,e0,17,0
BRDA:208,0,18,0
BRDA:208,e0,19,0
BRDA:209,0,0,2
BRDA:209,e0,1,0
BRDA:209,0,2,2
BRDA:209,e0,3,0
BRDA:209,0,4,2
BRDA:209,e0,5,0
BRDA:209,0,6,2
BRDA:209,e0,7,0
BRDA:209,0,8,2
BRDA:209,e0,9,0
BRDA:209,0,10,2
BRDA:209,e0,11,0
BRDA:209,0,12,0
BRDA:209,0,13,2
BRDA:209,0,14,2
BRDA:209,e0,15,0
BRDA:209,0,16,0
BRDA:209,e0,17,0
BRDA:209,0,18,0
BRDA:209,e0,19,0
BRDA:210,0,0,2
BRDA:210,e0,1,0
BRDA:210,0,2,2
BRDA:210,e0,3,0
BRDA:210,0,4,2
BRDA:210,e0,5,0
BRDA:210,0,6,0
BRDA:210,0,7,0
BRDA:210,0,8,0
BRDA:210,0,9,0
BRDA:213,0,0,2
BRDA:213,e0,1,0
BRDA:214,0,0,2
BRDA:214,e0,1,0
BRDA:215,0,0,2
BRDA:215,e0,1,0
BRDA:215,0,2,2
BRDA:215,e0,3,0
BRDA:215,0,4,2
BRDA:215,e0,5,0
BRDA:215,0,6,2
BRDA:215,e0,7,0
BRDA:215,0,8,2
BRDA:215,e0,9,0
BRDA:215,0,10,2
BRDA:215,e0,11,0
BRDA:215,0,12,0
BRDA:215,0,13,2
BRDA:215,0,14,2
BRDA:215,e0,15,0
BRDA:215,0,16,0
BRDA:215,e0,17,0
BRDA:215,0,18,0
BRDA:215,e0,19,0
BRDA:216,0,0,2
BRDA:216,e0,1,0
BRDA:216,0,2,2
BRDA:216,e0,3,0
BRDA:216,0,4,2
BRDA:216,e0,5,0
BRDA:216,0,6,2
BRDA:216,e0,7,0
BRDA:216,0,8,2
BRDA:216,e0,9,0
BRDA:216,0,10,2
BRDA:216,e0,11,0
BRDA:216,0,12,0
BRDA:216,0,13,2
BRDA:216,0,14,2
BRDA:216,e0,15,0
BRDA:216,0,16,0
BRDA:216,e0,17,0
BRDA:216,0,18,0
BRDA:216,e0,19,0
BRDA:217,0,0,2
BRDA:217,e0,1,0
BRDA:217,0,2,2
BRDA:217,e0,3,0
BRDA:217,0,4,2
BRDA:217,e0,5,0
BRDA:217,0,6,2
BRDA:217,e0,7,0
BRDA:217,0,8,2
BRDA:217,e0,9,0
BRDA:217,0,10,2
BRDA:217,e0,11,0
BRDA:217,0,12,0
BRDA:217,0,13,2
BRDA:217,0,14,2
BRDA:217,e0,15,0
BRDA:217,0,16,0
BRDA:217,e0,17,0
BRDA:217,0,18,0
BRDA:217,e0,19,0
BRDA:218,0,0,2
BRDA:218,e0,1,0
BRDA:218,0,2,2
BRDA:218,e0,3,0
BRDA:218,0,4,2
BRDA:218,e0,5,0
BRDA:218,0,6,2
BRDA:218,e0,7,0
BRDA:218,0,8,2
BRDA:218,e0,9,0
BRDA:218,0,10,2
BRDA:218,e0,11,0
BRDA:218,0,12,0
BRDA:218,0,13,2
BRDA:218,0,14,2
BRDA:218,e0,15,0
BRDA:218,0,16,0
BRDA:218,e0,17,0
BRDA:218,0,18,0
BRDA:218,e0,19,0
BRDA:219,0,0,2
BRDA:219,e0,1,0
BRDA:219,0,2,2
BRDA:219,e0,3,0
BRDA:219,0,4,2
BRDA:219,e0,5,0
BRDA:219,0,6,2
BRDA:219,e0,7,0
BRDA:219,0,8,2
BRDA:219,e0,9,0
BRDA:219,0,10,2
BRDA:219,e0,11,0
BRDA:219,0,12,0
BRDA:219,0,13,2
BRDA:219,0,14,2
BRDA:219,e0,15,0
BRDA:219,0,16,0
BRDA:219,e0,17,0
BRDA:219,0,18,0
BRDA:219,e0,19,0
BRDA:223,0,0,2
BRDA:223,e0,1,0
BRDA:223,0,2,2
BRDA:223,e0,3,0
BRDA:223,0,4,2
BRDA:223,e0,5,0
BRDA:223,0,6,2
BRDA:223,e0,7,0
BRDA:223,0,8,2
BRDA:223,e0,9,0
BRDA:223,0,10,2
BRDA:223,e0,11,0
BRDA:223,0,12,2
BRDA:223,e0,13,0
BRDA:223,0,14,2
BRDA:223,e0,15,0
BRDA:223,0,16,0
BRDA:223,0,17,2
BRDA:223,0,18,2
BRDA:223,e0,19,0
BRDA:223,0,20,0
BRDA:223,e0,21,0
BRDA:223,0,22,0
BRDA:223,e0,23,0
BRDA:224,0,0,2
BRDA:224,e0,1,0
BRDA:224,0,2,2
BRDA:224,e0,3,0
BRDA:224,0,4,2
BRDA:224,e0,5,0
BRDA:224,0,6,2
BRDA:224,e0,7,0
BRDA:224,0,8,2
BRDA:224,e0,9,0
BRDA:224,0,10,2
BRDA:224,e0,11,0
BRDA:224,0,12,2
BRDA:224,e0,13,0
BRDA:224,0,14,2
BRDA:224,e0,15,0
BRDA:224,0,16,0
BRDA:224,0,17,2
BRDA:224,0,18,2
BRDA:224,e0,19,0
BRDA:224,0,20,0
BRDA:224,e0,21,0
BRDA:224,0,22,0
BRDA:224,e0,23,0
BRDA:225,0,0,2
BRDA:225,e0,1,0
BRDA:225,0,2,2
BRDA:225,e0,3,0
BRDA:225,0,4,2
BRDA:225,e0,5,0
BRDA:225,0,6,2
BRDA:225,e0,7,0
BRDA:225,0,8,2
BRDA:225,e0,9,0
BRDA:225,0,10,2
BRDA:225,e0,11,0
BRDA:225,0,12,2
BRDA:225,e0,13,0
BRDA:225,0,14,2
BRDA:225,e0,15,0
BRDA:225,0,16,0
BRDA:225,0,17,2
BRDA:225,0,18,2
BRDA:225,e0,19,0
BRDA:225,0,20,0
BRDA:225,e0,21,0
BRDA:225,0,22,0
BRDA:225,e0,23,0
BRDA:226,0,0,2
BRDA:226,e0,1,0
BRDA:226,0,2,2
BRDA:226,e0,3,0
BRDA:226,0,4,2
BRDA:226,e0,5,0
BRDA:226,0,6,2
BRDA:226,e0,7,0
BRDA:226,0,8,2
BRDA:226,e0,9,0
BRDA:226,0,10,2
BRDA:226,e0,11,0
BRDA:226,0,12,2
BRDA:226,e0,13,0
BRDA:226,0,14,2
BRDA:226,e0,15,0
BRDA:226,0,16,0
BRDA:226,0,17,2
BRDA:226,0,18,2
BRDA:226,e0,19,0
BRDA:226,0,20,0
BRDA:226,e0,21,0
BRDA:226,0,22,0
BRDA:226,e0,23,0
BRDA:230,0,0,2
BRDA:230,e0,1,0
BRDA:232,0,0,2
BRDA:232,e0,1,0
BRDA:233,0,0,2
BRDA:233,e0,1,0
BRDA:233,0,2,2
BRDA:233,e0,3,0
BRDA:233,0,4,2
BRDA:233,e0,5,0
BRDA:233,0,6,2
BRDA:233,e0,7,0
BRDA:233,0,8,2
BRDA:233,e0,9,0
BRDA:233,0,10,2
BRDA:233,e0,11,0
BRDA:233,0,12,0
BRDA:233,0,13,2
BRDA:233,0,14,2
BRDA:233,e0,15,0
BRDA:233,0,16,0
BRDA:233,e0,17,0
BRDA:233,0,18,0
BRDA:233,e0,19,0
BRDA:238,0,0,2
BRDA:238,e0,1,0
BRDA:239,0,0,2
BRDA:239,e0,1,0
BRDA:241,0,0,2
BRDA:241,e0,1,0
BRDA:241,0,2,2
BRDA:241,e0,3,0
BRDA:241,0,4,0
BRDA:241,0,5,0
BRDA:242,0,0,2
BRDA:242,e0,1,0
BRDA:244,0,0,2
BRDA:244,e0,1,0
BRDA:244,0,2,2
BRDA:244,e0,3,0
BRDA:244,0,4,2
BRDA:244,e0,5,0
BRDA:244,0,6,2
BRDA:244,e0,7,0
BRDA:244,0,8,2
BRDA:244,e0,9,0
BRDA:244,0,10,2
BRDA:244,e0,11,0
BRDA:244,0,12,0
BRDA:244,0,13,2
BRDA:244,0,14,2
BRDA:244,e0,15,0
BRDA:244,0,16,0
BRDA:244,e0,17,0
BRDA:244,0,18,0
BRDA:244,e0,19,0
BRDA:249,0,0,2
BRDA:249,e0,1,0
BRDA:249,0,2,2
BRDA:249,e0,3,0
BRDA:249,0,4,2
BRDA:249,e0,5,0
BRDA:249,0,6,6
BRDA:249,0,7,2
BRDA:249,0,8,0
BRDA:249,0,9,0
BRDA:250,0,0,2
BRDA:250,e0,1,0
BRDA:250,0,2,2
BRDA:250,e0,3,0
BRDA:250,0,4,2
BRDA:250,e0,5,0
BRDA:255,0,0,2
BRDA:255,e0,1,0
BRDA:255,0,2,2
BRDA:255,e0,3,0
BRDA:255,0,4,2
BRDA:255,e0,5,0
BRDA:255,0,6,2
BRDA:255,e0,7,0
BRDA:255,0,8,2
BRDA:255,e0,9,0
BRDA:255,0,10,2
BRDA:255,e0,11,0
BRDA:255,0,12,0
BRDA:255,0,13,2
BRDA:255,0,14,2
BRDA:255,e0,15,0
BRDA:255,0,16,0
BRDA:255,e0,17,0
BRDA:255,0,18,0
BRDA:255,e0,19,0
BRDA:256,0,0,2
BRDA:256,e0,1,0
BRDA:256,0,2,2
BRDA:256,e0,3,0
BRDA:256,0,4,2
BRDA:256,e0,5,0
BRDA:256,0,6,0
BRDA:256,0,7,0
BRDA:256,0,8,0
BRDA:256,0,9,0
BRDA:260,0,0,2
BRDA:260,e0,1,0
BRDA:260,0,2,2
BRDA:260,e0,3,0
BRDA:260,0,4,2
BRDA:260,e0,5,0
BRDA:260,0,6,6
BRDA:260,0,7,2
BRDA:260,0,8,0
BRDA:260,0,9,0
BRDA:261,0,0,2
BRDA:261,e0,1,0
BRDA:261,0,2,2
BRDA:261,e0,3,0
BRDA:261,0,4,2
BRDA:261,e0,5,0
BRDA:266,0,0,2
BRDA:266,e0,1,0
BRDA:266,0,2,2
BRDA:266,e0,3,0
BRDA:266,0,4,2
BRDA:266,e0,5,0
BRDA:266,0,6,2
BRDA:266,e0,7,0
BRDA:266,0,8,2
BRDA:266,e0,9,0
BRDA:266,0,10,2
BRDA:266,e0,11,0
BRDA:266,0,12,0
BRDA:266,0,13,2
BRDA:266,0,14,2
BRDA:266,e0,15,0
BRDA:266,0,16,0
BRDA:266,e0,17,0
BRDA:266,0,18,0
BRDA:266,e0,19,0
BRDA:267,0,0,2
BRDA:267,e0,1,0
BRDA:267,0,2,2
BRDA:267,e0,3,0
BRDA:267,0,4,2
BRDA:267,e0,5,0
BRDA:267,0,6,0
BRDA:267,0,7,0
BRDA:267,0,8,0
BRDA:267,0,9,0
BRDA:271,0,0,2
BRDA:271,e0,1,0
BRDA:271,0,2,2
BRDA:271,e0,3,0
BRDA:271,0,4,2
BRDA:271,e0,5,0
BRDA:271,0,6,6
BRDA:271,0,7,2
BRDA:271,0,8,0
BRDA:271,0,9,0
BRDA:272,0,0,2
BRDA:272,e0,1,0
BRDA:272,0,2,2
BRDA:272,e0,3,0
BRDA:272,0,4,2
BRDA:272,e0,5,0
BRDA:277,0,0,2
BRDA:277,e0,1,0
BRDA:277,0,2,2
BRDA:277,e0,3,0
BRDA:277,0,4,2
BRDA:277,e0,5,0
BRDA:277,0,6,2
BRDA:277,e0,7,0
BRDA:277,0,8,2
BRDA:277,e0,9,0
BRDA:277,0,10,2
BRDA:277,e0,11,0
BRDA:277,0,12,0
BRDA:277,0,13,2
BRDA:277,0,14,2
BRDA:277,e0,15,0
BRDA:277,0,16,0
BRDA:277,e0,17,0
BRDA:277,0,18,0
BRDA:277,e0,19,0
BRDA:278,0,0,2
BRDA:278,e0,1,0
BRDA:278,0,2,2
BRDA:278,e0,3,0
BRDA:278,0,4,2
BRDA:278,e0,5,0
BRDA:278,0,6,0
BRDA:278,0,7,0
BRDA:278,0,8,0
BRDA:278,0,9,0
BRDA:282,0,0,2
BRDA:282,e0,1,0
BRDA:282,0,2,2
BRDA:282,e0,3,0
BRDA:282,0,4,2
BRDA:282,e0,5,0
BRDA:283,0,0,2
BRDA:283,e0,1,0
BRDA:283,0,2,2
BRDA:283,e0,3,0
BRDA:283,0,4,2
BRDA:283,e0,5,0
BRDA:284,0,0,2
BRDA:284,e0,1,0
BRDA:284,0,2,2
BRDA:284,e0,3,0
BRDA:284,0,4,2
BRDA:284,e0,5,0
BRDA:284,0,6,6
BRDA:284,0,7,2
BRDA:284,0,8,0
BRDA:284,0,9,0
BRDA:285,0,0,2
BRDA:285,e0,1,0
BRDA:285,0,2,2
BRDA:285,e0,3,0
BRDA:285,0,4,2
BRDA:285,e0,5,0
BRDA:290,0,0,2
BRDA:290,e0,1,0
BRDA:290,0,2,2
BRDA:290,e0,3,0
BRDA:290,0,4,2
BRDA:290,e0,5,0
BRDA:290,0,6,2
BRDA:290,e0,7,0
BRDA:290,0,8,2
BRDA:290,e0,9,0
BRDA:290,0,10,2
BRDA:290,e0,11,0
BRDA:290,0,12,0
BRDA:290,0,13,2
BRDA:290,0,14,2
BRDA:290,e0,15,0
BRDA:290,0,16,0
BRDA:290,e0,17,0
BRDA:290,0,18,0
BRDA:290,e0,19,0
BRDA:291,0,0,2
BRDA:291,e0,1,0
BRDA:291,0,2,2
BRDA:291,e0,3,0
BRDA:291,0,4,2
BRDA:291,e0,5,0
BRDA:291,0,6,0
BRDA:291,0,7,0
BRDA:291,0,8,0
BRDA:291,0,9,0
BRDA:295,0,0,2
BRDA:295,e0,1,0
BRDA:295,0,2,2
BRDA:295,e0,3,0
BRDA:295,0,4,2
BRDA:295,e0,5,0
BRDA:296,0,0,2
BRDA:296,e0,1,0
BRDA:296,0,2,2
BRDA:296,e0,3,0
BRDA:296,0,4,2
BRDA:296,e0,5,0
BRDA:297,0,0,2
BRDA:297,e0,1,0
BRDA:297,0,2,2
BRDA:297,e0,3,0
BRDA:297,0,4,2
BRDA:297,e0,5,0
BRDA:297,0,6,6
BRDA:297,0,7,2
BRDA:297,0,8,0
BRDA:297,0,9,0
BRDA:298,0,0,2
BRDA:298,e0,1,0
BRDA:298,0,2,2
BRDA:298,e0,3,0
BRDA:298,0,4,2
BRDA:298,e0,5,0
BRDA:303,0,0,2
BRDA:303,e0,1,0
BRDA:303,0,2,2
BRDA:303,e0,3,0
BRDA:303,0,4,2
BRDA:303,e0,5,0
BRDA:303,0,6,2
BRDA:303,e0,7,0
BRDA:303,0,8,2
BRDA:303,e0,9,0
BRDA:303,0,10,2
BRDA:303,e0,11,0
BRDA:303,0,12,0
BRDA:303,0,13,2
BRDA:303,0,14,2
BRDA:303,e0,15,0
BRDA:303,0,16,0
BRDA:303,e0,17,0
BRDA:303,0,18,0
BRDA:303,e0,19,0
BRDA:304,0,0,2
BRDA:304,e0,1,0
BRDA:304,0,2,2
BRDA:304,e0,3,0
BRDA:304,0,4,2
BRDA:304,e0,5,0
BRDA:304,0,6,0
BRDA:304,0,7,0
BRDA:304,0,8,0
BRDA:304,0,9,0
BRDA:308,0,0,2
BRDA:308,e0,1,0
BRDA:308,0,2,2
BRDA:308,e0,3,0
BRDA:308,0,4,2
BRDA:308,e0,5,0
BRDA:309,0,0,2
BRDA:309,e0,1,0
BRDA:309,0,2,2
BRDA:309,e0,3,0
BRDA:309,0,4,2
BRDA:309,e0,5,0
BRDA:310,0,0,2
BRDA:310,e0,1,0
BRDA:310,0,2,2
BRDA:310,e0,3,0
BRDA:310,0,4,2
BRDA:310,e0,5,0
BRDA:310,0,6,6
BRDA:310,0,7,2
BRDA:310,0,8,0
BRDA:310,0,9,0
BRDA:311,0,0,2
BRDA:311,e0,1,0
BRDA:311,0,2,2
BRDA:311,e0,3,0
BRDA:311,0,4,2
BRDA:311,e0,5,0
BRDA:317,0,0,2
BRDA:317,e0,1,0
BRDA:317,0,2,2
BRDA:317,e0,3,0
BRDA:317,0,4,2
BRDA:317,e0,5,0
BRDA:317,0,6,2
BRDA:317,e0,7,0
BRDA:317,0,8,2
BRDA:317,e0,9,0
BRDA:317,0,10,2
BRDA:317,e0,11,0
BRDA:317,0,12,0
BRDA:317,0,13,2
BRDA:317,0,14,2
BRDA:317,e0,15,0
BRDA:317,0,16,0
BRDA:317,e0,17,0
BRDA:317,0,18,0
BRDA:317,e0,19,0
BRDA:318,0,0,2
BRDA:318,e0,1,0
BRDA:318,0,2,2
BRDA:318,e0,3,0
BRDA:318,0,4,2
BRDA:318,e0,5,0
BRDA:318,0,6,0
BRDA:318,0,7,0
BRDA:318,0,8,0
BRDA:318,0,9,0
BRDA:321,0,0,2
BRDA:321,e0,1,0
BRDA:322,0,0,2
BRDA:322,e0,1,0
BRDA:325,0,0,2
BRDA:325,e0,1,0
BRDA:326,0,0,2
BRDA:326,e0,1,0
BRDA:326,0,2,2
BRDA:326,e0,3,0
BRDA:328,0,0,2
BRDA:328,e0,1,0
BRDA:328,0,2,2
BRDA:328,e0,3,0
BRDA:328,0,4,2
BRDA:328,e0,5,0
BRDA:328,0,6,2
BRDA:328,e0,7,0
BRDA:328,0,8,2
BRDA:328,e0,9,0
BRDA:328,0,10,2
BRDA:328,e0,11,0
BRDA:328,0,12,0
BRDA:328,0,13,2
BRDA:328,0,14,2
BRDA:328,e0,15,0
BRDA:328,0,16,0
BRDA:328,e0,17,0
BRDA:328,0,18,0
BRDA:328,e0,19,0
BRDA:334,0,0,2
BRDA:334,e0,1,0
BRDA:334,0,2,2
BRDA:334,e0,3,0
BRDA:334,0,4,2
BRDA:334,e0,5,0
BRDA:335,0,0,2
BRDA:335,e0,1,0
BRDA:335,0,2,2
BRDA:335,e0,3,0
BRDA:335,0,4,2
BRDA:335,e0,5,0
BRDA:336,0,0,2
BRDA:336,e0,1,0
BRDA:336,0,2,2
BRDA:336,e0,3,0
BRDA:336,0,4,2
BRDA:336,e0,5,0
BRDA:337,0,0,2
BRDA:337,e0,1,0
BRDA:337,0,2,2
BRDA:337,e0,3,0
BRDA:337,0,4,2
BRDA:337,e0,5,0
BRDA:339,0,0,2
BRDA:339,e0,1,0
BRDA:339,0,2,2
BRDA:339,e0,3,0
BRDA:339,0,4,2
BRDA:339,e0,5,0
BRDA:339,0,6,2
BRDA:339,e0,7,0
BRDA:339,0,8,2
BRDA:339,e0,9,0
BRDA:339,0,10,2
BRDA:339,e0,11,0
BRDA:339,0,12,2
BRDA:339,e0,13,0
BRDA:339,0,14,0
BRDA:339,0,15,2
BRDA:339,0,16,2
BRDA:339,e0,17,0
BRDA:339,0,18,0
BRDA:339,e0,19,0
BRDA:339,0,20,0
BRDA:339,e0,21,0
BRDA:340,0,0,2
BRDA:340,e0,1,0
BRDA:340,0,2,2
BRDA:340,e0,3,0
BRDA:340,0,4,2
BRDA:340,e0,5,0
BRDA:340,0,6,2
BRDA:340,e0,7,0
BRDA:340,0,8,2
BRDA:340,e0,9,0
BRDA:340,0,10,2
BRDA:340,e0,11,0
BRDA:340,0,12,2
BRDA:340,e0,13,0
BRDA:340,0,14,2
BRDA:340,e0,15,0
BRDA:340,0,16,2
BRDA:340,e0,17,0
BRDA:340,0,18,2
BRDA:340,e0,19,0
BRDA:340,0,20,2
BRDA:340,e0,21,0
BRDA:340,0,22,2
BRDA:340,e0,23,0
BRDA:340,0,24,2
BRDA:340,e0,25,0
BRDA:340,0,26,0
BRDA:340,0,27,2
BRDA:340,0,28,2
BRDA:340,e0,29,0
BRDA:340,0,30,0
BRDA:340,e0,31,0
BRDA:340,0,32,0
BRDA:340,e0,33,0
BRDA:347,0,0,2
BRDA:347,e0,1,0
BRDA:347,0,2,2
BRDA:347,e0,3,0
BRDA:347,0,4,0
BRDA:347,e0,5,2
BRDA:349,0,0,-
BRDA:349,e0,1,-
BRDA:349,0,2,-
BRDA:349,e0,3,-
BRDA:349,0,4,-
BRDA:349,e0,5,-
BRDA:349,0,6,-
BRDA:349,0,7,-
BRDA:349,0,8,-
BRDA:349,e0,9,-
BRDA:350,0,0,0
BRDA:350,0,1,2
BRDA:351,0,0,2
BRDA:351,e0,1,0
BRDA:351,0,2,2
BRDA:351,e0,3,0
BRDA:351,0,4,2
BRDA:351,e0,5,0
BRDA:351,0,6,2
BRDA:351,e0,7,0
BRDA:351,0,8,2
BRDA:351,e0,9,0
BRDA:351,0,10,2
BRDA:351,e0,11,0
BRDA:351,0,12,2
BRDA:351,e0,13,0
BRDA:351,0,14,0
BRDA:351,0,15,2
BRDA:351,0,16,2
BRDA:351,e0,17,0
BRDA:351,0,18,0
BRDA:351,e0,19,0
BRDA:351,0,20,0
BRDA:351,e0,21,0
BRDA:358,0,0,2
BRDA:358,e0,1,0
BRDA:358,0,2,2
BRDA:358,e0,3,0
BRDA:358,0,4,0
BRDA:358,e0,5,2
BRDA:359,0,0,-
BRDA:359,e0,1,-
BRDA:359,0,2,-
BRDA:359,e0,3,-
BRDA:359,0,4,-
BRDA:359,e0,5,-
BRDA:359,0,6,-
BRDA:359,0,7,-
BRDA:359,0,8,-
BRDA:359,e0,9,-
BRDA:360,0,0,0
BRDA:360,0,1,2
BRDA:361,0,0,2
BRDA:361,e0,1,0
BRDA:361,0,2,2
BRDA:361,e0,3,0
BRDA:361,0,4,2
BRDA:361,e0,5,0
BRDA:361,0,6,2
BRDA:361,e0,7,0
BRDA:361,0,8,2
BRDA:361,e0,9,0
BRDA:361,0,10,2
BRDA:361,e0,11,0
BRDA:361,0,12,2
BRDA:361,e0,13,0
BRDA:361,0,14,0
BRDA:361,0,15,2
BRDA:361,0,16,2
BRDA:361,e0,17,0
BRDA:361,0,18,0
BRDA:361,e0,19,0
BRDA:361,0,20,0
BRDA:361,e0,21,0
BRDA:367,0,0,2
BRDA:367,e0,1,0
BRDA:367,0,2,2
BRDA:367,e0,3,0
BRDA:367,0,4,2
BRDA:367,e0,5,0
BRDA:368,0,0,2
BRDA:368,e0,1,0
BRDA:368,0,2,2
BRDA:368,e0,3,0
BRDA:368,0,4,2
BRDA:368,e0,5,0
BRDA:370,0,0,2
BRDA:370,e0,1,0
BRDA:370,0,2,2
BRDA:370,e0,3,0
BRDA:370,0,4,2
BRDA:370,e0,5,0
BRDA:370,0,6,2
BRDA:370,e0,7,0
BRDA:370,0,8,2
BRDA:370,e0,9,0
BRDA:370,0,10,2
BRDA:370,e0,11,0
BRDA:370,0,12,0
BRDA:370,0,13,2
BRDA:370,0,14,2
BRDA:370,e0,15,0
BRDA:370,0,16,0
BRDA:370,e0,17,0
BRDA:370,0,18,0
BRDA:370,e0,19,0
BRF:2150
BRH:900
DA:7,48
DA:8,48
DA:9,96
DA:10,96
DA:11,96
DA:12,96
DA:13,96
DA:14,96
DA:15,48
DA:16,48
DA:18,2
DA:19,2
DA:20,2
DA:21,6
DA:22,6
DA:23,2
DA:24,2
DA:25,2
DA:26,2
DA:27,2
DA:29,2
DA:30,2
DA:31,2
DA:32,10
DA:33,2
DA:34,2
DA:35,2
DA:36,2
DA:37,2
DA:39,2
DA:40,2
DA:41,2
DA:42,8
DA:43,10
DA:44,2
DA:45,2
DA:46,2
DA:47,2
DA:48,2
DA:50,2
DA:51,2
DA:52,2
DA:53,10
DA:59,2
DA:61,2
DA:62,2
DA:63,2
DA:64,10
DA:65,2
DA:66,2
DA:67,2
DA:68,2
DA:69,2
DA:71,2
DA:72,2
DA:73,2
DA:74,8
DA:75,10
DA:76,2
DA:77,2
DA:78,2
DA:79,2
DA:80,2
DA:82,2
DA:83,2
DA:84,2
DA:85,10
DA:91,2
DA:93,2
DA:94,2
DA:95,2
DA:96,8
DA:97,10
DA:98,2
DA:99,2
DA:100,2
DA:101,2
DA:102,2
DA:104,2
DA:105,2
DA:106,2
DA:107,8
DA:108,10
DA:109,2
DA:110,2
DA:111,2
DA:112,2
DA:113,2
DA:115,2
DA:116,2
DA:119,4
DA:120,6
DA:122,6
DA:123,6
DA:125,4
DA:128,2
DA:129,4
DA:130,4
DA:131,2
DA:134,6
DA:135,2
DA:137,2
DA:138,2
DA:141,4
DA:142,6
DA:144,6
DA:145,6
DA:147,2
DA:149,2
DA:150,2
DA:151,2
DA:153,2
DA:154,2
DA:157,12
DA:159,14
DA:161,2
DA:163,2
DA:164,2
DA:168,2
DA:169,2
DA:170,2
DA:171,12
DA:173,2
DA:174,2
DA:177,14
DA:178,2
DA:180,2
DA:181,2
DA:183,2
DA:184,2
DA:185,2
DA:186,2
DA:187,8
DA:189,2
DA:190,2
DA:193,8
DA:194,8
DA:195,14
DA:196,2
DA:198,2
DA:199,2
DA:201,2
DA:202,2
DA:203,2
DA:204,2
DA:205,2
DA:206,2
DA:207,2
DA:208,2
DA:209,2
DA:210,8
DA:212,2
DA:213,2
DA:214,2
DA:215,2
DA:216,2
DA:217,2
DA:218,2
DA:219,2
DA:220,2
DA:222,2
DA:223,6
DA:224,6
DA:225,6
DA:226,6
DA:227,2
DA:229,2
DA:230,4
DA:232,2
DA:233,2
DA:234,2
DA:237,2
DA:238,4
DA:239,2
DA:241,6
DA:242,2
DA:244,2
DA:245,2
DA:247,2
DA:248,2
DA:249,14
DA:250,2
DA:253,2
DA:255,2
DA:256,8
DA:258,2
DA:259,2
DA:260,14
DA:261,2
DA:264,2
DA:266,2
DA:267,8
DA:269,2
DA:270,2
DA:271,14
DA:272,2
DA:275,2
DA:277,2
DA:278,8
DA:280,2
DA:281,2
DA:282,8
DA:283,8
DA:284,14
DA:285,2
DA:288,2
DA:290,2
DA:291,8
DA:293,2
DA:294,2
DA:295,8
DA:296,8
DA:297,14
DA:298,2
DA:301,2
DA:303,2
DA:304,8
DA:306,2
DA:307,2
DA:308,8
DA:309,8
DA:310,14
DA:311,2
DA:315,2
DA:317,2
DA:318,8
DA:320,2
DA:321,2
DA:322,4
DA:323,2
DA:324,2
DA:325,4
DA:326,2
DA:328,2
DA:329,2
DA:331,2
DA:332,2
DA:334,8
DA:335,10
DA:336,4
DA:337,2
DA:339,2
DA:340,10
DA:341,2
DA:343,2
DA:344,2
DA:347,10
DA:349,0
DA:350,2
DA:351,6
DA:352,2
DA:353,2
DA:355,2
DA:356,2
DA:358,10
DA:359,0
DA:360,2
DA:361,6
DA:362,2
DA:363,2
DA:365,2
DA:366,2
DA:367,8
DA:368,8
DA:369,2
DA:370,2
DA:371,2
LF:267
LH:265
end_of_record
