TN:
SF:/mnt/c/Users/alana/Documents/USB/TRIMESTRES/SD2025/CI3641 - Lenguajes de Programacion/Examen 3/examen-3-lenguajes-de-programacion/Type-Manager/Functions.hpp
FN:113,125,_Z21collect_struct_fieldsRK13atomic_structRSt6vectorINSt7__cxx1112basic_stringIcSt11char_traitsIcESaIcEEESaIS8_EE
FN:136,168,_Z31sort_struct_fields_by_alignmentRK13atomic_structRSt6vectorINSt7__cxx1112basic_stringIcSt11char_traitsIcESaIcEEESaIS8_EE
FN:142,164,_ZZ31sort_struct_fields_by_alignmentRK13atomic_structRSt6vectorINSt7__cxx1112basic_stringIcSt11char_traitsIcESaIcEEESaIS8_EEENKUlRKS8_SD_E_clESD_SD_
FN:180,201,_Z20can_allocate_n_bytesimRSt6vectorIiSaIiEE
FN:212,280,_Z27print_struct_heuristics_auxSt6vectorINSt7__cxx1112basic_stringIcSt11char_traitsIcESaIcEEESaIS5_EERS_IiSaIiEERmSA_
FN:292,304,_Z23print_struct_heuristicsRK13atomic_structi
FN:312,324,_Z16calc_align_unionRK12atomic_union
FN:334,345,_Z17calc_align_structRK13atomic_struct
FN:355,367,_Z15calc_size_unionRK12atomic_union
FN:376,388,_Z16calc_size_structRK13atomic_struct
FN:401,464,_Z27print_struct_wt_packing_auxRK13atomic_structRSt6vectorIiSaIiEERiS5_
FN:477,507,_Z26print_struct_w_packing_auxRK13atomic_structRSt6vectorIiSaIiEERiS5_
FN:515,524,_Z22print_struct_w_packingRK13atomic_structi
FN:532,541,_Z23print_struct_wt_packingRK13atomic_structi
FN:549,564,_Z11print_unionRK12atomic_unioni
FN:572,589,_Z12print_atomicRK7aatomici
FN:601,610,_Z11push_atomicRSt3mapINSt7__cxx1112basic_stringIcSt11char_traitsIcESaIcEEE11atomic_typeSt4lessIS5_ESaISt4pairIKS5_S6_EEERSA_ii
FN:621,638,_Z11push_structRSt3mapINSt7__cxx1112basic_stringIcSt11char_traitsIcESaIcEEE11atomic_typeSt4lessIS5_ESaISt4pairIKS5_S6_EEERSA_St6vectorIS5_SaIS5_EE
FN:650,665,_Z10push_unionRSt3mapINSt7__cxx1112basic_stringIcSt11char_traitsIcESaIcEEE11atomic_typeSt4lessIS5_ESaISt4pairIKS5_S6_EEERSA_St6vectorIS5_SaIS5_EE
FN:673,682,_Z5splitRKNSt7__cxx1112basic_stringIcSt11char_traitsIcESaIcEEE
FN:690,698,_Z10is_integerRKNSt7__cxx1112basic_stringIcSt11char_traitsIcESaIcEEE
FN:705,752,_Z11print_typesv
FN:83,105,_Z24print_mem_layout_diagramRKSt6vectorIiSaIiEEi
FNDA:14,_Z21collect_struct_fieldsRK13atomic_structRSt6vectorINSt7__cxx1112basic_stringIcSt11char_traitsIcESaIcEEESaIS8_EE
FNDA:6,_Z31sort_struct_fields_by_alignmentRK13atomic_structRSt6vectorINSt7__cxx1112basic_stringIcSt11char_traitsIcESaIcEEESaIS8_EE
FNDA:100,_ZZ31sort_struct_fields_by_alignmentRK13atomic_structRSt6vectorINSt7__cxx1112basic_stringIcSt11char_traitsIcESaIcEEESaIS8_EEENKUlRKS8_SD_E_clESD_SD_
FNDA:212,_Z20can_allocate_n_bytesimRSt6vectorIiSaIiEE
FNDA:4,_Z27print_struct_heuristics_auxSt6vectorINSt7__cxx1112basic_stringIcSt11char_traitsIcESaIcEEESaIS5_EERS_IiSaIiEERmSA_
FNDA:2,_Z23print_struct_heuristicsRK13atomic_structi
FNDA:28,_Z16calc_align_unionRK12atomic_union
FNDA:38,_Z17calc_align_structRK13atomic_struct
FNDA:26,_Z15calc_size_unionRK12atomic_union
FNDA:40,_Z16calc_size_structRK13atomic_struct
FNDA:4,_Z27print_struct_wt_packing_auxRK13atomic_structRSt6vectorIiSaIiEERiS5_
FNDA:4,_Z26print_struct_w_packing_auxRK13atomic_structRSt6vectorIiSaIiEERiS5_
FNDA:2,_Z22print_struct_w_packingRK13atomic_structi
FNDA:2,_Z23print_struct_wt_packingRK13atomic_structi
FNDA:2,_Z11print_unionRK12atomic_unioni
FNDA:2,_Z12print_atomicRK7aatomici
FNDA:282,_Z11push_atomicRSt3mapINSt7__cxx1112basic_stringIcSt11char_traitsIcESaIcEEE11atomic_typeSt4lessIS5_ESaISt4pairIKS5_S6_EEERSA_ii
FNDA:40,_Z11push_structRSt3mapINSt7__cxx1112basic_stringIcSt11char_traitsIcESaIcEEE11atomic_typeSt4lessIS5_ESaISt4pairIKS5_S6_EEERSA_St6vectorIS5_SaIS5_EE
FNDA:28,_Z10push_unionRSt3mapINSt7__cxx1112basic_stringIcSt11char_traitsIcESaIcEEE11atomic_typeSt4lessIS5_ESaISt4pairIKS5_S6_EEERSA_St6vectorIS5_SaIS5_EE
FNDA:2,_Z5splitRKNSt7__cxx1112basic_stringIcSt11char_traitsIcESaIcEEE
FNDA:8,_Z10is_integerRKNSt7__cxx1112basic_stringIcSt11char_traitsIcESaIcEEE
FNDA:2,_Z11print_typesv
FNDA:12,_Z24print_mem_layout_diagramRKSt6vectorIiSaIiEEi
FNF:23
FNH:23
BRDA:87,0,0,232
BRDA:87,0,1,12
BRDA:89,0,0,232
BRDA:89,e0,1,0
BRDA:90,0,0,332
BRDA:90,e0,1,0
BRDA:90,0,2,332
BRDA:90,0,3,232
BRDA:92,0,0,58
BRDA:92,0,1,174
BRDA:93,0,0,58
BRDA:93,e0,1,0
BRDA:93,0,2,58
BRDA:93,e0,3,0
BRDA:93,0,4,58
BRDA:93,e0,5,0
BRDA:93,0,6,58
BRDA:93,e0,7,0
BRDA:93,0,8,58
BRDA:93,e0,9,0
BRDA:93,0,10,58
BRDA:93,e0,11,0
BRDA:95,0,0,58
BRDA:95,0,1,116
BRDA:96,0,0,58
BRDA:96,e0,1,0
BRDA:96,0,2,58
BRDA:96,e0,3,0
BRDA:99,0,0,116
BRDA:99,e0,1,0
BRDA:99,0,2,116
BRDA:99,e0,3,0
BRDA:114,0,0,50
BRDA:114,0,1,14
BRDA:116,0,0,50
BRDA:116,e0,1,0
BRDA:118,0,0,6
BRDA:118,0,1,44
BRDA:119,0,0,6
BRDA:119,e0,1,0
BRDA:120,0,0,6
BRDA:120,e0,1,0
BRDA:121,0,0,4
BRDA:121,0,1,40
BRDA:121,0,2,4
BRDA:121,0,3,0
BRDA:122,0,0,44
BRDA:122,e0,1,0
BRDA:139,0,0,6
BRDA:139,e0,1,0
BRDA:141,0,0,6
BRDA:141,e0,1,0
BRDA:149,0,0,68
BRDA:149,0,1,32
BRDA:151,0,0,0
BRDA:151,0,1,32
BRDA:153,0,0,32
BRDA:153,0,1,0
BRDA:156,0,0,100
BRDA:156,0,1,0
BRDA:158,0,0,-
BRDA:158,0,1,-
BRDA:160,0,0,-
BRDA:160,0,1,-
BRDA:166,0,0,6
BRDA:166,e0,1,0
BRDA:167,0,0,6
BRDA:167,e0,1,0
BRDA:182,0,0,4
BRDA:182,0,1,208
BRDA:188,0,0,16
BRDA:188,0,1,192
BRDA:188,0,2,16
BRDA:188,0,3,0
BRDA:188,0,4,0
BRDA:188,0,5,16
BRDA:188,0,6,0
BRDA:188,0,7,208
BRDA:193,0,0,192
BRDA:193,0,1,16
BRDA:193,0,2,192
BRDA:193,0,3,0
BRDA:193,0,4,192
BRDA:193,0,5,16
BRDA:195,0,0,16
BRDA:195,0,1,0
BRDA:214,0,0,20
BRDA:214,0,1,4
BRDA:216,0,0,20
BRDA:216,e0,1,0
BRDA:216,0,2,18
BRDA:216,0,3,2
BRDA:217,0,0,18
BRDA:217,e0,1,0
BRDA:217,0,2,18
BRDA:217,e0,3,0
BRDA:217,0,4,18
BRDA:217,e0,5,0
BRDA:219,0,0,288
BRDA:219,0,1,18
BRDA:220,0,0,210
BRDA:220,0,1,78
BRDA:220,0,2,18
BRDA:220,0,3,192
BRDA:220,0,4,18
BRDA:220,0,5,270
BRDA:222,0,0,50
BRDA:222,0,1,18
BRDA:223,0,0,0
BRDA:223,0,1,50
BRDA:226,0,0,50
BRDA:226,e0,1,0
BRDA:236,0,0,288
BRDA:236,0,1,0
BRDA:239,0,0,-
BRDA:239,e0,1,-
BRDA:242,0,0,2
BRDA:242,e0,1,0
BRDA:242,0,2,2
BRDA:242,0,3,0
BRDA:243,0,0,2
BRDA:243,e0,1,0
BRDA:243,0,2,2
BRDA:243,e0,3,0
BRDA:243,0,4,2
BRDA:243,e0,5,0
BRDA:245,0,0,16
BRDA:245,0,1,2
BRDA:246,0,0,2
BRDA:246,0,1,14
BRDA:246,0,2,2
BRDA:246,0,3,0
BRDA:246,0,4,2
BRDA:246,0,5,14
BRDA:248,0,0,16
BRDA:248,0,1,2
BRDA:249,0,0,0
BRDA:249,0,1,16
BRDA:252,0,0,16
BRDA:252,e0,1,0
BRDA:262,0,0,16
BRDA:262,0,1,0
BRDA:265,0,0,-
BRDA:265,e0,1,-
BRDA:271,0,0,66
BRDA:271,0,1,4
BRDA:272,0,0,0
BRDA:272,0,1,66
BRDA:294,0,0,2
BRDA:294,e0,1,0
BRDA:298,0,0,2
BRDA:298,e0,1,0
BRDA:299,0,0,2
BRDA:299,e0,1,0
BRDA:299,0,2,2
BRDA:299,e0,3,0
BRDA:301,0,0,2
BRDA:301,e0,1,0
BRDA:301,0,2,2
BRDA:301,e0,3,0
BRDA:301,0,4,2
BRDA:301,e0,5,0
BRDA:301,0,6,2
BRDA:301,e0,7,0
BRDA:301,0,8,2
BRDA:301,e0,9,0
BRDA:301,0,10,2
BRDA:301,e0,11,0
BRDA:301,0,12,2
BRDA:301,e0,13,0
BRDA:303,0,0,2
BRDA:303,e0,1,0
BRDA:314,0,0,84
BRDA:314,0,1,28
BRDA:315,0,0,84
BRDA:315,e0,1,0
BRDA:315,0,2,76
BRDA:315,0,3,8
BRDA:316,0,0,76
BRDA:316,e0,1,0
BRDA:316,0,2,76
BRDA:316,e0,3,0
BRDA:317,0,0,8
BRDA:317,e0,1,0
BRDA:317,0,2,6
BRDA:317,0,3,2
BRDA:318,0,0,6
BRDA:318,e0,1,0
BRDA:318,0,2,6
BRDA:318,e0,3,0
BRDA:319,0,0,2
BRDA:319,e0,1,0
BRDA:319,0,2,2
BRDA:319,0,3,0
BRDA:320,0,0,2
BRDA:320,e0,1,0
BRDA:320,0,2,2
BRDA:320,e0,3,0
BRDA:336,0,0,38
BRDA:336,e0,1,0
BRDA:336,0,2,38
BRDA:336,e0,3,0
BRDA:337,0,0,34
BRDA:337,0,1,4
BRDA:338,0,0,34
BRDA:338,e0,1,0
BRDA:339,0,0,2
BRDA:339,0,1,2
BRDA:340,0,0,2
BRDA:340,e0,1,0
BRDA:341,0,0,2
BRDA:341,0,1,0
BRDA:342,0,0,2
BRDA:342,e0,1,0
BRDA:357,0,0,80
BRDA:357,0,1,26
BRDA:358,0,0,80
BRDA:358,e0,1,0
BRDA:358,0,2,74
BRDA:358,0,3,6
BRDA:359,0,0,74
BRDA:359,e0,1,0
BRDA:359,0,2,74
BRDA:359,e0,3,0
BRDA:360,0,0,6
BRDA:360,e0,1,0
BRDA:360,0,2,4
BRDA:360,0,3,2
BRDA:361,0,0,4
BRDA:361,e0,1,0
BRDA:361,0,2,4
BRDA:361,e0,3,0
BRDA:362,0,0,2
BRDA:362,e0,1,0
BRDA:362,0,2,2
BRDA:362,0,3,0
BRDA:363,0,0,2
BRDA:363,e0,1,0
BRDA:363,0,2,2
BRDA:363,e0,3,0
BRDA:378,0,0,150
BRDA:378,0,1,40
BRDA:379,0,0,150
BRDA:379,e0,1,0
BRDA:379,0,2,128
BRDA:379,0,3,22
BRDA:380,0,0,128
BRDA:380,e0,1,0
BRDA:380,0,2,128
BRDA:380,e0,3,0
BRDA:381,0,0,22
BRDA:381,e0,1,0
BRDA:381,0,2,12
BRDA:381,0,3,10
BRDA:382,0,0,12
BRDA:382,e0,1,0
BRDA:382,0,2,12
BRDA:382,e0,3,0
BRDA:383,0,0,10
BRDA:383,e0,1,0
BRDA:383,0,2,10
BRDA:383,0,3,0
BRDA:384,0,0,10
BRDA:384,e0,1,0
BRDA:384,0,2,10
BRDA:384,e0,3,0
BRDA:403,0,0,18
BRDA:403,0,1,4
BRDA:404,0,0,18
BRDA:404,e0,1,0
BRDA:404,0,2,14
BRDA:404,0,3,4
BRDA:405,0,0,14
BRDA:405,e0,1,0
BRDA:405,0,2,14
BRDA:405,e0,3,0
BRDA:405,0,4,14
BRDA:405,e0,5,0
BRDA:407,0,0,10
BRDA:407,0,1,4
BRDA:409,0,0,24
BRDA:409,0,1,10
BRDA:410,0,0,24
BRDA:410,e0,1,0
BRDA:417,0,0,10
BRDA:417,0,1,4
BRDA:418,0,0,10
BRDA:418,e0,1,0
BRDA:423,0,0,16
BRDA:423,0,1,4
BRDA:424,0,0,16
BRDA:424,e0,1,0
BRDA:431,0,0,4
BRDA:431,e0,1,0
BRDA:431,0,2,2
BRDA:431,0,3,2
BRDA:432,0,0,2
BRDA:432,e0,1,0
BRDA:432,0,2,2
BRDA:432,e0,3,0
BRDA:432,0,4,2
BRDA:432,e0,5,0
BRDA:433,0,0,2
BRDA:433,e0,1,0
BRDA:434,0,0,2
BRDA:434,e0,1,0
BRDA:434,0,2,2
BRDA:434,0,3,0
BRDA:435,0,0,2
BRDA:435,e0,1,0
BRDA:435,0,2,2
BRDA:435,e0,3,0
BRDA:435,0,4,2
BRDA:435,e0,5,0
BRDA:436,0,0,0
BRDA:436,0,1,2
BRDA:438,0,0,-
BRDA:438,0,1,-
BRDA:439,0,0,-
BRDA:439,e0,1,-
BRDA:446,0,0,14
BRDA:446,0,1,2
BRDA:447,0,0,14
BRDA:447,e0,1,0
BRDA:452,0,0,16
BRDA:452,0,1,2
BRDA:453,0,0,16
BRDA:453,e0,1,0
BRDA:479,0,0,18
BRDA:479,0,1,4
BRDA:480,0,0,18
BRDA:480,e0,1,0
BRDA:480,0,2,14
BRDA:480,0,3,4
BRDA:481,0,0,14
BRDA:481,e0,1,0
BRDA:481,0,2,14
BRDA:481,e0,3,0
BRDA:481,0,4,14
BRDA:481,e0,5,0
BRDA:483,0,0,40
BRDA:483,0,1,14
BRDA:484,0,0,40
BRDA:484,e0,1,0
BRDA:490,0,0,4
BRDA:490,e0,1,0
BRDA:490,0,2,2
BRDA:490,0,3,2
BRDA:491,0,0,2
BRDA:491,e0,1,0
BRDA:491,0,2,2
BRDA:491,e0,3,0
BRDA:491,0,4,2
BRDA:491,e0,5,0
BRDA:492,0,0,2
BRDA:492,e0,1,0
BRDA:493,0,0,2
BRDA:493,e0,1,0
BRDA:493,0,2,2
BRDA:493,0,3,0
BRDA:494,0,0,2
BRDA:494,e0,1,0
BRDA:494,0,2,2
BRDA:494,e0,3,0
BRDA:494,0,4,2
BRDA:494,e0,5,0
BRDA:496,0,0,16
BRDA:496,0,1,2
BRDA:497,0,0,16
BRDA:497,e0,1,0
BRDA:518,0,0,2
BRDA:518,e0,1,0
BRDA:519,0,0,2
BRDA:519,e0,1,0
BRDA:521,0,0,2
BRDA:521,e0,1,0
BRDA:521,0,2,2
BRDA:521,e0,3,0
BRDA:521,0,4,2
BRDA:521,e0,5,0
BRDA:521,0,6,2
BRDA:521,e0,7,0
BRDA:521,0,8,2
BRDA:521,e0,9,0
BRDA:521,0,10,2
BRDA:521,e0,11,0
BRDA:521,0,12,2
BRDA:521,e0,13,0
BRDA:523,0,0,2
BRDA:523,e0,1,0
BRDA:535,0,0,2
BRDA:535,e0,1,0
BRDA:536,0,0,2
BRDA:536,e0,1,0
BRDA:538,0,0,2
BRDA:538,e0,1,0
BRDA:538,0,2,2
BRDA:538,e0,3,0
BRDA:538,0,4,2
BRDA:538,e0,5,0
BRDA:538,0,6,2
BRDA:538,e0,7,0
BRDA:538,0,8,2
BRDA:538,e0,9,0
BRDA:538,0,10,2
BRDA:538,e0,11,0
BRDA:538,0,12,2
BRDA:538,e0,13,0
BRDA:540,0,0,2
BRDA:540,e0,1,0
BRDA:551,0,0,0
BRDA:551,0,1,2
BRDA:554,0,0,2
BRDA:554,e0,1,0
BRDA:556,0,0,8
BRDA:556,0,1,2
BRDA:560,0,0,2
BRDA:560,e0,1,0
BRDA:562,0,0,2
BRDA:562,e0,1,0
BRDA:562,0,2,2
BRDA:562,e0,3,0
BRDA:562,0,4,2
BRDA:562,e0,5,0
BRDA:562,0,6,2
BRDA:562,e0,7,0
BRDA:562,0,8,2
BRDA:562,e0,9,0
BRDA:562,0,10,2
BRDA:562,e0,11,0
BRDA:562,0,12,2
BRDA:562,e0,13,0
BRDA:562,0,14,2
BRDA:562,e0,15,0
BRDA:575,0,0,0
BRDA:575,0,1,2
BRDA:579,0,0,2
BRDA:579,e0,1,0
BRDA:581,0,0,16
BRDA:581,0,1,2
BRDA:585,0,0,2
BRDA:585,e0,1,0
BRDA:587,0,0,2
BRDA:587,e0,1,0
BRDA:587,0,2,2
BRDA:587,e0,3,0
BRDA:587,0,4,2
BRDA:587,e0,5,0
BRDA:587,0,6,2
BRDA:587,e0,7,0
BRDA:587,0,8,2
BRDA:587,e0,9,0
BRDA:587,0,10,2
BRDA:587,e0,11,0
BRDA:587,0,12,2
BRDA:587,e0,13,0
BRDA:587,0,14,2
BRDA:587,e0,15,0
BRDA:602,0,0,282
BRDA:602,0,1,0
BRDA:602,0,2,0
BRDA:602,0,3,282
BRDA:603,0,0,-
BRDA:603,e0,1,-
BRDA:608,0,0,282
BRDA:608,e0,1,0
BRDA:609,0,0,282
BRDA:609,e0,1,0
BRDA:609,0,2,282
BRDA:609,e0,3,0
BRDA:623,0,0,156
BRDA:623,0,1,36
BRDA:624,0,0,4
BRDA:624,0,1,152
BRDA:625,0,0,4
BRDA:625,e0,1,0
BRDA:625,0,2,4
BRDA:625,e0,3,0
BRDA:625,0,4,4
BRDA:625,e0,5,0
BRDA:631,0,0,36
BRDA:631,e0,1,0
BRDA:631,0,2,36
BRDA:631,e0,3,0
BRDA:631,0,4,0
BRDA:631,0,5,0
BRDA:632,0,0,36
BRDA:632,e0,1,0
BRDA:633,0,0,36
BRDA:633,e0,1,0
BRDA:633,0,2,36
BRDA:633,e0,3,0
BRDA:634,0,0,36
BRDA:634,e0,1,0
BRDA:634,0,2,36
BRDA:634,e0,3,0
BRDA:637,0,0,36
BRDA:637,e0,1,0
BRDA:637,0,2,36
BRDA:637,e0,3,0
BRDA:651,0,0,90
BRDA:651,0,1,24
BRDA:652,0,0,4
BRDA:652,0,1,86
BRDA:653,0,0,4
BRDA:653,e0,1,0
BRDA:653,0,2,4
BRDA:653,e0,3,0
BRDA:653,0,4,4
BRDA:653,e0,5,0
BRDA:658,0,0,24
BRDA:658,e0,1,0
BRDA:658,0,2,24
BRDA:658,e0,3,0
BRDA:658,0,4,0
BRDA:658,0,5,0
BRDA:659,0,0,24
BRDA:659,e0,1,0
BRDA:660,0,0,24
BRDA:660,e0,1,0
BRDA:660,0,2,24
BRDA:660,e0,3,0
BRDA:661,0,0,24
BRDA:661,e0,1,0
BRDA:661,0,2,24
BRDA:661,e0,3,0
BRDA:664,0,0,24
BRDA:664,e0,1,0
BRDA:664,0,2,24
BRDA:664,e0,3,0
BRDA:676,0,0,2
BRDA:676,e0,1,0
BRDA:678,0,0,10
BRDA:678,e0,1,0
BRDA:678,0,2,10
BRDA:678,e0,3,0
BRDA:678,0,4,8
BRDA:678,0,5,2
BRDA:679,0,0,8
BRDA:679,e0,1,0
BRDA:693,0,0,6
BRDA:693,e0,1,2
BRDA:697,0,0,2
BRDA:697,e0,1,0
BRDA:706,0,0,18
BRDA:706,0,1,2
BRDA:707,0,0,18
BRDA:707,e0,1,0
BRDA:707,0,2,18
BRDA:707,e0,3,0
BRDA:707,0,4,18
BRDA:707,e0,5,0
BRDA:709,0,0,14
BRDA:709,0,1,2
BRDA:709,0,2,2
BRDA:709,0,3,0
BRDA:711,0,0,14
BRDA:711,e0,1,0
BRDA:712,0,0,14
BRDA:712,e0,1,0
BRDA:713,0,0,14
BRDA:713,e0,1,0
BRDA:713,0,2,14
BRDA:713,e0,3,0
BRDA:713,0,4,14
BRDA:713,e0,5,0
BRDA:713,0,6,14
BRDA:713,e0,7,0
BRDA:713,0,8,14
BRDA:713,e0,9,0
BRDA:718,0,0,2
BRDA:718,e0,1,0
BRDA:719,0,0,2
BRDA:719,e0,1,0
BRDA:720,0,0,2
BRDA:720,e0,1,0
BRDA:721,0,0,4
BRDA:721,0,1,2
BRDA:722,0,0,4
BRDA:722,e0,1,0
BRDA:722,0,2,4
BRDA:722,e0,3,0
BRDA:726,0,0,2
BRDA:726,e0,1,0
BRDA:727,0,0,2
BRDA:727,e0,1,0
BRDA:727,0,2,2
BRDA:727,e0,3,0
BRDA:727,0,4,2
BRDA:727,e0,5,0
BRDA:727,0,6,2
BRDA:727,e0,7,0
BRDA:728,0,0,2
BRDA:728,e0,1,0
BRDA:728,0,2,2
BRDA:728,e0,3,0
BRDA:728,0,4,2
BRDA:728,e0,5,0
BRDA:728,0,6,2
BRDA:728,e0,7,0
BRDA:729,0,0,2
BRDA:729,e0,1,0
BRDA:729,0,2,2
BRDA:729,e0,3,0
BRDA:730,0,0,4
BRDA:730,0,1,2
BRDA:731,0,0,4
BRDA:731,e0,1,0
BRDA:731,0,2,4
BRDA:731,e0,3,0
BRDA:731,0,4,4
BRDA:731,e0,5,0
BRDA:733,0,0,2
BRDA:733,e0,1,0
BRDA:738,0,0,2
BRDA:738,e0,1,0
BRDA:739,0,0,2
BRDA:739,e0,1,0
BRDA:740,0,0,2
BRDA:740,e0,1,0
BRDA:741,0,0,4
BRDA:741,0,1,2
BRDA:742,0,0,4
BRDA:742,e0,1,0
BRDA:742,0,2,4
BRDA:742,e0,3,0
BRDA:744,0,0,2
BRDA:744,e0,1,0
BRDA:744,0,2,2
BRDA:744,e0,3,0
BRDA:744,0,4,2
BRDA:744,e0,5,0
BRDA:744,0,6,2
BRDA:744,e0,7,0
BRDA:745,0,0,2
BRDA:745,e0,1,0
BRDA:745,0,2,2
BRDA:745,e0,3,0
BRDA:745,0,4,2
BRDA:745,e0,5,0
BRDA:745,0,6,2
BRDA:745,e0,7,0
BRDA:750,0,0,18
BRDA:750,e0,1,0
BRF:644
BRH:375
DA:83,12
DA:85,12
DA:87,244
DA:89,232
DA:90,564
DA:92,232
DA:93,58
DA:95,174
DA:96,58
DA:99,116
DA:101,232
DA:103,12
DA:104,12
DA:105,12
DA:113,14
DA:114,64
DA:116,50
DA:118,50
DA:119,6
DA:120,6
DA:121,44
DA:122,44
DA:125,14
DA:136,6
DA:137,6
DA:139,6
DA:141,6
DA:142,100
DA:143,100
DA:144,100
DA:146,100
DA:147,100
DA:149,100
DA:150,68
DA:151,32
DA:152,0
DA:153,32
DA:154,32
DA:156,100
DA:157,100
DA:158,0
DA:159,0
DA:160,0
DA:161,0
DA:163,100
DA:166,6
DA:167,12
DA:168,6
DA:180,212
DA:182,212
DA:183,4
DA:186,208
DA:188,208
DA:189,0
DA:190,0
DA:193,208
DA:194,192
DA:195,16
DA:197,16
DA:200,0
DA:212,4
DA:214,24
DA:215,20
DA:216,20
DA:217,18
DA:219,306
DA:220,288
DA:221,18
DA:222,68
DA:223,50
DA:224,0
DA:226,50
DA:228,50
DA:229,50
DA:230,50
DA:232,18
DA:233,18
DA:236,288
DA:237,288
DA:239,0
DA:242,20
DA:243,2
DA:245,18
DA:246,16
DA:247,2
DA:248,18
DA:249,16
DA:250,0
DA:252,16
DA:254,16
DA:255,16
DA:256,16
DA:258,2
DA:259,2
DA:262,16
DA:263,16
DA:265,0
DA:268,2
DA:271,70
DA:272,66
DA:273,0
DA:277,4
DA:279,4
DA:292,2
DA:293,2
DA:294,2
DA:296,2
DA:297,2
DA:298,4
DA:299,2
DA:301,2
DA:303,2
DA:304,2
DA:312,28
DA:313,28
DA:314,112
DA:315,84
DA:316,76
DA:317,8
DA:318,6
DA:319,2
DA:320,2
DA:323,28
DA:334,38
DA:335,38
DA:336,38
DA:337,38
DA:338,34
DA:339,4
DA:340,2
DA:341,2
DA:342,2
DA:344,38
DA:345,38
DA:355,26
DA:356,26
DA:357,106
DA:358,80
DA:359,74
DA:360,6
DA:361,4
DA:362,2
DA:363,2
DA:366,26
DA:376,40
DA:377,40
DA:378,190
DA:379,150
DA:380,128
DA:381,22
DA:382,12
DA:383,10
DA:384,10
DA:387,40
DA:401,4
DA:403,22
DA:404,18
DA:405,14
DA:407,14
DA:408,10
DA:409,34
DA:410,24
DA:411,24
DA:412,24
DA:413,24
DA:416,4
DA:417,14
DA:418,10
DA:419,10
DA:420,10
DA:422,4
DA:423,20
DA:424,16
DA:425,16
DA:426,16
DA:427,16
DA:430,14
DA:431,4
DA:432,2
DA:433,2
DA:434,4
DA:435,2
DA:436,2
DA:437,0
DA:438,0
DA:439,0
DA:440,0
DA:441,0
DA:442,0
DA:445,2
DA:446,16
DA:447,14
DA:448,14
DA:449,14
DA:451,2
DA:452,18
DA:453,16
DA:454,16
DA:455,16
DA:456,16
DA:459,2
DA:461,4
DA:463,4
DA:477,4
DA:479,22
DA:480,18
DA:481,14
DA:482,14
DA:483,54
DA:484,40
DA:485,40
DA:486,40
DA:487,40
DA:489,14
DA:490,4
DA:491,2
DA:492,2
DA:493,4
DA:494,2
DA:495,2
DA:496,18
DA:497,16
DA:498,16
DA:499,16
DA:500,16
DA:502,2
DA:504,4
DA:506,4
DA:515,2
DA:516,2
DA:517,2
DA:518,4
DA:519,2
DA:521,2
DA:523,2
DA:524,2
DA:532,2
DA:533,2
DA:534,2
DA:535,4
DA:536,2
DA:538,2
DA:540,2
DA:541,2
DA:549,2
DA:550,2
DA:551,2
DA:552,0
DA:554,2
DA:556,10
DA:557,8
DA:560,2
DA:562,2
DA:564,2
DA:572,2
DA:573,2
DA:575,2
DA:576,0
DA:579,2
DA:581,18
DA:582,16
DA:585,2
DA:587,2
DA:589,2
DA:601,282
DA:602,282
DA:603,0
DA:606,282
DA:607,282
DA:608,282
DA:609,282
DA:610,282
DA:621,40
DA:623,192
DA:624,156
DA:625,4
DA:629,36
DA:630,36
DA:631,36
DA:632,36
DA:633,36
DA:634,36
DA:635,36
DA:636,36
DA:637,36
DA:638,36
DA:650,28
DA:651,114
DA:652,90
DA:653,4
DA:656,24
DA:657,24
DA:658,24
DA:659,24
DA:660,24
DA:661,24
DA:662,24
DA:663,24
DA:664,24
DA:665,24
DA:673,2
DA:674,2
DA:675,2
DA:676,2
DA:678,10
DA:679,8
DA:681,4
DA:682,2
DA:690,8
DA:693,8
DA:694,6
DA:695,2
DA:696,2
DA:697,2
DA:705,2
DA:706,20
DA:707,18
DA:709,18
DA:710,14
DA:711,14
DA:712,14
DA:713,14
DA:714,14
DA:717,2
DA:718,2
DA:719,2
DA:720,2
DA:721,6
DA:722,4
DA:725,2
DA:726,2
DA:727,2
DA:728,2
DA:729,2
DA:730,6
DA:731,4
DA:733,2
DA:734,2
DA:735,2
DA:737,2
DA:738,2
DA:739,2
DA:740,2
DA:741,6
DA:742,4
DA:744,2
DA:745,2
DA:746,2
DA:750,18
DA:752,2
LF:350
LH:328
end_of_record
TN:
SF:/mnt/c/Users/alana/Documents/USB/TRIMESTRES/SD2025/CI3641 - Lenguajes de Programacion/Examen 3/examen-3-lenguajes-de-programacion/Type-Manager/Tests.cpp
FN:104,113,_ZL20DOCTEST_ANON_FUNC_30v
FN:115,135,_ZL20DOCTEST_ANON_FUNC_32v
FN:137,151,_ZL20DOCTEST_ANON_FUNC_34v
FN:153,171,_ZL20DOCTEST_ANON_FUNC_36v
FN:173,194,_ZL20DOCTEST_ANON_FUNC_38v
FN:18,27,_ZL20DOCTEST_ANON_FUNC_14v
FN:196,204,_ZL20DOCTEST_ANON_FUNC_40v
FN:206,211,_ZL20DOCTEST_ANON_FUNC_42v
FN:213,218,_ZL20DOCTEST_ANON_FUNC_44v
FN:220,228,_ZL20DOCTEST_ANON_FUNC_46v
FN:230,241,_ZL20DOCTEST_ANON_FUNC_48v
FN:243,254,_ZL20DOCTEST_ANON_FUNC_50v
FN:256,268,_ZL20DOCTEST_ANON_FUNC_52v
FN:270,279,_ZL20DOCTEST_ANON_FUNC_54v
FN:281,291,_ZL20DOCTEST_ANON_FUNC_56v
FN:29,37,_ZL20DOCTEST_ANON_FUNC_16v
FN:293,303,_ZL20DOCTEST_ANON_FUNC_58v
FN:305,313,_ZL20DOCTEST_ANON_FUNC_61v
FN:315,321,_ZL20DOCTEST_ANON_FUNC_64v
FN:39,48,_ZL20DOCTEST_ANON_FUNC_18v
FN:50,59,_ZL20DOCTEST_ANON_FUNC_20v
FN:61,69,_ZL20DOCTEST_ANON_FUNC_22v
FN:7,16,_Z19setup_basic_atomicsv
FN:71,80,_ZL20DOCTEST_ANON_FUNC_24v
FN:82,91,_ZL20DOCTEST_ANON_FUNC_26v
FN:93,102,_ZL20DOCTEST_ANON_FUNC_28v
FNDA:2,_ZL20DOCTEST_ANON_FUNC_30v
FNDA:2,_ZL20DOCTEST_ANON_FUNC_32v
FNDA:2,_ZL20DOCTEST_ANON_FUNC_34v
FNDA:2,_ZL20DOCTEST_ANON_FUNC_36v
FNDA:2,_ZL20DOCTEST_ANON_FUNC_38v
FNDA:2,_ZL20DOCTEST_ANON_FUNC_14v
FNDA:2,_ZL20DOCTEST_ANON_FUNC_40v
FNDA:2,_ZL20DOCTEST_ANON_FUNC_42v
FNDA:2,_ZL20DOCTEST_ANON_FUNC_44v
FNDA:2,_ZL20DOCTEST_ANON_FUNC_46v
FNDA:2,_ZL20DOCTEST_ANON_FUNC_48v
FNDA:2,_ZL20DOCTEST_ANON_FUNC_50v
FNDA:2,_ZL20DOCTEST_ANON_FUNC_52v
FNDA:2,_ZL20DOCTEST_ANON_FUNC_54v
FNDA:2,_ZL20DOCTEST_ANON_FUNC_56v
FNDA:2,_ZL20DOCTEST_ANON_FUNC_16v
FNDA:2,_ZL20DOCTEST_ANON_FUNC_58v
FNDA:2,_ZL20DOCTEST_ANON_FUNC_61v
FNDA:2,_ZL20DOCTEST_ANON_FUNC_64v
FNDA:2,_ZL20DOCTEST_ANON_FUNC_18v
FNDA:2,_ZL20DOCTEST_ANON_FUNC_20v
FNDA:2,_ZL20DOCTEST_ANON_FUNC_22v
FNDA:40,_Z19setup_basic_atomicsv
FNDA:2,_ZL20DOCTEST_ANON_FUNC_24v
FNDA:2,_ZL20DOCTEST_ANON_FUNC_26v
FNDA:2,_ZL20DOCTEST_ANON_FUNC_28v
FNF:26
FNH:26
BRDA:9,0,0,40
BRDA:9,e0,1,0
BRDA:9,0,2,40
BRDA:9,e0,3,0
BRDA:10,0,0,40
BRDA:10,e0,1,0
BRDA:10,0,2,40
BRDA:10,e0,3,0
BRDA:11,0,0,40
BRDA:11,e0,1,0
BRDA:11,0,2,40
BRDA:11,e0,3,0
BRDA:12,0,0,40
BRDA:12,e0,1,0
BRDA:12,0,2,40
BRDA:12,e0,3,0
BRDA:13,0,0,40
BRDA:13,e0,1,0
BRDA:13,0,2,40
BRDA:13,e0,3,0
BRDA:14,0,0,40
BRDA:14,e0,1,0
BRDA:14,0,2,40
BRDA:14,e0,3,0
BRDA:15,0,0,40
BRDA:15,e0,1,0
BRDA:15,0,2,40
BRDA:15,e0,3,0
BRDA:20,0,0,2
BRDA:20,e0,1,0
BRDA:20,0,2,2
BRDA:20,e0,3,0
BRDA:21,0,0,2
BRDA:21,e0,1,0
BRDA:21,0,2,2
BRDA:21,e0,3,0
BRDA:21,0,4,2
BRDA:21,e0,5,0
BRDA:21,0,6,2
BRDA:21,e0,7,0
BRDA:21,0,8,2
BRDA:21,e0,9,0
BRDA:21,0,10,2
BRDA:21,e0,11,0
BRDA:21,0,12,2
BRDA:21,e0,13,0
BRDA:21,0,14,2
BRDA:21,e0,15,0
BRDA:21,0,16,0
BRDA:21,0,17,2
BRDA:21,0,18,2
BRDA:21,e0,19,0
BRDA:21,0,20,0
BRDA:21,e0,21,0
BRDA:21,0,22,0
BRDA:21,e0,23,0
BRDA:22,0,0,2
BRDA:22,e0,1,0
BRDA:22,0,2,2
BRDA:22,e0,3,0
BRDA:22,0,4,2
BRDA:22,e0,5,0
BRDA:22,0,6,2
BRDA:22,e0,7,0
BRDA:22,0,8,2
BRDA:22,e0,9,0
BRDA:22,0,10,2
BRDA:22,e0,11,0
BRDA:22,0,12,2
BRDA:22,e0,13,0
BRDA:22,0,14,2
BRDA:22,e0,15,0
BRDA:22,0,16,0
BRDA:22,0,17,2
BRDA:22,0,18,2
BRDA:22,e0,19,0
BRDA:22,0,20,0
BRDA:22,e0,21,0
BRDA:22,0,22,0
BRDA:22,e0,23,0
BRDA:23,0,0,2
BRDA:23,e0,1,0
BRDA:23,0,2,2
BRDA:23,e0,3,0
BRDA:23,0,4,2
BRDA:23,e0,5,0
BRDA:24,0,0,2
BRDA:24,e0,1,0
BRDA:24,0,2,2
BRDA:24,e0,3,0
BRDA:24,0,4,2
BRDA:24,e0,5,0
BRDA:24,0,6,2
BRDA:24,e0,7,0
BRDA:24,0,8,2
BRDA:24,e0,9,0
BRDA:24,0,10,2
BRDA:24,e0,11,0
BRDA:24,0,12,0
BRDA:24,0,13,2
BRDA:24,0,14,2
BRDA:24,e0,15,0
BRDA:24,0,16,0
BRDA:24,e0,17,0
BRDA:24,0,18,0
BRDA:24,e0,19,0
BRDA:25,0,0,2
BRDA:25,e0,1,0
BRDA:25,0,2,2
BRDA:25,e0,3,0
BRDA:25,0,4,2
BRDA:25,e0,5,0
BRDA:25,0,6,2
BRDA:25,e0,7,0
BRDA:25,0,8,2
BRDA:25,e0,9,0
BRDA:25,0,10,2
BRDA:25,e0,11,0
BRDA:25,0,12,0
BRDA:25,0,13,2
BRDA:25,0,14,2
BRDA:25,e0,15,0
BRDA:25,0,16,0
BRDA:25,e0,17,0
BRDA:25,0,18,0
BRDA:25,e0,19,0
BRDA:26,0,0,2
BRDA:26,e0,1,0
BRDA:26,0,2,2
BRDA:26,e0,3,0
BRDA:26,0,4,2
BRDA:26,e0,5,0
BRDA:26,0,6,2
BRDA:26,e0,7,0
BRDA:26,0,8,2
BRDA:26,e0,9,0
BRDA:26,0,10,2
BRDA:26,e0,11,0
BRDA:26,0,12,0
BRDA:26,0,13,2
BRDA:26,0,14,2
BRDA:26,e0,15,0
BRDA:26,0,16,0
BRDA:26,e0,17,0
BRDA:26,0,18,0
BRDA:26,e0,19,0
BRDA:31,0,0,2
BRDA:31,e0,1,0
BRDA:32,0,0,2
BRDA:32,e0,1,0
BRDA:32,0,2,2
BRDA:32,e0,3,0
BRDA:32,0,4,2
BRDA:32,e0,5,0
BRDA:33,0,0,2
BRDA:33,e0,1,0
BRDA:33,0,2,2
BRDA:33,e0,3,0
BRDA:33,0,4,2
BRDA:33,e0,5,0
BRDA:33,0,6,2
BRDA:33,e0,7,0
BRDA:34,0,0,2
BRDA:34,e0,1,0
BRDA:34,0,2,2
BRDA:34,e0,3,0
BRDA:34,0,4,2
BRDA:34,e0,5,0
BRDA:34,0,6,2
BRDA:34,e0,7,0
BRDA:34,0,8,2
BRDA:34,e0,9,0
BRDA:34,0,10,2
BRDA:34,e0,11,0
BRDA:34,0,12,0
BRDA:34,0,13,2
BRDA:34,0,14,2
BRDA:34,e0,15,0
BRDA:34,0,16,0
BRDA:34,e0,17,0
BRDA:34,0,18,0
BRDA:34,e0,19,0
BRDA:35,0,0,2
BRDA:35,e0,1,0
BRDA:35,0,2,2
BRDA:35,e0,3,0
BRDA:35,0,4,2
BRDA:35,e0,5,0
BRDA:35,0,6,2
BRDA:35,e0,7,0
BRDA:35,0,8,2
BRDA:35,e0,9,0
BRDA:35,0,10,2
BRDA:35,e0,11,0
BRDA:35,0,12,0
BRDA:35,0,13,2
BRDA:35,0,14,2
BRDA:35,e0,15,0
BRDA:35,0,16,0
BRDA:35,e0,17,0
BRDA:35,0,18,0
BRDA:35,e0,19,0
BRDA:36,0,0,2
BRDA:36,e0,1,0
BRDA:36,0,2,2
BRDA:36,e0,3,0
BRDA:36,0,4,2
BRDA:36,e0,5,0
BRDA:36,0,6,2
BRDA:36,e0,7,0
BRDA:36,0,8,2
BRDA:36,e0,9,0
BRDA:36,0,10,2
BRDA:36,e0,11,0
BRDA:36,0,12,0
BRDA:36,0,13,2
BRDA:36,0,14,2
BRDA:36,e0,15,0
BRDA:36,0,16,0
BRDA:36,e0,17,0
BRDA:36,0,18,0
BRDA:36,e0,19,0
BRDA:41,0,0,2
BRDA:41,e0,1,0
BRDA:42,0,0,2
BRDA:42,e0,1,0
BRDA:42,0,2,2
BRDA:42,e0,3,0
BRDA:42,0,4,2
BRDA:42,e0,5,0
BRDA:43,0,0,2
BRDA:43,e0,1,0
BRDA:43,0,2,2
BRDA:43,e0,3,0
BRDA:43,0,4,2
BRDA:43,e0,5,0
BRDA:44,0,0,2
BRDA:44,e0,1,0
BRDA:44,0,2,2
BRDA:44,e0,3,0
BRDA:44,0,4,2
BRDA:44,e0,5,0
BRDA:44,0,6,2
BRDA:44,e0,7,0
BRDA:45,0,0,2
BRDA:45,e0,1,0
BRDA:45,0,2,2
BRDA:45,e0,3,0
BRDA:45,0,4,2
BRDA:45,e0,5,0
BRDA:45,0,6,2
BRDA:45,e0,7,0
BRDA:45,0,8,2
BRDA:45,e0,9,0
BRDA:45,0,10,2
BRDA:45,e0,11,0
BRDA:45,0,12,0
BRDA:45,0,13,2
BRDA:45,0,14,2
BRDA:45,e0,15,0
BRDA:45,0,16,0
BRDA:45,e0,17,0
BRDA:45,0,18,0
BRDA:45,e0,19,0
BRDA:46,0,0,2
BRDA:46,e0,1,0
BRDA:46,0,2,2
BRDA:46,e0,3,0
BRDA:46,0,4,2
BRDA:46,e0,5,0
BRDA:46,0,6,2
BRDA:46,e0,7,0
BRDA:46,0,8,2
BRDA:46,e0,9,0
BRDA:46,0,10,2
BRDA:46,e0,11,0
BRDA:46,0,12,0
BRDA:46,0,13,2
BRDA:46,0,14,2
BRDA:46,e0,15,0
BRDA:46,0,16,0
BRDA:46,e0,17,0
BRDA:46,0,18,0
BRDA:46,e0,19,0
BRDA:47,0,0,2
BRDA:47,e0,1,0
BRDA:47,0,2,2
BRDA:47,e0,3,0
BRDA:47,0,4,2
BRDA:47,e0,5,0
BRDA:47,0,6,2
BRDA:47,e0,7,0
BRDA:47,0,8,2
BRDA:47,e0,9,0
BRDA:47,0,10,2
BRDA:47,e0,11,0
BRDA:47,0,12,0
BRDA:47,0,13,2
BRDA:47,0,14,2
BRDA:47,e0,15,0
BRDA:47,0,16,0
BRDA:47,e0,17,0
BRDA:47,0,18,0
BRDA:47,e0,19,0
BRDA:53,0,0,2
BRDA:53,0,1,0
BRDA:53,0,2,2
BRDA:53,e0,3,0
BRDA:53,0,4,2
BRDA:53,e0,5,0
BRDA:53,0,6,2
BRDA:53,e0,7,0
BRDA:53,0,8,2
BRDA:53,e0,9,0
BRDA:53,0,10,0
BRDA:53,e0,11,2
BRDA:53,0,12,2
BRDA:53,e0,13,0
BRDA:53,0,14,0
BRDA:53,0,15,2
BRDA:53,0,16,2
BRDA:53,e0,17,0
BRDA:53,0,18,2
BRDA:53,0,19,0
BRDA:53,0,20,2
BRDA:53,e0,21,0
BRDA:53,0,22,0
BRDA:53,e0,23,0
BRDA:53,0,24,0
BRDA:53,e0,25,0
BRDA:63,0,0,2
BRDA:63,e0,1,0
BRDA:64,0,0,2
BRDA:64,e0,1,0
BRDA:64,0,2,2
BRDA:64,e0,3,0
BRDA:64,0,4,2
BRDA:64,e0,5,0
BRDA:65,0,0,2
BRDA:65,e0,1,0
BRDA:65,0,2,2
BRDA:65,e0,3,0
BRDA:65,0,4,2
BRDA:65,e0,5,0
BRDA:65,0,6,2
BRDA:65,e0,7,0
BRDA:66,0,0,2
BRDA:66,e0,1,0
BRDA:66,0,2,2
BRDA:66,e0,3,0
BRDA:66,0,4,2
BRDA:66,e0,5,0
BRDA:66,0,6,2
BRDA:66,e0,7,0
BRDA:66,0,8,2
BRDA:66,e0,9,0
BRDA:66,0,10,2
BRDA:66,e0,11,0
BRDA:66,0,12,0
BRDA:66,0,13,2
BRDA:66,0,14,2
BRDA:66,e0,15,0
BRDA:66,0,16,0
BRDA:66,e0,17,0
BRDA:66,0,18,0
BRDA:66,e0,19,0
BRDA:67,0,0,2
BRDA:67,e0,1,0
BRDA:67,0,2,2
BRDA:67,e0,3,0
BRDA:67,0,4,2
BRDA:67,e0,5,0
BRDA:67,0,6,2
BRDA:67,e0,7,0
BRDA:67,0,8,2
BRDA:67,e0,9,0
BRDA:67,0,10,2
BRDA:67,e0,11,0
BRDA:67,0,12,0
BRDA:67,0,13,2
BRDA:67,0,14,2
BRDA:67,e0,15,0
BRDA:67,0,16,0
BRDA:67,e0,17,0
BRDA:67,0,18,0
BRDA:67,e0,19,0
BRDA:68,0,0,2
BRDA:68,e0,1,0
BRDA:68,0,2,2
BRDA:68,e0,3,0
BRDA:68,0,4,2
BRDA:68,e0,5,0
BRDA:68,0,6,2
BRDA:68,e0,7,0
BRDA:68,0,8,2
BRDA:68,e0,9,0
BRDA:68,0,10,2
BRDA:68,e0,11,0
BRDA:68,0,12,0
BRDA:68,0,13,2
BRDA:68,0,14,2
BRDA:68,e0,15,0
BRDA:68,0,16,0
BRDA:68,e0,17,0
BRDA:68,0,18,0
BRDA:68,e0,19,0
BRDA:73,0,0,2
BRDA:73,e0,1,0
BRDA:74,0,0,2
BRDA:74,e0,1,0
BRDA:74,0,2,2
BRDA:74,e0,3,0
BRDA:74,0,4,2
BRDA:74,e0,5,0
BRDA:75,0,0,2
BRDA:75,e0,1,0
BRDA:75,0,2,2
BRDA:75,e0,3,0
BRDA:75,0,4,2
BRDA:75,e0,5,0
BRDA:76,0,0,2
BRDA:76,e0,1,0
BRDA:76,0,2,2
BRDA:76,e0,3,0
BRDA:76,0,4,2
BRDA:76,e0,5,0
BRDA:76,0,6,2
BRDA:76,e0,7,0
BRDA:77,0,0,2
BRDA:77,e0,1,0
BRDA:77,0,2,2
BRDA:77,e0,3,0
BRDA:77,0,4,2
BRDA:77,e0,5,0
BRDA:77,0,6,2
BRDA:77,e0,7,0
BRDA:77,0,8,2
BRDA:77,e0,9,0
BRDA:77,0,10,2
BRDA:77,e0,11,0
BRDA:77,0,12,0
BRDA:77,0,13,2
BRDA:77,0,14,2
BRDA:77,e0,15,0
BRDA:77,0,16,0
BRDA:77,e0,17,0
BRDA:77,0,18,0
BRDA:77,e0,19,0
BRDA:78,0,0,2
BRDA:78,e0,1,0
BRDA:78,0,2,2
BRDA:78,e0,3,0
BRDA:78,0,4,2
BRDA:78,e0,5,0
BRDA:78,0,6,2
BRDA:78,e0,7,0
BRDA:78,0,8,2
BRDA:78,e0,9,0
BRDA:78,0,10,2
BRDA:78,e0,11,0
BRDA:78,0,12,0
BRDA:78,0,13,2
BRDA:78,0,14,2
BRDA:78,e0,15,0
BRDA:78,0,16,0
BRDA:78,e0,17,0
BRDA:78,0,18,0
BRDA:78,e0,19,0
BRDA:79,0,0,2
BRDA:79,e0,1,0
BRDA:79,0,2,2
BRDA:79,e0,3,0
BRDA:79,0,4,2
BRDA:79,e0,5,0
BRDA:79,0,6,2
BRDA:79,e0,7,0
BRDA:79,0,8,2
BRDA:79,e0,9,0
BRDA:79,0,10,2
BRDA:79,e0,11,0
BRDA:79,0,12,0
BRDA:79,0,13,2
BRDA:79,0,14,2
BRDA:79,e0,15,0
BRDA:79,0,16,0
BRDA:79,e0,17,0
BRDA:79,0,18,0
BRDA:79,e0,19,0
BRDA:85,0,0,2
BRDA:85,0,1,0
BRDA:85,0,2,2
BRDA:85,e0,3,0
BRDA:85,0,4,2
BRDA:85,e0,5,0
BRDA:85,0,6,2
BRDA:85,e0,7,0
BRDA:85,0,8,2
BRDA:85,e0,9,0
BRDA:85,0,10,0
BRDA:85,e0,11,2
BRDA:85,0,12,2
BRDA:85,e0,13,0
BRDA:85,0,14,0
BRDA:85,0,15,2
BRDA:85,0,16,2
BRDA:85,e0,17,0
BRDA:85,0,18,2
BRDA:85,0,19,0
BRDA:85,0,20,2
BRDA:85,e0,21,0
BRDA:85,0,22,0
BRDA:85,e0,23,0
BRDA:85,0,24,0
BRDA:85,e0,25,0
BRDA:95,0,0,2
BRDA:95,e0,1,0
BRDA:96,0,0,2
BRDA:96,e0,1,0
BRDA:96,0,2,2
BRDA:96,e0,3,0
BRDA:96,0,4,2
BRDA:96,e0,5,0
BRDA:97,0,0,2
BRDA:97,e0,1,0
BRDA:97,0,2,2
BRDA:97,e0,3,0
BRDA:97,0,4,2
BRDA:97,e0,5,0
BRDA:98,0,0,2
BRDA:98,e0,1,0
BRDA:98,0,2,2
BRDA:98,e0,3,0
BRDA:98,0,4,2
BRDA:98,e0,5,0
BRDA:98,0,6,2
BRDA:98,e0,7,0
BRDA:99,0,0,2
BRDA:99,e0,1,0
BRDA:99,0,2,2
BRDA:99,e0,3,0
BRDA:99,0,4,2
BRDA:99,e0,5,0
BRDA:99,0,6,2
BRDA:99,e0,7,0
BRDA:99,0,8,2
BRDA:99,e0,9,0
BRDA:99,0,10,2
BRDA:99,e0,11,0
BRDA:99,0,12,0
BRDA:99,0,13,2
BRDA:99,0,14,2
BRDA:99,e0,15,0
BRDA:99,0,16,0
BRDA:99,e0,17,0
BRDA:99,0,18,0
BRDA:99,e0,19,0
BRDA:100,0,0,2
BRDA:100,e0,1,0
BRDA:100,0,2,2
BRDA:100,e0,3,0
BRDA:100,0,4,2
BRDA:100,e0,5,0
BRDA:100,0,6,2
BRDA:100,e0,7,0
BRDA:100,0,8,2
BRDA:100,e0,9,0
BRDA:100,0,10,2
BRDA:100,e0,11,0
BRDA:100,0,12,0
BRDA:100,0,13,2
BRDA:100,0,14,2
BRDA:100,e0,15,0
BRDA:100,0,16,0
BRDA:100,e0,17,0
BRDA:100,0,18,0
BRDA:100,e0,19,0
BRDA:101,0,0,2
BRDA:101,e0,1,0
BRDA:101,0,2,2
BRDA:101,e0,3,0
BRDA:101,0,4,2
BRDA:101,e0,5,0
BRDA:101,0,6,2
BRDA:101,e0,7,0
BRDA:101,0,8,2
BRDA:101,e0,9,0
BRDA:101,0,10,2
BRDA:101,e0,11,0
BRDA:101,0,12,0
BRDA:101,0,13,2
BRDA:101,0,14,2
BRDA:101,e0,15,0
BRDA:101,0,16,0
BRDA:101,e0,17,0
BRDA:101,0,18,0
BRDA:101,e0,19,0
BRDA:106,0,0,2
BRDA:106,e0,1,0
BRDA:107,0,0,2
BRDA:107,e0,1,0
BRDA:107,0,2,2
BRDA:107,e0,3,0
BRDA:107,0,4,2
BRDA:107,e0,5,0
BRDA:108,0,0,2
BRDA:108,e0,1,0
BRDA:108,0,2,2
BRDA:108,e0,3,0
BRDA:108,0,4,2
BRDA:108,e0,5,0
BRDA:109,0,0,2
BRDA:109,e0,1,0
BRDA:109,0,2,2
BRDA:109,e0,3,0
BRDA:109,0,4,2
BRDA:109,e0,5,0
BRDA:109,0,6,2
BRDA:109,e0,7,0
BRDA:110,0,0,2
BRDA:110,e0,1,0
BRDA:110,0,2,2
BRDA:110,e0,3,0
BRDA:110,0,4,2
BRDA:110,e0,5,0
BRDA:110,0,6,2
BRDA:110,e0,7,0
BRDA:110,0,8,2
BRDA:110,e0,9,0
BRDA:110,0,10,2
BRDA:110,e0,11,0
BRDA:110,0,12,0
BRDA:110,0,13,2
BRDA:110,0,14,2
BRDA:110,e0,15,0
BRDA:110,0,16,0
BRDA:110,e0,17,0
BRDA:110,0,18,0
BRDA:110,e0,19,0
BRDA:111,0,0,2
BRDA:111,e0,1,0
BRDA:111,0,2,2
BRDA:111,e0,3,0
BRDA:111,0,4,2
BRDA:111,e0,5,0
BRDA:111,0,6,2
BRDA:111,e0,7,0
BRDA:111,0,8,2
BRDA:111,e0,9,0
BRDA:111,0,10,2
BRDA:111,e0,11,0
BRDA:111,0,12,0
BRDA:111,0,13,2
BRDA:111,0,14,2
BRDA:111,e0,15,0
BRDA:111,0,16,0
BRDA:111,e0,17,0
BRDA:111,0,18,0
BRDA:111,e0,19,0
BRDA:112,0,0,2
BRDA:112,e0,1,0
BRDA:112,0,2,2
BRDA:112,e0,3,0
BRDA:112,0,4,2
BRDA:112,e0,5,0
BRDA:112,0,6,2
BRDA:112,e0,7,0
BRDA:112,0,8,2
BRDA:112,e0,9,0
BRDA:112,0,10,2
BRDA:112,e0,11,0
BRDA:112,0,12,0
BRDA:112,0,13,2
BRDA:112,0,14,2
BRDA:112,e0,15,0
BRDA:112,0,16,0
BRDA:112,e0,17,0
BRDA:112,0,18,0
BRDA:112,e0,19,0
BRDA:116,0,0,2
BRDA:116,e0,1,0
BRDA:119,0,0,2
BRDA:119,e0,1,0
BRDA:120,0,0,2
BRDA:120,e0,1,0
BRDA:120,0,2,2
BRDA:120,e0,3,0
BRDA:120,0,4,2
BRDA:120,e0,5,0
BRDA:122,0,0,2
BRDA:122,e0,1,0
BRDA:122,0,2,2
BRDA:122,e0,3,0
BRDA:122,0,4,2
BRDA:122,e0,5,0
BRDA:122,0,6,2
BRDA:122,e0,7,0
BRDA:122,0,8,2
BRDA:122,e0,9,0
BRDA:122,0,10,2
BRDA:122,e0,11,0
BRDA:122,0,12,2
BRDA:122,e0,13,0
BRDA:122,0,14,2
BRDA:122,e0,15,0
BRDA:122,0,16,0
BRDA:122,0,17,2
BRDA:122,0,18,2
BRDA:122,e0,19,0
BRDA:122,0,20,0
BRDA:122,e0,21,0
BRDA:122,0,22,0
BRDA:122,e0,23,0
BRDA:123,0,0,2
BRDA:123,e0,1,0
BRDA:123,0,2,2
BRDA:123,e0,3,0
BRDA:123,0,4,2
BRDA:123,e0,5,0
BRDA:123,0,6,2
BRDA:123,e0,7,0
BRDA:123,0,8,2
BRDA:123,e0,9,0
BRDA:123,0,10,2
BRDA:123,e0,11,0
BRDA:123,0,12,2
BRDA:123,e0,13,0
BRDA:123,0,14,2
BRDA:123,e0,15,0
BRDA:123,0,16,0
BRDA:123,0,17,2
BRDA:123,0,18,2
BRDA:123,e0,19,0
BRDA:123,0,20,0
BRDA:123,e0,21,0
BRDA:123,0,22,0
BRDA:123,e0,23,0
BRDA:125,0,0,2
BRDA:125,e0,1,0
BRDA:125,0,2,2
BRDA:125,e0,3,0
BRDA:125,0,4,2
BRDA:125,e0,5,0
BRDA:128,0,0,2
BRDA:128,e0,1,0
BRDA:128,0,2,2
BRDA:128,e0,3,0
BRDA:128,0,4,2
BRDA:128,e0,5,0
BRDA:129,0,0,2
BRDA:129,e0,1,0
BRDA:129,0,2,2
BRDA:129,e0,3,0
BRDA:129,0,4,2
BRDA:129,e0,5,0
BRDA:130,0,0,2
BRDA:130,e0,1,0
BRDA:130,0,2,2
BRDA:130,e0,3,0
BRDA:130,0,4,2
BRDA:130,e0,5,0
BRDA:131,0,0,2
BRDA:131,e0,1,0
BRDA:131,0,2,2
BRDA:131,e0,3,0
BRDA:131,0,4,2
BRDA:131,e0,5,0
BRDA:131,0,6,2
BRDA:131,e0,7,0
BRDA:131,0,8,2
BRDA:131,e0,9,0
BRDA:131,0,10,2
BRDA:131,e0,11,0
BRDA:131,0,12,2
BRDA:131,e0,13,0
BRDA:131,0,14,0
BRDA:131,0,15,2
BRDA:131,0,16,2
BRDA:131,e0,17,0
BRDA:131,0,18,0
BRDA:131,e0,19,0
BRDA:131,0,20,0
BRDA:131,e0,21,0
BRDA:134,0,0,2
BRDA:134,e0,1,0
BRDA:134,0,2,2
BRDA:134,e0,3,0
BRDA:134,0,4,2
BRDA:134,e0,5,0
BRDA:134,0,6,2
BRDA:134,e0,7,0
BRDA:134,0,8,2
BRDA:134,e0,9,0
BRDA:134,0,10,2
BRDA:134,e0,11,0
BRDA:134,0,12,2
BRDA:134,e0,13,0
BRDA:134,0,14,2
BRDA:134,e0,15,0
BRDA:134,0,16,2
BRDA:134,e0,17,0
BRDA:134,0,18,2
BRDA:134,e0,19,0
BRDA:134,0,20,0
BRDA:134,0,21,2
BRDA:134,0,22,2
BRDA:134,e0,23,0
BRDA:134,0,24,0
BRDA:134,e0,25,0
BRDA:134,0,26,0
BRDA:134,e0,27,0
BRDA:138,0,0,2
BRDA:138,e0,1,0
BRDA:141,0,0,2
BRDA:141,e0,1,0
BRDA:142,0,0,2
BRDA:142,e0,1,0
BRDA:142,0,2,2
BRDA:142,e0,3,0
BRDA:142,0,4,2
BRDA:142,e0,5,0
BRDA:144,0,0,2
BRDA:144,e0,1,0
BRDA:144,0,2,2
BRDA:144,e0,3,0
BRDA:144,0,4,2
BRDA:144,e0,5,0
BRDA:144,0,6,2
BRDA:144,e0,7,0
BRDA:144,0,8,2
BRDA:144,e0,9,0
BRDA:144,0,10,2
BRDA:144,e0,11,0
BRDA:144,0,12,2
BRDA:144,e0,13,0
BRDA:144,0,14,2
BRDA:144,e0,15,0
BRDA:144,0,16,0
BRDA:144,0,17,2
BRDA:144,0,18,2
BRDA:144,e0,19,0
BRDA:144,0,20,0
BRDA:144,e0,21,0
BRDA:144,0,22,0
BRDA:144,e0,23,0
BRDA:145,0,0,2
BRDA:145,e0,1,0
BRDA:145,0,2,2
BRDA:145,e0,3,0
BRDA:145,0,4,2
BRDA:145,e0,5,0
BRDA:145,0,6,2
BRDA:145,e0,7,0
BRDA:145,0,8,2
BRDA:145,e0,9,0
BRDA:145,0,10,2
BRDA:145,e0,11,0
BRDA:145,0,12,2
BRDA:145,e0,13,0
BRDA:145,0,14,2
BRDA:145,e0,15,0
BRDA:145,0,16,0
BRDA:145,0,17,2
BRDA:145,0,18,2
BRDA:145,e0,19,0
BRDA:145,0,20,0
BRDA:145,e0,21,0
BRDA:145,0,22,0
BRDA:145,e0,23,0
BRDA:147,0,0,2
BRDA:147,e0,1,0
BRDA:147,0,2,2
BRDA:147,e0,3,0
BRDA:147,0,4,2
BRDA:147,e0,5,0
BRDA:149,0,0,2
BRDA:149,e0,1,0
BRDA:149,0,2,2
BRDA:149,e0,3,0
BRDA:149,0,4,2
BRDA:149,e0,5,0
BRDA:149,0,6,2
BRDA:149,e0,7,0
BRDA:149,0,8,2
BRDA:149,e0,9,0
BRDA:149,0,10,2
BRDA:149,e0,11,0
BRDA:149,0,12,2
BRDA:149,e0,13,0
BRDA:149,0,14,0
BRDA:149,0,15,2
BRDA:149,0,16,2
BRDA:149,e0,17,0
BRDA:149,0,18,0
BRDA:149,e0,19,0
BRDA:149,0,20,0
BRDA:149,e0,21,0
BRDA:150,0,0,2
BRDA:150,e0,1,0
BRDA:150,0,2,2
BRDA:150,e0,3,0
BRDA:150,0,4,2
BRDA:150,e0,5,0
BRDA:150,0,6,2
BRDA:150,e0,7,0
BRDA:150,0,8,2
BRDA:150,e0,9,0
BRDA:150,0,10,2
BRDA:150,e0,11,0
BRDA:150,0,12,2
BRDA:150,e0,13,0
BRDA:150,0,14,0
BRDA:150,0,15,2
BRDA:150,0,16,2
BRDA:150,e0,17,0
BRDA:150,0,18,0
BRDA:150,e0,19,0
BRDA:150,0,20,0
BRDA:150,e0,21,0
BRDA:154,0,0,2
BRDA:154,e0,1,0
BRDA:157,0,0,2
BRDA:157,e0,1,0
BRDA:157,0,2,2
BRDA:157,e0,3,0
BRDA:157,0,4,2
BRDA:157,e0,5,0
BRDA:157,0,6,4
BRDA:157,0,7,2
BRDA:157,0,8,0
BRDA:157,0,9,0
BRDA:159,0,0,2
BRDA:159,e0,1,0
BRDA:159,0,2,2
BRDA:159,e0,3,0
BRDA:159,0,4,2
BRDA:159,e0,5,0
BRDA:159,0,6,6
BRDA:159,0,7,2
BRDA:159,0,8,0
BRDA:159,0,9,0
BRDA:161,0,0,2
BRDA:161,e0,1,0
BRDA:161,0,2,2
BRDA:161,e0,3,0
BRDA:161,0,4,2
BRDA:161,e0,5,0
BRDA:164,0,0,2
BRDA:164,e0,1,0
BRDA:168,0,0,2
BRDA:168,e0,1,0
BRDA:168,0,2,2
BRDA:168,e0,3,0
BRDA:168,0,4,2
BRDA:168,e0,5,0
BRDA:168,0,6,2
BRDA:168,e0,7,0
BRDA:168,0,8,2
BRDA:168,e0,9,0
BRDA:168,0,10,2
BRDA:168,e0,11,0
BRDA:168,0,12,0
BRDA:168,0,13,2
BRDA:168,0,14,2
BRDA:168,e0,15,0
BRDA:168,0,16,0
BRDA:168,e0,17,0
BRDA:168,0,18,0
BRDA:168,e0,19,0
BRDA:169,0,0,2
BRDA:169,e0,1,0
BRDA:169,0,2,2
BRDA:169,e0,3,0
BRDA:169,0,4,2
BRDA:169,e0,5,0
BRDA:169,0,6,2
BRDA:169,e0,7,0
BRDA:169,0,8,2
BRDA:169,e0,9,0
BRDA:169,0,10,2
BRDA:169,e0,11,0
BRDA:169,0,12,0
BRDA:169,0,13,2
BRDA:169,0,14,2
BRDA:169,e0,15,0
BRDA:169,0,16,0
BRDA:169,e0,17,0
BRDA:169,0,18,0
BRDA:169,e0,19,0
BRDA:170,0,0,2
BRDA:170,e0,1,0
BRDA:170,0,2,2
BRDA:170,e0,3,0
BRDA:170,0,4,2
BRDA:170,e0,5,0
BRDA:170,0,6,2
BRDA:170,e0,7,0
BRDA:170,0,8,2
BRDA:170,e0,9,0
BRDA:170,0,10,2
BRDA:170,e0,11,0
BRDA:170,0,12,2
BRDA:170,e0,13,0
BRDA:170,0,14,0
BRDA:170,0,15,2
BRDA:170,0,16,2
BRDA:170,e0,17,0
BRDA:170,0,18,0
BRDA:170,e0,19,0
BRDA:170,0,20,0
BRDA:170,e0,21,0
BRDA:171,0,0,2
BRDA:171,e0,1,0
BRDA:171,0,2,2
BRDA:171,e0,3,0
BRDA:171,0,4,2
BRDA:171,e0,5,0
BRDA:171,0,6,2
BRDA:171,e0,7,0
BRDA:171,0,8,2
BRDA:171,e0,9,0
BRDA:171,0,10,0
BRDA:171,0,11,0
BRDA:171,0,12,0
BRDA:171,0,13,0
BRDA:171,0,14,0
BRDA:171,0,15,0
BRDA:171,0,16,0
BRDA:171,0,17,0
BRDA:174,0,0,2
BRDA:174,e0,1,0
BRDA:177,0,0,2
BRDA:177,e0,1,0
BRDA:177,0,2,2
BRDA:177,e0,3,0
BRDA:177,0,4,2
BRDA:177,e0,5,0
BRDA:178,0,0,2
BRDA:178,e0,1,0
BRDA:178,0,2,2
BRDA:178,e0,3,0
BRDA:178,0,4,2
BRDA:178,e0,5,0
BRDA:179,0,0,2
BRDA:179,e0,1,0
BRDA:179,0,2,2
BRDA:179,e0,3,0
BRDA:179,0,4,2
BRDA:179,e0,5,0
BRDA:179,0,6,6
BRDA:179,0,7,2
BRDA:179,0,8,0
BRDA:179,0,9,0
BRDA:180,0,0,2
BRDA:180,e0,1,0
BRDA:180,0,2,2
BRDA:180,e0,3,0
BRDA:180,0,4,2
BRDA:180,e0,5,0
BRDA:183,0,0,2
BRDA:183,e0,1,0
BRDA:185,0,0,2
BRDA:185,e0,1,0
BRDA:185,0,2,2
BRDA:185,e0,3,0
BRDA:185,0,4,2
BRDA:185,e0,5,0
BRDA:185,0,6,2
BRDA:185,e0,7,0
BRDA:185,0,8,2
BRDA:185,e0,9,0
BRDA:185,0,10,2
BRDA:185,e0,11,0
BRDA:185,0,12,0
BRDA:185,0,13,2
BRDA:185,0,14,2
BRDA:185,e0,15,0
BRDA:185,0,16,0
BRDA:185,e0,17,0
BRDA:185,0,18,0
BRDA:185,e0,19,0
BRDA:186,0,0,2
BRDA:186,e0,1,0
BRDA:186,0,2,2
BRDA:186,e0,3,0
BRDA:186,0,4,2
BRDA:186,e0,5,0
BRDA:186,0,6,2
BRDA:186,e0,7,0
BRDA:186,0,8,2
BRDA:186,e0,9,0
BRDA:186,0,10,2
BRDA:186,e0,11,0
BRDA:186,0,12,0
BRDA:186,0,13,2
BRDA:186,0,14,2
BRDA:186,e0,15,0
BRDA:186,0,16,0
BRDA:186,e0,17,0
BRDA:186,0,18,0
BRDA:186,e0,19,0
BRDA:187,0,0,2
BRDA:187,e0,1,0
BRDA:187,0,2,2
BRDA:187,e0,3,0
BRDA:187,0,4,2
BRDA:187,e0,5,0
BRDA:187,0,6,2
BRDA:187,e0,7,0
BRDA:187,0,8,2
BRDA:187,e0,9,0
BRDA:187,0,10,2
BRDA:187,e0,11,0
BRDA:187,0,12,0
BRDA:187,0,13,2
BRDA:187,0,14,2
BRDA:187,e0,15,0
BRDA:187,0,16,0
BRDA:187,e0,17,0
BRDA:187,0,18,0
BRDA:187,e0,19,0
BRDA:188,0,0,2
BRDA:188,e0,1,0
BRDA:188,0,2,2
BRDA:188,e0,3,0
BRDA:188,0,4,2
BRDA:188,e0,5,0
BRDA:188,0,6,2
BRDA:188,e0,7,0
BRDA:188,0,8,2
BRDA:188,e0,9,0
BRDA:188,0,10,2
BRDA:188,e0,11,0
BRDA:188,0,12,0
BRDA:188,0,13,2
BRDA:188,0,14,2
BRDA:188,e0,15,0
BRDA:188,0,16,0
BRDA:188,e0,17,0
BRDA:188,0,18,0
BRDA:188,e0,19,0
BRDA:189,0,0,2
BRDA:189,e0,1,0
BRDA:189,0,2,2
BRDA:189,e0,3,0
BRDA:189,0,4,2
BRDA:189,e0,5,0
BRDA:189,0,6,2
BRDA:189,e0,7,0
BRDA:189,0,8,2
BRDA:189,e0,9,0
BRDA:189,0,10,2
BRDA:189,e0,11,0
BRDA:189,0,12,0
BRDA:189,0,13,2
BRDA:189,0,14,2
BRDA:189,e0,15,0
BRDA:189,0,16,0
BRDA:189,e0,17,0
BRDA:189,0,18,0
BRDA:189,e0,19,0
BRDA:190,0,0,2
BRDA:190,e0,1,0
BRDA:190,0,2,2
BRDA:190,e0,3,0
BRDA:190,0,4,2
BRDA:190,e0,5,0
BRDA:190,0,6,2
BRDA:190,e0,7,0
BRDA:190,0,8,2
BRDA:190,e0,9,0
BRDA:190,0,10,2
BRDA:190,e0,11,0
BRDA:190,0,12,0
BRDA:190,0,13,2
BRDA:190,0,14,2
BRDA:190,e0,15,0
BRDA:190,0,16,0
BRDA:190,e0,17,0
BRDA:190,0,18,0
BRDA:190,e0,19,0
BRDA:191,0,0,2
BRDA:191,e0,1,0
BRDA:191,0,2,2
BRDA:191,e0,3,0
BRDA:191,0,4,2
BRDA:191,e0,5,0
BRDA:191,0,6,2
BRDA:191,e0,7,0
BRDA:191,0,8,2
BRDA:191,e0,9,0
BRDA:191,0,10,2
BRDA:191,e0,11,0
BRDA:191,0,12,0
BRDA:191,0,13,2
BRDA:191,0,14,2
BRDA:191,e0,15,0
BRDA:191,0,16,0
BRDA:191,e0,17,0
BRDA:191,0,18,0
BRDA:191,e0,19,0
BRDA:192,0,0,2
BRDA:192,e0,1,0
BRDA:192,0,2,2
BRDA:192,e0,3,0
BRDA:192,0,4,2
BRDA:192,e0,5,0
BRDA:192,0,6,2
BRDA:192,e0,7,0
BRDA:192,0,8,2
BRDA:192,e0,9,0
BRDA:192,0,10,2
BRDA:192,e0,11,0
BRDA:192,0,12,0
BRDA:192,0,13,2
BRDA:192,0,14,2
BRDA:192,e0,15,0
BRDA:192,0,16,0
BRDA:192,e0,17,0
BRDA:192,0,18,0
BRDA:192,e0,19,0
BRDA:193,0,0,2
BRDA:193,e0,1,0
BRDA:193,0,2,2
BRDA:193,e0,3,0
BRDA:193,0,4,2
BRDA:193,e0,5,0
BRDA:193,0,6,2
BRDA:193,e0,7,0
BRDA:193,0,8,2
BRDA:193,e0,9,0
BRDA:193,0,10,2
BRDA:193,e0,11,0
BRDA:193,0,12,0
BRDA:193,0,13,2
BRDA:193,0,14,2
BRDA:193,e0,15,0
BRDA:193,0,16,0
BRDA:193,e0,17,0
BRDA:193,0,18,0
BRDA:193,e0,19,0
BRDA:194,0,0,2
BRDA:194,e0,1,0
BRDA:194,0,2,2
BRDA:194,e0,3,0
BRDA:194,0,4,2
BRDA:194,e0,5,0
BRDA:194,0,6,0
BRDA:194,0,7,0
BRDA:194,0,8,0
BRDA:194,0,9,0
BRDA:197,0,0,2
BRDA:197,e0,1,0
BRDA:198,0,0,2
BRDA:198,e0,1,0
BRDA:199,0,0,2
BRDA:199,e0,1,0
BRDA:199,0,2,2
BRDA:199,e0,3,0
BRDA:199,0,4,2
BRDA:199,e0,5,0
BRDA:199,0,6,2
BRDA:199,e0,7,0
BRDA:199,0,8,2
BRDA:199,e0,9,0
BRDA:199,0,10,2
BRDA:199,e0,11,0
BRDA:199,0,12,0
BRDA:199,0,13,2
BRDA:199,0,14,2
BRDA:199,e0,15,0
BRDA:199,0,16,0
BRDA:199,e0,17,0
BRDA:199,0,18,0
BRDA:199,e0,19,0
BRDA:200,0,0,2
BRDA:200,e0,1,0
BRDA:200,0,2,2
BRDA:200,e0,3,0
BRDA:200,0,4,2
BRDA:200,e0,5,0
BRDA:200,0,6,2
BRDA:200,e0,7,0
BRDA:200,0,8,2
BRDA:200,e0,9,0
BRDA:200,0,10,2
BRDA:200,e0,11,0
BRDA:200,0,12,0
BRDA:200,0,13,2
BRDA:200,0,14,2
BRDA:200,e0,15,0
BRDA:200,0,16,0
BRDA:200,e0,17,0
BRDA:200,0,18,0
BRDA:200,e0,19,0
BRDA:201,0,0,2
BRDA:201,e0,1,0
BRDA:201,0,2,2
BRDA:201,e0,3,0
BRDA:201,0,4,2
BRDA:201,e0,5,0
BRDA:201,0,6,2
BRDA:201,e0,7,0
BRDA:201,0,8,2
BRDA:201,e0,9,0
BRDA:201,0,10,2
BRDA:201,e0,11,0
BRDA:201,0,12,0
BRDA:201,0,13,2
BRDA:201,0,14,2
BRDA:201,e0,15,0
BRDA:201,0,16,0
BRDA:201,e0,17,0
BRDA:201,0,18,0
BRDA:201,e0,19,0
BRDA:202,0,0,2
BRDA:202,e0,1,0
BRDA:202,0,2,2
BRDA:202,e0,3,0
BRDA:202,0,4,2
BRDA:202,e0,5,0
BRDA:202,0,6,2
BRDA:202,e0,7,0
BRDA:202,0,8,2
BRDA:202,e0,9,0
BRDA:202,0,10,2
BRDA:202,e0,11,0
BRDA:202,0,12,0
BRDA:202,0,13,2
BRDA:202,0,14,2
BRDA:202,e0,15,0
BRDA:202,0,16,0
BRDA:202,e0,17,0
BRDA:202,0,18,0
BRDA:202,e0,19,0
BRDA:203,0,0,2
BRDA:203,e0,1,0
BRDA:203,0,2,2
BRDA:203,e0,3,0
BRDA:203,0,4,2
BRDA:203,e0,5,0
BRDA:203,0,6,2
BRDA:203,e0,7,0
BRDA:203,0,8,2
BRDA:203,e0,9,0
BRDA:203,0,10,2
BRDA:203,e0,11,0
BRDA:203,0,12,0
BRDA:203,0,13,2
BRDA:203,0,14,2
BRDA:203,e0,15,0
BRDA:203,0,16,0
BRDA:203,e0,17,0
BRDA:203,0,18,0
BRDA:203,e0,19,0
BRDA:207,0,0,2
BRDA:207,e0,1,0
BRDA:207,0,2,2
BRDA:207,e0,3,0
BRDA:207,0,4,2
BRDA:207,e0,5,0
BRDA:207,0,6,2
BRDA:207,e0,7,0
BRDA:207,0,8,2
BRDA:207,e0,9,0
BRDA:207,0,10,2
BRDA:207,e0,11,0
BRDA:207,0,12,2
BRDA:207,e0,13,0
BRDA:207,0,14,2
BRDA:207,e0,15,0
BRDA:207,0,16,0
BRDA:207,0,17,2
BRDA:207,0,18,2
BRDA:207,e0,19,0
BRDA:207,0,20,0
BRDA:207,e0,21,0
BRDA:207,0,22,0
BRDA:207,e0,23,0
BRDA:208,0,0,2
BRDA:208,e0,1,0
BRDA:208,0,2,2
BRDA:208,e0,3,0
BRDA:208,0,4,2
BRDA:208,e0,5,0
BRDA:208,0,6,2
BRDA:208,e0,7,0
BRDA:208,0,8,2
BRDA:208,e0,9,0
BRDA:208,0,10,2
BRDA:208,e0,11,0
BRDA:208,0,12,2
BRDA:208,e0,13,0
BRDA:208,0,14,2
BRDA:208,e0,15,0
BRDA:208,0,16,0
BRDA:208,0,17,2
BRDA:208,0,18,2
BRDA:208,e0,19,0
BRDA:208,0,20,0
BRDA:208,e0,21,0
BRDA:208,0,22,0
BRDA:208,e0,23,0
BRDA:209,0,0,2
BRDA:209,e0,1,0
BRDA:209,0,2,2
BRDA:209,e0,3,0
BRDA:209,0,4,2
BRDA:209,e0,5,0
BRDA:209,0,6,2
BRDA:209,e0,7,0
BRDA:209,0,8,2
BRDA:209,e0,9,0
BRDA:209,0,10,2
BRDA:209,e0,11,0
BRDA:209,0,12,2
BRDA:209,e0,13,0
BRDA:209,0,14,2
BRDA:209,e0,15,0
BRDA:209,0,16,0
BRDA:209,0,17,2
BRDA:209,0,18,2
BRDA:209,e0,19,0
BRDA:209,0,20,0
BRDA:209,e0,21,0
BRDA:209,0,22,0
BRDA:209,e0,23,0
BRDA:210,0,0,2
BRDA:210,e0,1,0
BRDA:210,0,2,2
BRDA:210,e0,3,0
BRDA:210,0,4,2
BRDA:210,e0,5,0
BRDA:210,0,6,2
BRDA:210,e0,7,0
BRDA:210,0,8,2
BRDA:210,e0,9,0
BRDA:210,0,10,2
BRDA:210,e0,11,0
BRDA:210,0,12,2
BRDA:210,e0,13,0
BRDA:210,0,14,2
BRDA:210,e0,15,0
BRDA:210,0,16,0
BRDA:210,0,17,2
BRDA:210,0,18,2
BRDA:210,e0,19,0
BRDA:210,0,20,0
BRDA:210,e0,21,0
BRDA:210,0,22,0
BRDA:210,e0,23,0
BRDA:214,0,0,2
BRDA:214,e0,1,0
BRDA:216,0,0,2
BRDA:216,e0,1,0
BRDA:217,0,0,2
BRDA:217,e0,1,0
BRDA:217,0,2,2
BRDA:217,e0,3,0
BRDA:217,0,4,2
BRDA:217,e0,5,0
BRDA:217,0,6,2
BRDA:217,e0,7,0
BRDA:217,0,8,2
BRDA:217,e0,9,0
BRDA:217,0,10,2
BRDA:217,e0,11,0
BRDA:217,0,12,0
BRDA:217,0,13,2
BRDA:217,0,14,2
BRDA:217,e0,15,0
BRDA:217,0,16,0
BRDA:217,e0,17,0
BRDA:217,0,18,0
BRDA:217,e0,19,0
BRDA:221,0,0,2
BRDA:221,e0,1,0
BRDA:222,0,0,2
BRDA:222,e0,1,0
BRDA:224,0,0,2
BRDA:224,e0,1,0
BRDA:224,0,2,2
BRDA:224,e0,3,0
BRDA:224,0,4,0
BRDA:224,0,5,0
BRDA:225,0,0,2
BRDA:225,e0,1,0
BRDA:227,0,0,2
BRDA:227,e0,1,0
BRDA:227,0,2,2
BRDA:227,e0,3,0
BRDA:227,0,4,2
BRDA:227,e0,5,0
BRDA:227,0,6,2
BRDA:227,e0,7,0
BRDA:227,0,8,2
BRDA:227,e0,9,0
BRDA:227,0,10,2
BRDA:227,e0,11,0
BRDA:227,0,12,0
BRDA:227,0,13,2
BRDA:227,0,14,2
BRDA:227,e0,15,0
BRDA:227,0,16,0
BRDA:227,e0,17,0
BRDA:227,0,18,0
BRDA:227,e0,19,0
BRDA:232,0,0,2
BRDA:232,e0,1,0
BRDA:232,0,2,2
BRDA:232,e0,3,0
BRDA:232,0,4,2
BRDA:232,e0,5,0
BRDA:233,0,0,2
BRDA:233,e0,1,0
BRDA:233,0,2,2
BRDA:233,e0,3,0
BRDA:233,0,4,2
BRDA:233,e0,5,0
BRDA:234,0,0,2
BRDA:234,e0,1,0
BRDA:234,0,2,2
BRDA:234,e0,3,0
BRDA:234,0,4,2
BRDA:234,e0,5,0
BRDA:234,0,6,6
BRDA:234,0,7,2
BRDA:234,0,8,0
BRDA:234,0,9,0
BRDA:235,0,0,2
BRDA:235,e0,1,0
BRDA:235,0,2,2
BRDA:235,e0,3,0
BRDA:235,0,4,2
BRDA:235,e0,5,0
BRDA:240,0,0,2
BRDA:240,e0,1,0
BRDA:240,0,2,2
BRDA:240,e0,3,0
BRDA:240,0,4,2
BRDA:240,e0,5,0
BRDA:240,0,6,2
BRDA:240,e0,7,0
BRDA:240,0,8,2
BRDA:240,e0,9,0
BRDA:240,0,10,2
BRDA:240,e0,11,0
BRDA:240,0,12,0
BRDA:240,0,13,2
BRDA:240,0,14,2
BRDA:240,e0,15,0
BRDA:240,0,16,0
BRDA:240,e0,17,0
BRDA:240,0,18,0
BRDA:240,e0,19,0
BRDA:241,0,0,2
BRDA:241,e0,1,0
BRDA:241,0,2,2
BRDA:241,e0,3,0
BRDA:241,0,4,2
BRDA:241,e0,5,0
BRDA:241,0,6,0
BRDA:241,0,7,0
BRDA:241,0,8,0
BRDA:241,0,9,0
BRDA:245,0,0,2
BRDA:245,e0,1,0
BRDA:245,0,2,2
BRDA:245,e0,3,0
BRDA:245,0,4,2
BRDA:245,e0,5,0
BRDA:246,0,0,2
BRDA:246,e0,1,0
BRDA:246,0,2,2
BRDA:246,e0,3,0
BRDA:246,0,4,2
BRDA:246,e0,5,0
BRDA:247,0,0,2
BRDA:247,e0,1,0
BRDA:247,0,2,2
BRDA:247,e0,3,0
BRDA:247,0,4,2
BRDA:247,e0,5,0
BRDA:247,0,6,6
BRDA:247,0,7,2
BRDA:247,0,8,0
BRDA:247,0,9,0
BRDA:248,0,0,2
BRDA:248,e0,1,0
BRDA:248,0,2,2
BRDA:248,e0,3,0
BRDA:248,0,4,2
BRDA:248,e0,5,0
BRDA:253,0,0,2
BRDA:253,e0,1,0
BRDA:253,0,2,2
BRDA:253,e0,3,0
BRDA:253,0,4,2
BRDA:253,e0,5,0
BRDA:253,0,6,2
BRDA:253,e0,7,0
BRDA:253,0,8,2
BRDA:253,e0,9,0
BRDA:253,0,10,2
BRDA:253,e0,11,0
BRDA:253,0,12,0
BRDA:253,0,13,2
BRDA:253,0,14,2
BRDA:253,e0,15,0
BRDA:253,0,16,0
BRDA:253,e0,17,0
BRDA:253,0,18,0
BRDA:253,e0,19,0
BRDA:254,0,0,2
BRDA:254,e0,1,0
BRDA:254,0,2,2
BRDA:254,e0,3,0
BRDA:254,0,4,2
BRDA:254,e0,5,0
BRDA:254,0,6,0
BRDA:254,0,7,0
BRDA:254,0,8,0
BRDA:254,0,9,0
BRDA:258,0,0,2
BRDA:258,e0,1,0
BRDA:258,0,2,2
BRDA:258,e0,3,0
BRDA:258,0,4,2
BRDA:258,e0,5,0
BRDA:259,0,0,2
BRDA:259,e0,1,0
BRDA:259,0,2,2
BRDA:259,e0,3,0
BRDA:259,0,4,2
BRDA:259,e0,5,0
BRDA:260,0,0,2
BRDA:260,e0,1,0
BRDA:260,0,2,2
BRDA:260,e0,3,0
BRDA:260,0,4,2
BRDA:260,e0,5,0
BRDA:260,0,6,6
BRDA:260,0,7,2
BRDA:260,0,8,0
BRDA:260,0,9,0
BRDA:261,0,0,2
BRDA:261,e0,1,0
BRDA:261,0,2,2
BRDA:261,e0,3,0
BRDA:261,0,4,2
BRDA:261,e0,5,0
BRDA:267,0,0,2
BRDA:267,e0,1,0
BRDA:267,0,2,2
BRDA:267,e0,3,0
BRDA:267,0,4,2
BRDA:267,e0,5,0
BRDA:267,0,6,2
BRDA:267,e0,7,0
BRDA:267,0,8,2
BRDA:267,e0,9,0
BRDA:267,0,10,2
BRDA:267,e0,11,0
BRDA:267,0,12,0
BRDA:267,0,13,2
BRDA:267,0,14,2
BRDA:267,e0,15,0
BRDA:267,0,16,0
BRDA:267,e0,17,0
BRDA:267,0,18,0
BRDA:267,e0,19,0
BRDA:268,0,0,2
BRDA:268,e0,1,0
BRDA:268,0,2,2
BRDA:268,e0,3,0
BRDA:268,0,4,2
BRDA:268,e0,5,0
BRDA:268,0,6,0
BRDA:268,0,7,0
BRDA:268,0,8,0
BRDA:268,0,9,0
BRDA:271,0,0,2
BRDA:271,e0,1,0
BRDA:272,0,0,2
BRDA:272,e0,1,0
BRDA:275,0,0,2
BRDA:275,e0,1,0
BRDA:276,0,0,2
BRDA:276,e0,1,0
BRDA:276,0,2,2
BRDA:276,e0,3,0
BRDA:278,0,0,2
BRDA:278,e0,1,0
BRDA:278,0,2,2
BRDA:278,e0,3,0
BRDA:278,0,4,2
BRDA:278,e0,5,0
BRDA:278,0,6,2
BRDA:278,e0,7,0
BRDA:278,0,8,2
BRDA:278,e0,9,0
BRDA:278,0,10,2
BRDA:278,e0,11,0
BRDA:278,0,12,0
BRDA:278,0,13,2
BRDA:278,0,14,2
BRDA:278,e0,15,0
BRDA:278,0,16,0
BRDA:278,e0,17,0
BRDA:278,0,18,0
BRDA:278,e0,19,0
BRDA:284,0,0,2
BRDA:284,e0,1,0
BRDA:284,0,2,2
BRDA:284,e0,3,0
BRDA:284,0,4,2
BRDA:284,e0,5,0
BRDA:285,0,0,2
BRDA:285,e0,1,0
BRDA:285,0,2,2
BRDA:285,e0,3,0
BRDA:285,0,4,2
BRDA:285,e0,5,0
BRDA:286,0,0,2
BRDA:286,e0,1,0
BRDA:286,0,2,2
BRDA:286,e0,3,0
BRDA:286,0,4,2
BRDA:286,e0,5,0
BRDA:287,0,0,2
BRDA:287,e0,1,0
BRDA:287,0,2,2
BRDA:287,e0,3,0
BRDA:287,0,4,2
BRDA:287,e0,5,0
BRDA:289,0,0,2
BRDA:289,e0,1,0
BRDA:289,0,2,2
BRDA:289,e0,3,0
BRDA:289,0,4,2
BRDA:289,e0,5,0
BRDA:289,0,6,2
BRDA:289,e0,7,0
BRDA:289,0,8,2
BRDA:289,e0,9,0
BRDA:289,0,10,2
BRDA:289,e0,11,0
BRDA:289,0,12,2
BRDA:289,e0,13,0
BRDA:289,0,14,0
BRDA:289,0,15,2
BRDA:289,0,16,2
BRDA:289,e0,17,0
BRDA:289,0,18,0
BRDA:289,e0,19,0
BRDA:289,0,20,0
BRDA:289,e0,21,0
BRDA:290,0,0,2
BRDA:290,e0,1,0
BRDA:290,0,2,2
BRDA:290,e0,3,0
BRDA:290,0,4,2
BRDA:290,e0,5,0
BRDA:290,0,6,2
BRDA:290,e0,7,0
BRDA:290,0,8,2
BRDA:290,e0,9,0
BRDA:290,0,10,2
BRDA:290,e0,11,0
BRDA:290,0,12,2
BRDA:290,e0,13,0
BRDA:290,0,14,2
BRDA:290,e0,15,0
BRDA:290,0,16,2
BRDA:290,e0,17,0
BRDA:290,0,18,2
BRDA:290,e0,19,0
BRDA:290,0,20,2
BRDA:290,e0,21,0
BRDA:290,0,22,2
BRDA:290,e0,23,0
BRDA:290,0,24,2
BRDA:290,e0,25,0
BRDA:290,0,26,0
BRDA:290,0,27,2
BRDA:290,0,28,2
BRDA:290,e0,29,0
BRDA:290,0,30,0
BRDA:290,e0,31,0
BRDA:290,0,32,0
BRDA:290,e0,33,0
BRDA:297,0,0,2
BRDA:297,e0,1,0
BRDA:297,0,2,2
BRDA:297,e0,3,0
BRDA:297,0,4,0
BRDA:297,e0,5,2
BRDA:299,0,0,-
BRDA:299,e0,1,-
BRDA:299,0,2,-
BRDA:299,e0,3,-
BRDA:299,0,4,-
BRDA:299,e0,5,-
BRDA:299,0,6,-
BRDA:299,0,7,-
BRDA:299,0,8,-
BRDA:299,e0,9,-
BRDA:300,0,0,0
BRDA:300,0,1,2
BRDA:301,0,0,2
BRDA:301,e0,1,0
BRDA:301,0,2,2
BRDA:301,e0,3,0
BRDA:301,0,4,2
BRDA:301,e0,5,0
BRDA:301,0,6,2
BRDA:301,e0,7,0
BRDA:301,0,8,2
BRDA:301,e0,9,0
BRDA:301,0,10,2
BRDA:301,e0,11,0
BRDA:301,0,12,2
BRDA:301,e0,13,0
BRDA:301,0,14,0
BRDA:301,0,15,2
BRDA:301,0,16,2
BRDA:301,e0,17,0
BRDA:301,0,18,0
BRDA:301,e0,19,0
BRDA:301,0,20,0
BRDA:301,e0,21,0
BRDA:308,0,0,2
BRDA:308,e0,1,0
BRDA:308,0,2,2
BRDA:308,e0,3,0
BRDA:308,0,4,0
BRDA:308,e0,5,2
BRDA:309,0,0,-
BRDA:309,e0,1,-
BRDA:309,0,2,-
BRDA:309,e0,3,-
BRDA:309,0,4,-
BRDA:309,e0,5,-
BRDA:309,0,6,-
BRDA:309,0,7,-
BRDA:309,0,8,-
BRDA:309,e0,9,-
BRDA:310,0,0,0
BRDA:310,0,1,2
BRDA:311,0,0,2
BRDA:311,e0,1,0
BRDA:311,0,2,2
BRDA:311,e0,3,0
BRDA:311,0,4,2
BRDA:311,e0,5,0
BRDA:311,0,6,2
BRDA:311,e0,7,0
BRDA:311,0,8,2
BRDA:311,e0,9,0
BRDA:311,0,10,2
BRDA:311,e0,11,0
BRDA:311,0,12,2
BRDA:311,e0,13,0
BRDA:311,0,14,0
BRDA:311,0,15,2
BRDA:311,0,16,2
BRDA:311,e0,17,0
BRDA:311,0,18,0
BRDA:311,e0,19,0
BRDA:311,0,20,0
BRDA:311,e0,21,0
BRDA:317,0,0,2
BRDA:317,e0,1,0
BRDA:317,0,2,2
BRDA:317,e0,3,0
BRDA:317,0,4,2
BRDA:317,e0,5,0
BRDA:318,0,0,2
BRDA:318,e0,1,0
BRDA:318,0,2,2
BRDA:318,e0,3,0
BRDA:318,0,4,2
BRDA:318,e0,5,0
BRDA:320,0,0,2
BRDA:320,e0,1,0
BRDA:320,0,2,2
BRDA:320,e0,3,0
BRDA:320,0,4,2
BRDA:320,e0,5,0
BRDA:320,0,6,2
BRDA:320,e0,7,0
BRDA:320,0,8,2
BRDA:320,e0,9,0
BRDA:320,0,10,2
BRDA:320,e0,11,0
BRDA:320,0,12,0
BRDA:320,0,13,2
BRDA:320,0,14,2
BRDA:320,e0,15,0
BRDA:320,0,16,0
BRDA:320,e0,17,0
BRDA:320,0,18,0
BRDA:320,e0,19,0
BRF:1902
BRH:798
DA:7,40
DA:8,40
DA:9,80
DA:10,80
DA:11,80
DA:12,80
DA:13,80
DA:14,80
DA:15,40
DA:16,40
DA:18,2
DA:19,2
DA:20,2
DA:21,6
DA:22,6
DA:23,2
DA:24,2
DA:25,2
DA:26,2
DA:27,2
DA:29,2
DA:30,2
DA:31,2
DA:32,10
DA:33,2
DA:34,2
DA:35,2
DA:36,2
DA:37,2
DA:39,2
DA:40,2
DA:41,2
DA:42,8
DA:43,10
DA:44,2
DA:45,2
DA:46,2
DA:47,2
DA:48,2
DA:50,2
DA:51,2
DA:52,2
DA:53,10
DA:59,2
DA:61,2
DA:62,2
DA:63,2
DA:64,10
DA:65,2
DA:66,2
DA:67,2
DA:68,2
DA:69,2
DA:71,2
DA:72,2
DA:73,2
DA:74,8
DA:75,10
DA:76,2
DA:77,2
DA:78,2
DA:79,2
DA:80,2
DA:82,2
DA:83,2
DA:84,2
DA:85,10
DA:91,2
DA:93,2
DA:94,2
DA:95,2
DA:96,8
DA:97,10
DA:98,2
DA:99,2
DA:100,2
DA:101,2
DA:102,2
DA:104,2
DA:105,2
DA:106,2
DA:107,8
DA:108,10
DA:109,2
DA:110,2
DA:111,2
DA:112,2
DA:113,2
DA:115,2
DA:116,2
DA:119,4
DA:120,6
DA:122,6
DA:123,6
DA:125,4
DA:128,2
DA:129,4
DA:130,4
DA:131,2
DA:134,6
DA:135,2
DA:137,2
DA:138,2
DA:141,4
DA:142,6
DA:144,6
DA:145,6
DA:147,2
DA:149,2
DA:150,2
DA:151,2
DA:153,2
DA:154,2
DA:157,12
DA:159,14
DA:161,2
DA:163,2
DA:164,2
DA:168,2
DA:169,2
DA:170,2
DA:171,12
DA:173,2
DA:174,2
DA:177,8
DA:178,8
DA:179,14
DA:180,2
DA:182,2
DA:183,2
DA:185,2
DA:186,2
DA:187,2
DA:188,2
DA:189,2
DA:190,2
DA:191,2
DA:192,2
DA:193,2
DA:194,8
DA:196,2
DA:197,2
DA:198,2
DA:199,2
DA:200,2
DA:201,2
DA:202,2
DA:203,2
DA:204,2
DA:206,2
DA:207,6
DA:208,6
DA:209,6
DA:210,6
DA:211,2
DA:213,2
DA:214,4
DA:216,2
DA:217,2
DA:218,2
DA:220,2
DA:221,4
DA:222,2
DA:224,6
DA:225,2
DA:227,2
DA:228,2
DA:230,2
DA:231,2
DA:232,8
DA:233,8
DA:234,14
DA:235,2
DA:238,2
DA:240,2
DA:241,8
DA:243,2
DA:244,2
DA:245,8
DA:246,8
DA:247,14
DA:248,2
DA:251,2
DA:253,2
DA:254,8
DA:256,2
DA:257,2
DA:258,8
DA:259,8
DA:260,14
DA:261,2
DA:265,2
DA:267,2
DA:268,8
DA:270,2
DA:271,2
DA:272,4
DA:273,2
DA:274,2
DA:275,4
DA:276,2
DA:278,2
DA:279,2
DA:281,2
DA:282,2
DA:284,8
DA:285,10
DA:286,4
DA:287,2
DA:289,2
DA:290,10
DA:291,2
DA:293,2
DA:294,2
DA:297,10
DA:299,0
DA:300,2
DA:301,6
DA:302,2
DA:303,2
DA:305,2
DA:306,2
DA:308,10
DA:309,0
DA:310,2
DA:311,6
DA:312,2
DA:313,2
DA:315,2
DA:316,2
DA:317,8
DA:318,8
DA:319,2
DA:320,2
DA:321,2
LF:235
LH:233
end_of_record
